{"level":"info","message":"POST /users","timestamp":"2024-12-07T20:53:09.512Z"}
{"level":"info","message":"GET /","timestamp":"2024-12-07T20:59:00.203Z"}
{"level":"info","message":"GET /swagger-ui.css","timestamp":"2024-12-07T20:59:00.228Z"}
{"level":"info","message":"GET /swagger-ui-bundle.js","timestamp":"2024-12-07T20:59:00.230Z"}
{"level":"info","message":"GET /swagger-ui-standalone-preset.js","timestamp":"2024-12-07T20:59:00.232Z"}
{"level":"info","message":"GET /swagger-ui-init.js","timestamp":"2024-12-07T20:59:00.233Z"}
{"level":"info","message":"GET /","timestamp":"2024-12-07T21:02:21.913Z"}
{"level":"info","message":"GET /swagger-ui.css","timestamp":"2024-12-07T21:02:21.928Z"}
{"level":"info","message":"GET /swagger-ui-bundle.js","timestamp":"2024-12-07T21:02:21.931Z"}
{"level":"info","message":"GET /swagger-ui-standalone-preset.js","timestamp":"2024-12-07T21:02:21.931Z"}
{"level":"info","message":"GET /swagger-ui-init.js","timestamp":"2024-12-07T21:02:21.932Z"}
{"level":"info","message":"GET /favicon-32x32.png","timestamp":"2024-12-07T21:02:22.033Z"}
{"level":"info","message":"GET /","timestamp":"2024-12-07T21:15:53.673Z"}
{"level":"info","message":"GET /swagger-ui.css","timestamp":"2024-12-07T21:15:53.691Z"}
{"level":"info","message":"GET /swagger-ui-bundle.js","timestamp":"2024-12-07T21:15:53.692Z"}
{"level":"info","message":"GET /swagger-ui-standalone-preset.js","timestamp":"2024-12-07T21:15:53.694Z"}
{"level":"info","message":"GET /swagger-ui-init.js","timestamp":"2024-12-07T21:15:53.695Z"}
{"level":"info","message":"GET /favicon-32x32.png","timestamp":"2024-12-07T21:15:53.846Z"}
{"level":"info","message":"POST /users","timestamp":"2024-12-07T21:17:28.802Z"}
{"level":"info","message":"POST /users","timestamp":"2024-12-07T21:18:28.512Z"}
{"level":"info","message":"POST /users","timestamp":"2024-12-07T21:19:04.027Z"}
{"level":"info","message":"POST /users","timestamp":"2024-12-07T21:19:18.792Z"}
{"level":"info","message":"GET /users","timestamp":"2024-12-07T21:20:58.851Z"}
{"level":"info","message":"GET /users/6754b5b57272b861d48270a1","timestamp":"2024-12-07T21:21:21.767Z"}
{"level":"info","message":"GET /users/6754b5b57272b861d48270a","timestamp":"2024-12-07T21:21:27.106Z"}
{"level":"info","message":"PUT /users/6754b5b57272b861d48270a1","timestamp":"2024-12-07T21:22:18.032Z"}
{"level":"info","message":"GET /users","timestamp":"2024-12-07T21:22:32.596Z"}
{"level":"info","message":"POST /users/login","timestamp":"2024-12-07T21:24:40.891Z"}
{"level":"info","message":"POST /users/login","timestamp":"2024-12-07T21:27:27.924Z"}
{"level":"info","message":"POST /users/login","timestamp":"2024-12-07T21:28:21.859Z"}
{"level":"info","message":"POST /users/login","timestamp":"2024-12-07T21:30:56.657Z"}
{"level":"info","message":"POST /users/login","timestamp":"2024-12-07T21:33:57.610Z"}
{"level":"info","message":"POST /users/login","timestamp":"2024-12-07T21:38:53.102Z"}
{"level":"info","message":"POST /users/login","timestamp":"2024-12-07T21:39:14.067Z"}
{"level":"info","message":"POST /users/login","timestamp":"2024-12-07T21:42:57.793Z"}
{"level":"info","message":"POST /users/token","timestamp":"2024-12-07T21:43:06.114Z"}
{"level":"info","message":"POST /users/token","timestamp":"2024-12-07T21:44:01.047Z"}
{"level":"info","message":"POST /users/token","timestamp":"2024-12-07T21:45:14.165Z"}
{"level":"info","message":"POST /users/login","timestamp":"2024-12-07T21:46:08.423Z"}
{"level":"info","message":"POST /users/token","timestamp":"2024-12-07T21:46:21.172Z"}
{"level":"info","message":"POST /users/token","timestamp":"2024-12-07T21:48:54.266Z"}
{"level":"info","message":"POST /users/login","timestamp":"2024-12-07 18:53:29"}
{"level":"info","message":"POST /users/token","timestamp":"2024-12-07 18:53:39"}
{"level":"info","message":"POST /users/login","timestamp":"2024-12-07 18:57:18"}
{"level":"info","message":"POST /users/token","timestamp":"2024-12-07 18:57:26"}
