{"level":"info","message":"GET /cars","timestamp":"2024-12-24 00:30:42"}
{"level":"info","message":"GET /cars","timestamp":"2024-12-24 00:34:33"}
{"level":"info","message":"GET /cars","timestamp":"2024-12-24 00:34:59"}
{"level":"info","message":"GET /cars","timestamp":"2024-12-24 00:38:29"}
{"level":"info","message":"GET /cars","timestamp":"2024-12-24 00:39:41"}
{"level":"info","message":"GET /cars","timestamp":"2024-12-24 00:40:24"}
{"level":"info","message":"GET /cars","timestamp":"2024-12-24 00:42:23"}
{"level":"info","message":"GET /cars?limit=6","timestamp":"2024-12-24 15:02:24"}
{"level":"info","message":"GET /cars","timestamp":"2024-12-24 15:02:32"}
{"level":"info","message":"GET /cars?page=2","timestamp":"2024-12-24 15:02:35"}
{"level":"info","message":"GET /cars?page=1","timestamp":"2024-12-24 15:02:36"}
{"level":"info","message":"GET /cars?page=2","timestamp":"2024-12-24 15:02:42"}
{"level":"info","message":"GET /cars?page=1","timestamp":"2024-12-24 15:02:48"}
{"level":"info","message":"GET /cars?page=2","timestamp":"2024-12-24 15:03:11"}
{"level":"info","message":"GET /cars?page=1","timestamp":"2024-12-24 15:03:12"}
{"level":"info","message":"GET /cars?limit=6","timestamp":"2024-12-24 15:03:20"}
{"level":"info","message":"GET /cars?limit=6","timestamp":"2024-12-24 15:14:33"}
{"level":"info","message":"GET /cars?limit=6","timestamp":"2024-12-24 15:16:41"}
{"level":"info","message":"GET /cars?limit=6","timestamp":"2024-12-24 15:16:41"}
{"level":"info","message":"GET /cars","timestamp":"2024-12-24 15:16:43"}
{"level":"info","message":"GET /cars?limit=6","timestamp":"2024-12-24 15:16:59"}
{"level":"info","message":"GET /cars","timestamp":"2024-12-24 15:17:15"}
{"level":"info","message":"GET /cars?page=2","timestamp":"2024-12-24 15:17:18"}
{"level":"info","message":"GET /cars?page=1","timestamp":"2024-12-24 15:17:21"}
{"level":"info","message":"GET /cars?limit=6","timestamp":"2024-12-24 15:17:29"}
{"level":"info","message":"GET /cars","timestamp":"2024-12-24 15:17:34"}
{"level":"info","message":"GET /cars?limit=6","timestamp":"2024-12-24 15:17:36"}
{"level":"info","message":"GET /cars","timestamp":"2024-12-24 15:17:45"}
{"level":"info","message":"GET /cars?limit=6","timestamp":"2024-12-24 15:18:13"}
{"level":"info","message":"GET /cars","timestamp":"2024-12-24 15:18:47"}
{"level":"info","message":"GET /cars?page=2","timestamp":"2024-12-24 15:18:58"}
{"level":"info","message":"GET /cars?page=1","timestamp":"2024-12-24 15:19:03"}
{"level":"info","message":"GET /cars?brand=Jeep","timestamp":"2024-12-24 15:19:27"}
{"level":"info","message":"GET /cars?limit=4","timestamp":"2024-12-24 15:19:42"}
{"level":"info","message":"GET /cars?limit=4&page=2","timestamp":"2024-12-24 15:19:46"}
{"level":"info","message":"GET /cars?limit=4&page=3","timestamp":"2024-12-24 15:19:48"}
{"level":"info","message":"GET /cars?limit=4&page=4","timestamp":"2024-12-24 15:19:52"}
{"level":"info","message":"GET /cars","timestamp":"2024-12-24 15:20:14"}
{"level":"info","message":"POST /users/login","timestamp":"2024-12-24 15:20:22"}
{"level":"info","message":"GET /cars?limit=6","timestamp":"2024-12-24 15:20:22"}
{"level":"info","message":"GET /cars?limit=6","timestamp":"2024-12-24 15:24:26"}
{"level":"info","message":"POST /users/login","timestamp":"2024-12-24 15:24:31"}
{"level":"info","message":"GET /cars?limit=6","timestamp":"2024-12-24 15:24:31"}
{"level":"info","message":"GET /cars?limit=6","timestamp":"2024-12-24 15:24:34"}
{"level":"info","message":"POST /users/login","timestamp":"2024-12-24 15:24:41"}
{"level":"info","message":"GET /cars?limit=6","timestamp":"2024-12-24 15:24:41"}
{"level":"info","message":"GET /cars?limit=6","timestamp":"2024-12-24 15:26:35"}
{"level":"info","message":"POST /users/login","timestamp":"2024-12-24 15:26:40"}
{"level":"info","message":"GET /cars?limit=6","timestamp":"2024-12-24 15:26:40"}
{"level":"info","message":"GET /cars?limit=6","timestamp":"2024-12-24 15:27:49"}
{"level":"info","message":"POST /users/login","timestamp":"2024-12-24 15:27:53"}
{"level":"info","message":"GET /cars?limit=6","timestamp":"2024-12-24 15:27:53"}
{"level":"info","message":"GET /cars?limit=6","timestamp":"2024-12-24 15:28:32"}
{"level":"info","message":"POST /users/login","timestamp":"2024-12-24 15:28:38"}
{"level":"info","message":"GET /cars?limit=6","timestamp":"2024-12-24 15:28:38"}
{"level":"info","message":"GET /cars?limit=6","timestamp":"2024-12-24 15:30:04"}
{"level":"info","message":"POST /users/login","timestamp":"2024-12-24 15:30:09"}
{"level":"info","message":"GET /cars?limit=6","timestamp":"2024-12-24 15:30:09"}
{"level":"info","message":"GET /cars","timestamp":"2024-12-24 15:30:12"}
{"level":"info","message":"GET /cars","timestamp":"2024-12-24 15:30:14"}
{"level":"info","message":"GET /cars?limit=6","timestamp":"2024-12-24 15:30:19"}
{"level":"info","message":"POST /users/login","timestamp":"2024-12-24 15:31:08"}
{"level":"info","message":"GET /cars?limit=6","timestamp":"2024-12-24 15:31:08"}
{"level":"info","message":"GET /cars?limit=6","timestamp":"2024-12-24 15:32:29"}
{"level":"info","message":"POST /users/login","timestamp":"2024-12-24 15:32:34"}
{"level":"info","message":"GET /cars?limit=6","timestamp":"2024-12-24 15:32:34"}
{"level":"info","message":"GET /cars?limit=6","timestamp":"2024-12-24 15:33:01"}
{"level":"info","message":"POST /users/login","timestamp":"2024-12-24 15:33:05"}
{"level":"info","message":"GET /cars?limit=6","timestamp":"2024-12-24 15:33:06"}
{"level":"info","message":"GET /cars?limit=6","timestamp":"2024-12-24 15:35:07"}
{"level":"info","message":"GET /cars?limit=6","timestamp":"2024-12-24 15:36:17"}
{"level":"info","message":"GET /cars","timestamp":"2024-12-24 15:36:21"}
{"level":"info","message":"GET /cars","timestamp":"2024-12-24 19:52:13"}
{"level":"info","message":"GET /cars?limit=6","timestamp":"2024-12-24 19:52:14"}
{"level":"info","message":"GET /cars","timestamp":"2024-12-24 19:55:42"}
{"level":"info","message":"GET /cars?page=2","timestamp":"2024-12-24 19:55:46"}
{"level":"info","message":"GET /cars","timestamp":"2024-12-24 19:55:52"}
{"level":"info","message":"GET /cars","timestamp":"2024-12-24 20:02:07"}
{"level":"info","message":"GET /cars","timestamp":"2024-12-24 20:09:09"}
{"level":"info","message":"GET /cars","timestamp":"2024-12-24 20:09:12"}
{"level":"info","message":"GET /cars","timestamp":"2024-12-24 20:09:51"}
{"level":"info","message":"GET /cars","timestamp":"2024-12-24 20:17:52"}
{"level":"info","message":"GET /cars","timestamp":"2024-12-24 20:17:56"}
{"level":"info","message":"GET /cars","timestamp":"2024-12-24 20:18:29"}
{"level":"info","message":"GET /cars","timestamp":"2024-12-24 20:18:44"}
{"level":"info","message":"GET /cars","timestamp":"2024-12-24 20:19:26"}
{"level":"info","message":"GET /cars?maxPrice=1000&page=2","timestamp":"2024-12-24 20:19:36"}
{"level":"info","message":"GET /cars?maxPrice=1000&page=1","timestamp":"2024-12-24 20:19:38"}
{"level":"info","message":"GET /cars?maxPrice=1000&page=2","timestamp":"2024-12-24 20:19:39"}
{"level":"info","message":"GET /cars?maxPrice=1000&page=1","timestamp":"2024-12-24 20:19:39"}
{"level":"info","message":"GET /cars?maxPrice=1000&page=2","timestamp":"2024-12-24 20:19:40"}
{"level":"info","message":"GET /cars?maxPrice=1000&page=1","timestamp":"2024-12-24 20:19:41"}
{"level":"info","message":"GET /cars?maxPrice=1000&page=2","timestamp":"2024-12-24 20:19:41"}
{"level":"info","message":"GET /cars?maxPrice=1000&page=1","timestamp":"2024-12-24 20:19:41"}
{"level":"info","message":"GET /cars?maxPrice=1000&page=2","timestamp":"2024-12-24 20:19:42"}
{"level":"info","message":"GET /cars?maxPrice=1000&page=1","timestamp":"2024-12-24 20:19:43"}
{"level":"info","message":"GET /cars?maxPrice=1000&page=2","timestamp":"2024-12-24 20:19:43"}
{"level":"info","message":"GET /cars?maxPrice=1000&page=1","timestamp":"2024-12-24 20:19:44"}
{"level":"info","message":"GET /cars?maxPrice=1000&page=2","timestamp":"2024-12-24 20:19:44"}
{"level":"info","message":"GET /cars","timestamp":"2024-12-24 20:19:49"}
{"level":"info","message":"GET /cars?page=2","timestamp":"2024-12-24 20:19:53"}
{"level":"info","message":"GET /cars?page=1","timestamp":"2024-12-24 20:19:54"}
{"level":"info","message":"GET /cars?page=2","timestamp":"2024-12-24 20:19:57"}
{"level":"info","message":"GET /cars?page=1","timestamp":"2024-12-24 20:20:02"}
