{"level":"info","message":"GET /cars","timestamp":"2024-12-21 09:06:00"}
{"level":"info","message":"POST /users/login","timestamp":"2024-12-21 09:06:26"}
{"level":"info","message":"GET /cars","timestamp":"2024-12-21 09:06:26"}
{"level":"info","message":"GET /cars?user=675f7085a6a1d7c5697d7b04","timestamp":"2024-12-21 09:06:30"}
{"level":"info","message":"GET /cars","timestamp":"2024-12-21 09:06:46"}
{"level":"info","message":"GET /cars","timestamp":"2024-12-21 09:06:58"}
{"level":"info","message":"POST /users/login","timestamp":"2024-12-21 09:07:07"}
{"level":"info","message":"GET /cars","timestamp":"2024-12-21 09:07:07"}
{"level":"info","message":"GET /cars?user=675f7085a6a1d7c5697d7b04","timestamp":"2024-12-21 09:07:11"}
{"level":"info","message":"GET /cars/731fd145-5af3-4a3a-9ea7-8c5d21b76524","timestamp":"2024-12-21 09:07:27"}
{"level":"info","message":"GET /cars?user=675f7085a6a1d7c5697d7b04","timestamp":"2024-12-21 09:07:37"}
{"level":"info","message":"POST /cars/","timestamp":"2024-12-21 09:09:14"}
{"level":"info","message":"GET /cars?user=675f7085a6a1d7c5697d7b04","timestamp":"2024-12-21 09:09:15"}
{"level":"info","message":"GET /cars","timestamp":"2024-12-21 09:09:29"}
{"level":"info","message":"GET /cars?user=675f7085a6a1d7c5697d7b04","timestamp":"2024-12-21 09:09:34"}
{"level":"info","message":"GET /cars/aa9d51b3-82a5-449d-b177-5c3c43385e1f","timestamp":"2024-12-21 09:09:50"}
{"level":"info","message":"GET /cars","timestamp":"2024-12-21 09:10:06"}
{"level":"info","message":"GET /cars/5b900eb1-639b-4164-87ad-d69546f91542","timestamp":"2024-12-21 09:10:27"}
{"level":"info","message":"GET /cars?user=675f7085a6a1d7c5697d7b04","timestamp":"2024-12-21 09:10:36"}
{"level":"info","message":"GET /cars/57dff873-ad92-41b3-8498-94cd09f36389","timestamp":"2024-12-21 09:10:38"}
{"level":"info","message":"GET /cars?user=675f7085a6a1d7c5697d7b04","timestamp":"2024-12-21 09:10:43"}
{"level":"info","message":"GET /cars/731fd145-5af3-4a3a-9ea7-8c5d21b76524","timestamp":"2024-12-21 09:10:44"}
{"level":"info","message":"GET /cars?user=675f7085a6a1d7c5697d7b04","timestamp":"2024-12-21 09:10:56"}
{"level":"info","message":"GET /cars","timestamp":"2024-12-21 09:11:00"}
{"level":"info","message":"POST /users/login","timestamp":"2024-12-21 09:11:08"}
{"level":"info","message":"GET /cars","timestamp":"2024-12-21 09:11:08"}
{"level":"info","message":"GET /cars?user=6754b5b57272b861d48270a1","timestamp":"2024-12-21 09:11:13"}
{"level":"info","message":"GET /cars","timestamp":"2024-12-21 09:11:21"}
{"level":"info","message":"GET /cars","timestamp":"2024-12-21 09:11:29"}
{"level":"info","message":"GET /cars","timestamp":"2024-12-21 09:27:05"}
{"level":"info","message":"GET /cars","timestamp":"2024-12-21 09:27:14"}
{"level":"info","message":"GET /cars","timestamp":"2024-12-21 09:28:31"}
{"level":"info","message":"GET /cars","timestamp":"2024-12-21 09:28:50"}
{"level":"info","message":"GET /cars","timestamp":"2024-12-21 09:28:53"}
{"level":"info","message":"GET /cars","timestamp":"2024-12-21 09:29:37"}
{"level":"info","message":"GET /cars?page=2","timestamp":"2024-12-21 09:29:51"}
{"level":"info","message":"GET /cars","timestamp":"2024-12-21 09:30:10"}
{"level":"info","message":"GET /cars","timestamp":"2024-12-21 09:49:20"}
{"level":"info","message":"GET /cars","timestamp":"2024-12-21 09:52:44"}
{"level":"info","message":"GET /cars","timestamp":"2024-12-21 09:52:46"}
