{"level":"info","message":"GET /cars","timestamp":"2024-12-22 14:46:28"}
{"level":"info","message":"GET /cars","timestamp":"2024-12-22 15:06:03"}
{"level":"info","message":"GET /cars?limit=6","timestamp":"2024-12-22 15:09:48"}
{"level":"info","message":"GET /cars?limit=6","timestamp":"2024-12-22 15:09:55"}
{"level":"info","message":"GET /cars?limit=6","timestamp":"2024-12-22 15:10:26"}
{"level":"info","message":"GET /cars?limit=6","timestamp":"2024-12-22 15:11:13"}
{"level":"info","message":"GET /cars?limit=6","timestamp":"2024-12-22 15:12:46"}
{"level":"info","message":"GET /cars?limit=6","timestamp":"2024-12-22 15:12:48"}
{"level":"info","message":"GET /cars?limit=6","timestamp":"2024-12-22 15:12:48"}
{"level":"info","message":"GET /cars?limit=6","timestamp":"2024-12-22 15:13:17"}
{"level":"info","message":"GET /cars?limit=6","timestamp":"2024-12-22 15:13:19"}
{"level":"info","message":"GET /cars?limit=6","timestamp":"2024-12-22 15:13:47"}
{"level":"info","message":"GET /cars?limit=6","timestamp":"2024-12-22 15:19:02"}
{"level":"info","message":"GET /cars?limit=6","timestamp":"2024-12-22 15:19:06"}
{"level":"info","message":"GET /cars?user=null","timestamp":"2024-12-22 15:19:14"}
{"level":"info","message":"GET /cars?user=null","timestamp":"2024-12-22 15:19:16"}
{"level":"info","message":"GET /cars?limit=6","timestamp":"2024-12-22 15:19:22"}
{"level":"info","message":"POST /users/login","timestamp":"2024-12-22 15:20:57"}
{"level":"info","message":"GET /cars?limit=6","timestamp":"2024-12-22 15:20:57"}
{"level":"info","message":"GET /cars?user=6754b5b57272b861d48270a1","timestamp":"2024-12-22 15:21:02"}
{"level":"info","message":"GET /cars?user=null","timestamp":"2024-12-22 15:24:06"}
{"level":"info","message":"GET /cars?limit=6","timestamp":"2024-12-22 15:24:09"}
{"level":"info","message":"GET /cars?user=null","timestamp":"2024-12-22 15:24:13"}
{"level":"info","message":"GET /cars?user=null","timestamp":"2024-12-22 15:24:49"}
{"level":"info","message":"GET /cars","timestamp":"2024-12-22 15:25:14"}
{"level":"info","message":"GET /cars?limit=6","timestamp":"2024-12-22 15:25:18"}
{"level":"info","message":"GET /cars","timestamp":"2024-12-22 15:25:31"}
{"level":"info","message":"GET /cars?page=1&limit=10","timestamp":"2024-12-22 15:38:44"}
{"level":"info","message":"GET /cars?page=1&limit=10","timestamp":"2024-12-22 15:42:08"}
{"level":"info","message":"GET /cars?page=1&limit=10","timestamp":"2024-12-22 15:43:20"}
{"level":"info","message":"GET /cars?page=1&limit=10","timestamp":"2024-12-22 15:46:04"}
{"level":"info","message":"GET /cars?page=1&limit=10","timestamp":"2024-12-22 15:46:20"}
{"level":"info","message":"GET /cars?page=1&limit=10","timestamp":"2024-12-22 15:50:38"}
{"level":"info","message":"GET /cars?page=1&limit=10","timestamp":"2024-12-22 15:50:47"}
{"level":"info","message":"GET /cars?page=1&limit=10","timestamp":"2024-12-22 15:52:52"}
{"level":"info","message":"GET /cars?page=1&limit=10","timestamp":"2024-12-22 15:52:56"}
{"level":"info","message":"GET /cars?page=1&limit=10","timestamp":"2024-12-22 15:53:34"}
{"level":"info","message":"GET /cars?page=1&limit=10","timestamp":"2024-12-22 15:53:37"}
{"level":"info","message":"GET /cars?page=2&limit=10","timestamp":"2024-12-22 15:53:41"}
{"level":"info","message":"GET /cars?page=1&limit=10","timestamp":"2024-12-22 15:53:44"}
{"level":"info","message":"GET /cars?page=2&limit=10","timestamp":"2024-12-22 15:53:47"}
{"level":"info","message":"GET /cars?page=1&limit=10","timestamp":"2024-12-22 15:53:48"}
{"level":"info","message":"GET /cars?page=2&limit=10","timestamp":"2024-12-22 15:53:54"}
{"level":"info","message":"GET /cars?page=1&limit=10","timestamp":"2024-12-22 15:53:57"}
{"level":"info","message":"GET /cars?limit=6","timestamp":"2024-12-22 15:54:03"}
{"level":"info","message":"GET /cars?page=1&limit=10","timestamp":"2024-12-22 15:54:15"}
{"level":"info","message":"GET /cars?page=2&limit=10","timestamp":"2024-12-22 15:54:22"}
{"level":"info","message":"GET /cars?page=1&limit=10","timestamp":"2024-12-22 15:54:27"}
{"level":"info","message":"GET /cars?brand=undefined&model=undefined&minPrice=undefined&maxPrice=undefined&orderby=undefined&order=undefined&limit=undefined&page=undefined","timestamp":"2024-12-22 17:01:25"}
{"level":"info","message":"GET /cars?brand=undefined&model=undefined&minPrice=undefined&maxPrice=undefined&orderby=undefined&order=undefined&limit=undefined&page=undefined","timestamp":"2024-12-22 17:01:30"}
{"level":"info","message":"GET /cars?brand=&model=&minPrice=&maxPrice=&orderby=&order=&limit=&page=","timestamp":"2024-12-22 17:04:30"}
{"level":"info","message":"GET /cars?brand=&model=&minPrice=&maxPrice=&orderby=&order=&limit=10&page=1","timestamp":"2024-12-22 17:04:55"}
{"level":"info","message":"GET /cars?brand=undefined&model=undefined&minPrice=undefined&maxPrice=undefined&orderby=undefined&order=undefined&limit=10&page=1","timestamp":"2024-12-22 17:05:15"}
{"level":"info","message":"GET /cars?brand=undefined&model=undefined&minPrice=undefined&maxPrice=undefined&orderby=undefined&order=undefined&limit=10&page=1","timestamp":"2024-12-22 17:05:23"}
{"level":"info","message":"GET /cars?brand=undefined&model=undefined&minPrice=undefined&maxPrice=undefined&orderby=undefined&order=undefined&limit=10&page=1","timestamp":"2024-12-22 17:06:23"}
{"level":"info","message":"GET /cars?brand=undefined&model=undefined&minPrice=undefined&maxPrice=undefined&orderby=undefined&order=undefined&limit=10&page=1","timestamp":"2024-12-22 17:06:27"}
{"level":"info","message":"GET /cars?brand=null&model=null&minPrice=null&maxPrice=null&orderby=null&order=null&limit=10&page=1","timestamp":"2024-12-22 17:06:54"}
{"level":"info","message":"GET /cars?brand=null&model=null&minPrice=null&maxPrice=null&orderby=null&order=null&limit=10&page=1","timestamp":"2024-12-22 17:06:56"}
{"level":"info","message":"GET /cars","timestamp":"2024-12-22 17:08:43"}
{"level":"info","message":"GET /cars","timestamp":"2024-12-22 17:09:16"}
{"level":"info","message":"GET /cars","timestamp":"2024-12-22 17:09:18"}
{"level":"info","message":"GET /cars","timestamp":"2024-12-22 17:11:47"}
{"level":"info","message":"GET /cars","timestamp":"2024-12-22 17:11:50"}
{"level":"info","message":"GET /cars?brand=undefined&model=undefined&minPrice=undefined&maxPrice=undefined&orderby=undefined&order=undefined&limit=undefined&page=undefined","timestamp":"2024-12-22 17:12:50"}
{"level":"info","message":"GET /cars?brand=undefined&model=undefined&minPrice=undefined&maxPrice=undefined&orderby=undefined&order=undefined&limit=undefined&page=undefined","timestamp":"2024-12-22 17:12:51"}
{"level":"info","message":"GET /cars?brand=undefined","timestamp":"2024-12-22 17:13:18"}
{"level":"info","message":"GET /cars?brand=undefined","timestamp":"2024-12-22 17:13:22"}
{"level":"info","message":"GET /cars?brand=null","timestamp":"2024-12-22 17:13:30"}
{"level":"info","message":"GET /cars?brand=null","timestamp":"2024-12-22 17:13:32"}
{"level":"info","message":"GET /cars?brand=","timestamp":"2024-12-22 17:13:38"}
{"level":"info","message":"GET /cars?brand=&model=&minPrice=undefined&maxPrice=undefined&orderby=undefined&order=undefined&limit=undefined&page=undefined","timestamp":"2024-12-22 17:14:57"}
{"level":"info","message":"GET /cars?brand=&model=&minPrice=1&maxPrice=15000&orderby=undefined&order=undefined&limit=undefined&page=undefined","timestamp":"2024-12-22 17:15:20"}
{"level":"info","message":"GET /cars?brand=&model=&minPrice=1&maxPrice=15000&orderby=brand&order=undefined&limit=undefined&page=undefined","timestamp":"2024-12-22 17:15:31"}
{"level":"info","message":"GET /cars?brand=&model=&minPrice=1&maxPrice=15000&orderby=brand&order=asc&limit=undefined&page=undefined","timestamp":"2024-12-22 17:15:41"}
{"level":"info","message":"GET /cars?brand=&model=&minPrice=1&maxPrice=15000&orderby=brand&order=asc&limit=10&page=1","timestamp":"2024-12-22 17:15:47"}
{"level":"info","message":"GET /cars?brand=&model=&minPrice=1&maxPrice=15000&orderby=brand&order=asc&limit=10&page=1","timestamp":"2024-12-22 17:15:50"}
{"level":"info","message":"GET /cars?brand=&model=&minPrice=undefined&maxPrice=undefined&orderby=brand&order=asc&limit=10&page=1","timestamp":"2024-12-22 17:16:12"}
{"level":"info","message":"GET /cars?brand=&model=&minPrice=&maxPrice=undefined&orderby=brand&order=asc&limit=10&page=1","timestamp":"2024-12-22 17:16:22"}
{"level":"info","message":"GET /cars?brand=&model=&minPrice=0&maxPrice=null&orderby=brand&order=asc&limit=10&page=1","timestamp":"2024-12-22 17:16:57"}
{"level":"info","message":"GET /cars?brand=&model=&minPrice=0&maxPrice=undefined&orderby=brand&order=asc&limit=10&page=1","timestamp":"2024-12-22 17:17:07"}
{"level":"info","message":"GET /cars?brand=&model=&minPrice=0&maxPrice=undefined&orderby=brand&order=asc&limit=10&page=1","timestamp":"2024-12-22 17:17:19"}
{"level":"info","message":"GET /cars?brand=&model=&minPrice=0&maxPrice=0&orderby=brand&order=asc&limit=10&page=1","timestamp":"2024-12-22 17:17:23"}
{"level":"info","message":"GET /cars?brand=&model=&minPrice=&orderby=&order=&limit=10&page=1&maxPrice=null","timestamp":"2024-12-22 17:17:58"}
{"level":"info","message":"GET /cars?brand=&model=&minPrice=&orderby=&order=&limit=10&page=1&maxPrice=%22%22","timestamp":"2024-12-22 17:18:07"}
{"level":"info","message":"GET /cars?brand=&model=&minPrice=&maxPrice=&orderby=&order=&limit=&page=","timestamp":"2024-12-22 17:18:46"}
{"level":"info","message":"GET /favicon.ico","timestamp":"2024-12-22 17:18:46"}
{"level":"info","message":"GET /cars?brand=&model=&minPrice=0&maxPrice=0&orderby=brand&order=asc&limit=10&page=1","timestamp":"2024-12-22 17:19:03"}
{"level":"info","message":"GET /cars?brand=undefined&model=undefined&minPrice=undefined&maxPrice=undefined&orderby=undefined&order=undefined&limit=undefined&page=undefined","timestamp":"2024-12-22 17:19:36"}
{"level":"info","message":"GET /cars?brand=undefined&model=undefined&minPrice=undefined&maxPrice=undefined&orderby=undefined&order=undefined&limit=undefined&page=undefined","timestamp":"2024-12-22 17:19:37"}
{"level":"info","message":"GET /cars?orderby=%22price%22&order=%22desc%22&limit=1&page=1","timestamp":"2024-12-22 17:28:56"}
{"level":"info","message":"GET /cars?orderby=%22price%22&order=%22desc%22&limit=1&page=1","timestamp":"2024-12-22 17:28:59"}
{"level":"info","message":"GET /cars?orderby=%22price%22&order=%22desc%22&limit=1&page=1","timestamp":"2024-12-22 17:29:33"}
{"level":"info","message":"GET /cars?orderby=%22price%22&order=%22desc%22&limit=1&page=1","timestamp":"2024-12-22 17:29:35"}
{"level":"info","message":"GET /cars?orderby=%22price%22&order=%22desc%22&limit=1&page=1","timestamp":"2024-12-22 17:30:38"}
{"level":"info","message":"GET /cars?orderby=%22price%22&order=%22desc%22&limit=1&page=1","timestamp":"2024-12-22 17:30:40"}
{"level":"info","message":"GET /cars?orderby=%22price%22&order=%22desc%22&limit=1&page=1","timestamp":"2024-12-22 17:34:03"}
{"level":"info","message":"GET /cars","timestamp":"2024-12-22 17:37:09"}
{"level":"info","message":"GET /cars","timestamp":"2024-12-22 17:37:11"}
{"level":"info","message":"GET /cars","timestamp":"2024-12-22 17:41:21"}
{"level":"info","message":"GET /cars","timestamp":"2024-12-22 17:42:21"}
{"level":"info","message":"GET /cars","timestamp":"2024-12-22 17:42:26"}
{"level":"info","message":"GET /cars","timestamp":"2024-12-22 17:42:53"}
{"level":"info","message":"GET /cars","timestamp":"2024-12-22 17:43:14"}
{"level":"info","message":"GET /cars","timestamp":"2024-12-22 17:43:18"}
{"level":"info","message":"GET /cars","timestamp":"2024-12-22 17:43:41"}
{"level":"info","message":"GET /cars","timestamp":"2024-12-22 17:43:50"}
{"level":"info","message":"GET /cars","timestamp":"2024-12-22 17:45:36"}
{"level":"info","message":"GET /cars","timestamp":"2024-12-22 17:45:39"}
{"level":"info","message":"GET /cars","timestamp":"2024-12-22 17:46:39"}
{"level":"info","message":"GET /cars","timestamp":"2024-12-22 17:48:43"}
{"level":"info","message":"GET /cars","timestamp":"2024-12-22 17:48:47"}
{"level":"info","message":"GET /cars","timestamp":"2024-12-22 17:49:04"}
{"level":"info","message":"GET /cars","timestamp":"2024-12-22 17:49:06"}
{"level":"info","message":"GET /cars","timestamp":"2024-12-22 17:49:36"}
{"level":"info","message":"GET /cars","timestamp":"2024-12-22 17:49:41"}
{"level":"info","message":"GET /cars","timestamp":"2024-12-22 17:49:43"}
{"level":"info","message":"GET /cars","timestamp":"2024-12-22 17:49:48"}
{"level":"info","message":"GET /cars","timestamp":"2024-12-22 17:49:57"}
{"level":"info","message":"GET /cars","timestamp":"2024-12-22 17:50:06"}
{"level":"info","message":"GET /cars","timestamp":"2024-12-22 17:50:33"}
{"level":"info","message":"GET /cars","timestamp":"2024-12-22 17:50:49"}
{"level":"info","message":"GET /cars","timestamp":"2024-12-22 17:51:35"}
{"level":"info","message":"GET /cars","timestamp":"2024-12-22 17:51:36"}
{"level":"info","message":"GET /cars","timestamp":"2024-12-22 17:52:02"}
{"level":"info","message":"GET /cars","timestamp":"2024-12-22 17:52:20"}
{"level":"info","message":"GET /cars","timestamp":"2024-12-22 17:52:23"}
{"level":"info","message":"GET /cars","timestamp":"2024-12-22 17:54:36"}
{"level":"info","message":"GET /cars","timestamp":"2024-12-22 17:54:39"}
{"level":"info","message":"GET /cars","timestamp":"2024-12-22 17:55:04"}
{"level":"info","message":"GET /cars","timestamp":"2024-12-22 17:55:06"}
{"level":"info","message":"GET /cars","timestamp":"2024-12-22 17:56:00"}
{"level":"info","message":"GET /cars","timestamp":"2024-12-22 18:13:30"}
{"level":"info","message":"GET /cars","timestamp":"2024-12-22 18:13:32"}
{"level":"info","message":"GET /cars","timestamp":"2024-12-22 18:13:46"}
{"level":"info","message":"GET /cars","timestamp":"2024-12-22 18:21:33"}
{"level":"info","message":"GET /cars","timestamp":"2024-12-22 18:21:36"}
{"level":"info","message":"GET /cars","timestamp":"2024-12-22 18:21:40"}
{"level":"info","message":"GET /cars","timestamp":"2024-12-22 18:21:42"}
{"level":"info","message":"GET /","timestamp":"2024-12-22 18:32:46"}
{"level":"info","message":"GET /swagger-ui.css","timestamp":"2024-12-22 18:32:46"}
{"level":"info","message":"GET /swagger-ui-bundle.js","timestamp":"2024-12-22 18:32:46"}
{"level":"info","message":"GET /swagger-ui-standalone-preset.js","timestamp":"2024-12-22 18:32:46"}
{"level":"info","message":"GET /swagger-ui-init.js","timestamp":"2024-12-22 18:32:46"}
