{"level":"info","message":"GET /","timestamp":"2024-12-28 14:58:35"}
{"level":"info","message":"GET /swagger-ui-bundle.js","timestamp":"2024-12-28 14:58:35"}
{"level":"info","message":"GET /swagger-ui-standalone-preset.js","timestamp":"2024-12-28 14:58:35"}
{"level":"info","message":"GET /swagger-ui.css","timestamp":"2024-12-28 14:58:35"}
{"level":"info","message":"GET /swagger-ui-init.js","timestamp":"2024-12-28 14:58:35"}
{"level":"info","message":"GET /cars?limit=6","timestamp":"2024-12-28 14:58:53"}
{"level":"info","message":"GET /cars/5b900eb1-639b-4164-87ad-d69546f91542","timestamp":"2024-12-28 15:01:45"}
{"level":"info","message":"GET /cars/5b900eb1-639b-4164-87ad-d69546f91542","timestamp":"2024-12-28 15:02:20"}
{"level":"info","message":"GET /cars/5b900eb1-639b-4164-87ad-d69546f91542","timestamp":"2024-12-28 15:02:34"}
{"level":"info","message":"GET /cars/5b900eb1-639b-4164-87ad-d69546f91542","timestamp":"2024-12-28 15:03:36"}
{"level":"info","message":"GET /cars/5b900eb1-639b-4164-87ad-d69546f91542","timestamp":"2024-12-28 15:05:14"}
{"level":"info","message":"GET /cars/5b900eb1-639b-4164-87ad-d69546f91542","timestamp":"2024-12-28 15:08:20"}
{"level":"info","message":"GET /cars/5b900eb1-639b-4164-87ad-d69546f91542","timestamp":"2024-12-28 15:12:18"}
{"level":"info","message":"GET /cars/5b900eb1-639b-4164-87ad-d69546f91542","timestamp":"2024-12-28 15:14:15"}
{"level":"info","message":"GET /cars/5b900eb1-639b-4164-87ad-d69546f91542","timestamp":"2024-12-28 15:14:54"}
{"level":"info","message":"GET /cars/5b900eb1-639b-4164-87ad-d69546f91542","timestamp":"2024-12-28 15:16:44"}
{"level":"info","message":"GET /cars/5b900eb1-639b-4164-87ad-d69546f91542","timestamp":"2024-12-28 15:17:03"}
{"level":"info","message":"GET /cars/5b900eb1-639b-4164-87ad-d69546f91542","timestamp":"2024-12-28 15:17:30"}
{"level":"info","message":"GET /cars/5b900eb1-639b-4164-87ad-d69546f91542","timestamp":"2024-12-28 15:17:33"}
{"level":"info","message":"GET /cars/5b900eb1-639b-4164-87ad-d69546f91542","timestamp":"2024-12-28 15:17:38"}
{"level":"info","message":"GET /cars?limit=6","timestamp":"2024-12-28 15:17:40"}
{"level":"info","message":"GET /cars/5b900eb1-639b-4164-87ad-d69546f91542","timestamp":"2024-12-28 15:17:41"}
{"level":"info","message":"GET /cars?limit=6","timestamp":"2024-12-28 15:17:49"}
{"level":"info","message":"GET /","timestamp":"2024-12-28 15:54:05"}
{"level":"info","message":"GET /swagger-ui.css","timestamp":"2024-12-28 15:54:05"}
{"level":"info","message":"GET /swagger-ui-bundle.js","timestamp":"2024-12-28 15:54:05"}
{"level":"info","message":"GET /swagger-ui-standalone-preset.js","timestamp":"2024-12-28 15:54:05"}
{"level":"info","message":"GET /swagger-ui-init.js","timestamp":"2024-12-28 15:54:05"}
{"level":"info","message":"GET /cars?limit=6","timestamp":"2024-12-28 15:54:45"}
{"level":"info","message":"POST /users/login","timestamp":"2024-12-28 15:54:56"}
{"level":"info","message":"GET /cars?limit=6","timestamp":"2024-12-28 15:54:56"}
{"level":"info","message":"GET /users/6754b5b57272b861d48270a1","timestamp":"2024-12-28 15:55:01"}
{"level":"info","message":"GET /cars","timestamp":"2024-12-28 15:55:50"}
{"level":"info","message":"GET /cars?user=6754b5b57272b861d48270a1","timestamp":"2024-12-28 15:55:53"}
{"level":"info","message":"GET /cars/5b900eb1-639b-4164-87ad-d69546f91542","timestamp":"2024-12-28 15:55:55"}
{"level":"info","message":"GET /users/6754b5b57272b861d48270a1","timestamp":"2024-12-28 15:55:59"}
{"level":"info","message":"GET /cars?user=6754b5b57272b861d48270a1","timestamp":"2024-12-28 15:56:06"}
{"level":"info","message":"GET /cars/a3d7cec9-2fb8-4a96-be6c-ef99240f6c5c","timestamp":"2024-12-28 15:56:07"}
{"level":"info","message":"GET /users/6754b5b57272b861d48270a1","timestamp":"2024-12-28 15:56:11"}
{"level":"info","message":"GET /cars?limit=6","timestamp":"2024-12-28 15:56:54"}
{"level":"info","message":"POST /users/login","timestamp":"2024-12-28 15:57:02"}
{"level":"info","message":"GET /cars?limit=6","timestamp":"2024-12-28 15:57:03"}
{"level":"info","message":"GET /users/675f7085a6a1d7c5697d7b04","timestamp":"2024-12-28 15:57:05"}
{"level":"info","message":"PUT /users/675f7085a6a1d7c5697d7b04","timestamp":"2024-12-28 15:57:26"}
{"level":"info","message":"PUT /users/675f7085a6a1d7c5697d7b04","timestamp":"2024-12-28 15:57:37"}
{"level":"info","message":"GET /cars?limit=6","timestamp":"2024-12-28 15:57:37"}
{"level":"info","message":"POST /users/login","timestamp":"2024-12-28 15:57:48"}
{"level":"info","message":"GET /cars?limit=6","timestamp":"2024-12-28 15:57:48"}
{"level":"info","message":"GET /users/675f7085a6a1d7c5697d7b04","timestamp":"2024-12-28 15:58:07"}
{"level":"info","message":"PUT /users/675f7085a6a1d7c5697d7b04","timestamp":"2024-12-28 15:58:24"}
{"level":"info","message":"GET /cars?limit=6","timestamp":"2024-12-28 15:58:24"}
{"level":"info","message":"GET /users/675f7085a6a1d7c5697d7b04","timestamp":"2024-12-28 15:58:27"}
{"level":"info","message":"GET /cars","timestamp":"2024-12-28 15:58:30"}
{"level":"info","message":"GET /cars/5b900eb1-639b-4164-87ad-d69546f91542","timestamp":"2024-12-28 15:58:31"}
{"level":"info","message":"GET /cars?user=675f7085a6a1d7c5697d7b04","timestamp":"2024-12-28 15:58:44"}
{"level":"info","message":"GET /cars/0702b169-756c-44a6-b416-39836acf57eb","timestamp":"2024-12-28 15:58:45"}
{"level":"info","message":"GET /cars?limit=6","timestamp":"2024-12-28 15:58:48"}
{"level":"info","message":"GET /","timestamp":"2024-12-28 16:05:21"}
{"level":"info","message":"GET /swagger-ui.css","timestamp":"2024-12-28 16:05:21"}
{"level":"info","message":"GET /swagger-ui-bundle.js","timestamp":"2024-12-28 16:05:21"}
{"level":"info","message":"GET /swagger-ui-standalone-preset.js","timestamp":"2024-12-28 16:05:21"}
{"level":"info","message":"GET /swagger-ui-init.js","timestamp":"2024-12-28 16:05:21"}
