{"level":"info","message":"GET /cars?limit=6","timestamp":"2024-12-26 10:51:43"}
{"level":"info","message":"POST /users/login","timestamp":"2024-12-26 10:52:49"}
{"level":"info","message":"GET /cars?limit=6","timestamp":"2024-12-26 10:52:49"}
{"level":"info","message":"POST /cars/","timestamp":"2024-12-26 10:54:58"}
{"level":"info","message":"GET /cars?user=675f7085a6a1d7c5697d7b04","timestamp":"2024-12-26 10:54:58"}
{"level":"info","message":"POST /cars/","timestamp":"2024-12-26 10:56:03"}
{"level":"info","message":"GET /cars?user=675f7085a6a1d7c5697d7b04","timestamp":"2024-12-26 10:56:03"}
{"level":"info","message":"POST /cars/","timestamp":"2024-12-26 10:57:34"}
{"level":"info","message":"GET /cars?user=675f7085a6a1d7c5697d7b04","timestamp":"2024-12-26 10:57:34"}
{"level":"info","message":"GET /cars?user=675f7085a6a1d7c5697d7b04","timestamp":"2024-12-26 10:58:30"}
{"level":"info","message":"GET /cars/0702b169-756c-44a6-b416-39836acf57eb","timestamp":"2024-12-26 11:04:51"}
{"level":"info","message":"GET /cars?limit=6","timestamp":"2024-12-26 11:07:20"}
{"level":"info","message":"GET /cars?user=675f7085a6a1d7c5697d7b04","timestamp":"2024-12-26 11:07:21"}
{"level":"info","message":"GET /cars","timestamp":"2024-12-26 11:07:27"}
{"level":"info","message":"GET /cars?limit=6","timestamp":"2024-12-26 11:10:45"}
{"level":"info","message":"GET /cars","timestamp":"2024-12-26 11:10:48"}
{"level":"info","message":"GET /cars?user=675f7085a6a1d7c5697d7b04","timestamp":"2024-12-26 11:10:53"}
{"level":"info","message":"GET /cars/73444587-0fcc-45ba-9f39-e303d916abfa","timestamp":"2024-12-26 11:14:52"}
{"level":"info","message":"GET /cars?user=675f7085a6a1d7c5697d7b04","timestamp":"2024-12-26 11:14:54"}
{"level":"info","message":"GET /cars?user=675f7085a6a1d7c5697d7b04","timestamp":"2024-12-26 11:15:45"}
{"level":"info","message":"GET /cars?limit=6","timestamp":"2024-12-26 11:15:57"}
{"level":"info","message":"GET /cars","timestamp":"2024-12-26 11:15:58"}
{"level":"info","message":"GET /cars?user=675f7085a6a1d7c5697d7b04","timestamp":"2024-12-26 11:15:59"}
{"level":"info","message":"GET /cars?user=675f7085a6a1d7c5697d7b04","timestamp":"2024-12-26 11:18:00"}
{"level":"info","message":"GET /cars/73444587-0fcc-45ba-9f39-e303d916abfa","timestamp":"2024-12-26 11:18:07"}
{"level":"info","message":"DELETE /cars/73444587-0fcc-45ba-9f39-e303d916abfa","timestamp":"2024-12-26 11:18:07"}
{"level":"info","message":"GET /cars?limit=6","timestamp":"2024-12-26 11:18:35"}
{"level":"info","message":"POST /users/login","timestamp":"2024-12-26 11:18:43"}
{"level":"info","message":"GET /cars?limit=6","timestamp":"2024-12-26 11:18:43"}
{"level":"info","message":"GET /cars?user=675f7085a6a1d7c5697d7b04","timestamp":"2024-12-26 11:18:46"}
{"level":"info","message":"GET /cars/73444587-0fcc-45ba-9f39-e303d916abfa","timestamp":"2024-12-26 11:18:48"}
{"level":"info","message":"DELETE /cars/73444587-0fcc-45ba-9f39-e303d916abfa","timestamp":"2024-12-26 11:18:48"}
{"level":"info","message":"GET /cars","timestamp":"2024-12-26 11:18:54"}
{"level":"info","message":"GET /cars?user=675f7085a6a1d7c5697d7b04","timestamp":"2024-12-26 11:18:55"}
{"level":"info","message":"GET /cars?user=675f7085a6a1d7c5697d7b04","timestamp":"2024-12-26 11:22:40"}
{"level":"info","message":"POST /cars/","timestamp":"2024-12-26 11:23:18"}
{"level":"info","message":"GET /cars?user=675f7085a6a1d7c5697d7b04","timestamp":"2024-12-26 11:23:18"}
{"level":"info","message":"POST /cars/","timestamp":"2024-12-26 11:24:02"}
{"level":"info","message":"GET /cars?user=675f7085a6a1d7c5697d7b04","timestamp":"2024-12-26 11:24:02"}
{"level":"info","message":"GET /cars?user=675f7085a6a1d7c5697d7b04","timestamp":"2024-12-26 11:24:17"}
{"level":"info","message":"GET /cars/e1998dd6-4380-41db-a5c3-c627aebf2be5","timestamp":"2024-12-26 11:24:27"}
{"level":"info","message":"DELETE /cars/e1998dd6-4380-41db-a5c3-c627aebf2be5","timestamp":"2024-12-26 11:24:27"}
{"level":"info","message":"GET /cars?user=675f7085a6a1d7c5697d7b04","timestamp":"2024-12-26 11:24:27"}
{"level":"info","message":"GET /cars?user=675f7085a6a1d7c5697d7b04","timestamp":"2024-12-26 11:24:31"}
{"level":"info","message":"GET /cars?limit=6","timestamp":"2024-12-26 11:32:07"}
{"level":"info","message":"GET /cars?user=675f7085a6a1d7c5697d7b04","timestamp":"2024-12-26 11:32:08"}
{"level":"info","message":"GET /cars?user=675f7085a6a1d7c5697d7b04","timestamp":"2024-12-26 11:32:32"}
{"level":"info","message":"GET /cars?user=675f7085a6a1d7c5697d7b04","timestamp":"2024-12-26 11:32:34"}
{"level":"info","message":"GET /cars?user=675f7085a6a1d7c5697d7b04","timestamp":"2024-12-26 11:32:35"}
{"level":"info","message":"GET /cars?user=675f7085a6a1d7c5697d7b04","timestamp":"2024-12-26 11:32:35"}
{"level":"info","message":"GET /cars?user=675f7085a6a1d7c5697d7b04","timestamp":"2024-12-26 11:33:54"}
{"level":"info","message":"GET /cars?limit=6","timestamp":"2024-12-26 11:34:00"}
{"level":"info","message":"GET /cars?user=675f7085a6a1d7c5697d7b04","timestamp":"2024-12-26 11:34:01"}
{"level":"info","message":"GET /cars?user=675f7085a6a1d7c5697d7b04","timestamp":"2024-12-26 11:34:42"}
{"level":"info","message":"GET /cars?user=675f7085a6a1d7c5697d7b04","timestamp":"2024-12-26 11:34:44"}
{"level":"info","message":"GET /cars?user=675f7085a6a1d7c5697d7b04","timestamp":"2024-12-26 11:34:45"}
{"level":"info","message":"GET /cars?user=675f7085a6a1d7c5697d7b04","timestamp":"2024-12-26 11:34:46"}
{"level":"info","message":"GET /cars?user=675f7085a6a1d7c5697d7b04","timestamp":"2024-12-26 11:34:46"}
{"level":"info","message":"GET /cars?user=675f7085a6a1d7c5697d7b04","timestamp":"2024-12-26 11:34:46"}
{"level":"info","message":"GET /cars?user=675f7085a6a1d7c5697d7b04","timestamp":"2024-12-26 11:35:13"}
{"level":"info","message":"GET /cars?user=675f7085a6a1d7c5697d7b04","timestamp":"2024-12-26 11:35:14"}
{"level":"info","message":"GET /cars?user=675f7085a6a1d7c5697d7b04","timestamp":"2024-12-26 11:35:37"}
{"level":"info","message":"DELETE /cars/0702b169-756c-44a6-b416-39836acf57eb","timestamp":"2024-12-26 11:35:37"}
{"level":"info","message":"DELETE /cars/64cd30e9-6711-42c8-86c3-e6a497322474","timestamp":"2024-12-26 11:35:37"}
{"level":"info","message":"GET /cars?user=675f7085a6a1d7c5697d7b04","timestamp":"2024-12-26 11:35:40"}
{"level":"info","message":"DELETE /cars/0702b169-756c-44a6-b416-39836acf57eb","timestamp":"2024-12-26 11:35:40"}
{"level":"info","message":"DELETE /cars/64cd30e9-6711-42c8-86c3-e6a497322474","timestamp":"2024-12-26 11:35:40"}
{"level":"info","message":"GET /cars?user=675f7085a6a1d7c5697d7b04","timestamp":"2024-12-26 11:35:56"}
{"level":"info","message":"DELETE /cars/0702b169-756c-44a6-b416-39836acf57eb","timestamp":"2024-12-26 11:35:56"}
{"level":"info","message":"DELETE /cars/64cd30e9-6711-42c8-86c3-e6a497322474","timestamp":"2024-12-26 11:35:56"}
{"level":"info","message":"GET /cars?user=675f7085a6a1d7c5697d7b04","timestamp":"2024-12-26 11:35:58"}
{"level":"info","message":"DELETE /cars/0702b169-756c-44a6-b416-39836acf57eb","timestamp":"2024-12-26 11:35:58"}
{"level":"info","message":"DELETE /cars/64cd30e9-6711-42c8-86c3-e6a497322474","timestamp":"2024-12-26 11:35:58"}
{"level":"info","message":"GET /cars?user=675f7085a6a1d7c5697d7b04","timestamp":"2024-12-26 11:35:58"}
{"level":"info","message":"DELETE /cars/0702b169-756c-44a6-b416-39836acf57eb","timestamp":"2024-12-26 11:35:59"}
{"level":"info","message":"DELETE /cars/64cd30e9-6711-42c8-86c3-e6a497322474","timestamp":"2024-12-26 11:35:59"}
{"level":"info","message":"GET /cars?user=675f7085a6a1d7c5697d7b04","timestamp":"2024-12-26 11:35:59"}
{"level":"info","message":"DELETE /cars/0702b169-756c-44a6-b416-39836acf57eb","timestamp":"2024-12-26 11:35:59"}
{"level":"info","message":"DELETE /cars/64cd30e9-6711-42c8-86c3-e6a497322474","timestamp":"2024-12-26 11:35:59"}
{"level":"info","message":"GET /cars?user=675f7085a6a1d7c5697d7b04","timestamp":"2024-12-26 11:36:00"}
{"level":"info","message":"DELETE /cars/64cd30e9-6711-42c8-86c3-e6a497322474","timestamp":"2024-12-26 11:36:00"}
{"level":"info","message":"DELETE /cars/0702b169-756c-44a6-b416-39836acf57eb","timestamp":"2024-12-26 11:36:00"}
{"level":"info","message":"GET /cars","timestamp":"2024-12-26 11:36:19"}
{"level":"info","message":"GET /cars","timestamp":"2024-12-26 11:36:21"}
{"level":"info","message":"GET /cars?user=675f7085a6a1d7c5697d7b04","timestamp":"2024-12-26 11:36:23"}
{"level":"info","message":"DELETE /cars/64cd30e9-6711-42c8-86c3-e6a497322474","timestamp":"2024-12-26 11:36:23"}
{"level":"info","message":"DELETE /cars/0702b169-756c-44a6-b416-39836acf57eb","timestamp":"2024-12-26 11:36:23"}
{"level":"info","message":"DELETE /cars/64cd30e9-6711-42c8-86c3-e6a497322474","timestamp":"2024-12-26 11:37:14"}
{"level":"info","message":"DELETE /cars/0702b169-756c-44a6-b416-39836acf57eb","timestamp":"2024-12-26 11:37:14"}
{"level":"info","message":"GET /cars?limit=6","timestamp":"2024-12-26 11:37:19"}
{"level":"info","message":"GET /cars?user=675f7085a6a1d7c5697d7b04","timestamp":"2024-12-26 11:37:20"}
{"level":"info","message":"DELETE /cars/0702b169-756c-44a6-b416-39836acf57eb","timestamp":"2024-12-26 11:37:20"}
{"level":"info","message":"DELETE /cars/64cd30e9-6711-42c8-86c3-e6a497322474","timestamp":"2024-12-26 11:37:20"}
{"level":"info","message":"GET /cars?limit=6","timestamp":"2024-12-26 11:37:35"}
{"level":"info","message":"GET /cars?limit=6","timestamp":"2024-12-26 11:37:36"}
{"level":"info","message":"GET /cars?user=675f7085a6a1d7c5697d7b04","timestamp":"2024-12-26 11:37:37"}
{"level":"info","message":"GET /cars?limit=6","timestamp":"2024-12-26 11:37:51"}
{"level":"info","message":"GET /cars?user=675f7085a6a1d7c5697d7b04","timestamp":"2024-12-26 11:37:51"}
{"level":"info","message":"GET /cars?limit=6","timestamp":"2024-12-26 11:38:23"}
{"level":"info","message":"POST /users/login","timestamp":"2024-12-26 11:38:31"}
{"level":"info","message":"GET /cars?limit=6","timestamp":"2024-12-26 11:38:31"}
{"level":"info","message":"GET /cars?user=675f7085a6a1d7c5697d7b04","timestamp":"2024-12-26 11:38:33"}
{"level":"info","message":"POST /cars/","timestamp":"2024-12-26 11:38:56"}
{"level":"info","message":"GET /cars?user=675f7085a6a1d7c5697d7b04","timestamp":"2024-12-26 11:38:56"}
{"level":"info","message":"GET /cars/2dc2b550-a5da-4625-8405-c52d4b811b2e","timestamp":"2024-12-26 11:38:59"}
{"level":"info","message":"GET /cars?user=675f7085a6a1d7c5697d7b04","timestamp":"2024-12-26 11:39:03"}
{"level":"info","message":"GET /cars","timestamp":"2024-12-26 11:39:05"}
{"level":"info","message":"GET /cars?user=675f7085a6a1d7c5697d7b04","timestamp":"2024-12-26 11:39:06"}
{"level":"info","message":"GET /cars?user=675f7085a6a1d7c5697d7b04","timestamp":"2024-12-26 11:39:26"}
{"level":"info","message":"GET /cars","timestamp":"2024-12-26 11:39:28"}
{"level":"info","message":"GET /cars?user=675f7085a6a1d7c5697d7b04","timestamp":"2024-12-26 11:39:28"}
{"level":"info","message":"GET /cars/2dc2b550-a5da-4625-8405-c52d4b811b2e","timestamp":"2024-12-26 11:39:29"}
{"level":"info","message":"GET /cars","timestamp":"2024-12-26 11:39:34"}
{"level":"info","message":"GET /cars?user=675f7085a6a1d7c5697d7b04","timestamp":"2024-12-26 11:39:34"}
{"level":"info","message":"GET /cars?limit=6","timestamp":"2024-12-26 11:41:59"}
{"level":"info","message":"GET /cars?user=675f7085a6a1d7c5697d7b04","timestamp":"2024-12-26 11:42:00"}
{"level":"info","message":"GET /cars","timestamp":"2024-12-26 11:42:01"}
{"level":"info","message":"GET /cars?limit=6","timestamp":"2024-12-26 11:42:03"}
{"level":"info","message":"GET /cars?limit=6","timestamp":"2024-12-26 11:42:03"}
{"level":"info","message":"GET /cars?user=675f7085a6a1d7c5697d7b04","timestamp":"2024-12-26 11:42:04"}
{"level":"info","message":"GET /cars","timestamp":"2024-12-26 11:42:08"}
{"level":"info","message":"GET /cars?user=675f7085a6a1d7c5697d7b04","timestamp":"2024-12-26 11:42:08"}
{"level":"info","message":"GET /cars?limit=6","timestamp":"2024-12-26 11:42:41"}
{"level":"info","message":"GET /cars?user=675f7085a6a1d7c5697d7b04","timestamp":"2024-12-26 11:42:42"}
{"level":"info","message":"GET /cars/2dc2b550-a5da-4625-8405-c52d4b811b2e","timestamp":"2024-12-26 11:42:43"}
{"level":"info","message":"DELETE /cars/2dc2b550-a5da-4625-8405-c52d4b811b2e","timestamp":"2024-12-26 11:42:43"}
{"level":"info","message":"GET /cars?user=675f7085a6a1d7c5697d7b04","timestamp":"2024-12-26 11:42:43"}
{"level":"info","message":"GET /cars?limit=6","timestamp":"2024-12-26 11:42:46"}
{"level":"info","message":"GET /cars?user=675f7085a6a1d7c5697d7b04","timestamp":"2024-12-26 11:42:48"}
{"level":"info","message":"POST /cars/","timestamp":"2024-12-26 11:44:37"}
{"level":"info","message":"GET /cars?user=675f7085a6a1d7c5697d7b04","timestamp":"2024-12-26 11:44:37"}
{"level":"info","message":"GET /cars?limit=6","timestamp":"2024-12-26 11:44:38"}
{"level":"info","message":"GET /cars","timestamp":"2024-12-26 11:44:39"}
{"level":"info","message":"GET /cars?user=675f7085a6a1d7c5697d7b04","timestamp":"2024-12-26 11:44:41"}
{"level":"info","message":"DELETE /cars/e86fb5d1-8bb7-4e01-bfd0-ad0ed0eb6de0","timestamp":"2024-12-26 11:44:45"}
{"level":"info","message":"GET /cars?user=675f7085a6a1d7c5697d7b04","timestamp":"2024-12-26 11:44:45"}
{"level":"info","message":"GET /cars","timestamp":"2024-12-26 11:44:50"}
{"level":"info","message":"GET /cars?user=675f7085a6a1d7c5697d7b04","timestamp":"2024-12-26 11:44:50"}
{"level":"info","message":"GET /cars?limit=6","timestamp":"2024-12-26 11:45:13"}
{"level":"info","message":"GET /cars","timestamp":"2024-12-26 11:45:14"}
{"level":"info","message":"GET /cars?user=675f7085a6a1d7c5697d7b04","timestamp":"2024-12-26 11:45:15"}
{"level":"info","message":"GET /cars","timestamp":"2024-12-26 11:45:20"}
{"level":"info","message":"GET /cars","timestamp":"2024-12-26 11:45:22"}
{"level":"info","message":"GET /cars?user=675f7085a6a1d7c5697d7b04","timestamp":"2024-12-26 11:45:22"}
{"level":"info","message":"POST /cars/","timestamp":"2024-12-26 11:45:40"}
{"level":"info","message":"GET /cars?user=675f7085a6a1d7c5697d7b04","timestamp":"2024-12-26 11:45:40"}
{"level":"info","message":"GET /cars","timestamp":"2024-12-26 11:45:43"}
{"level":"info","message":"GET /cars?user=675f7085a6a1d7c5697d7b04","timestamp":"2024-12-26 11:45:43"}
{"level":"info","message":"DELETE /cars/0ae25e33-de27-4a88-b74f-86d3cd2febcc","timestamp":"2024-12-26 11:45:44"}
{"level":"info","message":"GET /cars?user=675f7085a6a1d7c5697d7b04","timestamp":"2024-12-26 11:45:44"}
{"level":"info","message":"GET /cars","timestamp":"2024-12-26 11:45:46"}
{"level":"info","message":"GET /cars?user=675f7085a6a1d7c5697d7b04","timestamp":"2024-12-26 11:45:48"}
{"level":"info","message":"GET /cars?limit=6","timestamp":"2024-12-26 22:03:05"}
{"level":"info","message":"GET /cars","timestamp":"2024-12-26 22:03:16"}
{"level":"info","message":"GET /cars?user=675f7085a6a1d7c5697d7b04","timestamp":"2024-12-26 22:03:24"}
{"level":"info","message":"GET /cars","timestamp":"2024-12-26 22:03:28"}
{"level":"info","message":"GET /cars?user=675f7085a6a1d7c5697d7b04","timestamp":"2024-12-26 22:03:35"}
{"level":"info","message":"GET /cars/0702b169-756c-44a6-b416-39836acf57eb","timestamp":"2024-12-26 22:14:11"}
{"level":"info","message":"GET /cars?user=675f7085a6a1d7c5697d7b04","timestamp":"2024-12-26 22:14:13"}
{"level":"info","message":"GET /cars/0702b169-756c-44a6-b416-39836acf57eb","timestamp":"2024-12-26 22:14:15"}
{"level":"info","message":"GET /cars?user=675f7085a6a1d7c5697d7b04","timestamp":"2024-12-26 22:14:16"}
{"level":"info","message":"GET /cars/0702b169-756c-44a6-b416-39836acf57eb","timestamp":"2024-12-26 22:16:03"}
{"level":"info","message":"GET /cars?user=675f7085a6a1d7c5697d7b04","timestamp":"2024-12-26 22:16:06"}
{"level":"info","message":"GET /cars?user=675f7085a6a1d7c5697d7b04","timestamp":"2024-12-26 22:18:22"}
{"level":"info","message":"GET /cars/0702b169-756c-44a6-b416-39836acf57eb","timestamp":"2024-12-26 22:18:23"}
{"level":"info","message":"GET /cars?user=675f7085a6a1d7c5697d7b04","timestamp":"2024-12-26 22:18:25"}
{"level":"info","message":"GET /cars/0702b169-756c-44a6-b416-39836acf57eb","timestamp":"2024-12-26 22:18:26"}
{"level":"info","message":"GET /cars?user=675f7085a6a1d7c5697d7b04","timestamp":"2024-12-26 22:18:28"}
{"level":"info","message":"GET /cars?limit=6","timestamp":"2024-12-26 22:22:13"}
{"level":"info","message":"GET /cars","timestamp":"2024-12-26 22:22:14"}
{"level":"info","message":"GET /cars?user=675f7085a6a1d7c5697d7b04","timestamp":"2024-12-26 22:22:15"}
{"level":"info","message":"GET /cars?limit=6","timestamp":"2024-12-26 22:22:17"}
{"level":"info","message":"POST /users/login","timestamp":"2024-12-26 22:22:24"}
{"level":"info","message":"GET /cars?limit=6","timestamp":"2024-12-26 22:22:24"}
{"level":"info","message":"GET /cars?user=675f7085a6a1d7c5697d7b04","timestamp":"2024-12-26 22:22:28"}
{"level":"info","message":"POST /cars/","timestamp":"2024-12-26 22:23:12"}
{"level":"info","message":"GET /cars?user=675f7085a6a1d7c5697d7b04","timestamp":"2024-12-26 22:23:12"}
{"level":"info","message":"GET /cars","timestamp":"2024-12-26 22:23:18"}
{"level":"info","message":"GET /cars?user=675f7085a6a1d7c5697d7b04","timestamp":"2024-12-26 22:23:19"}
{"level":"info","message":"DELETE /cars/43494197-2bad-4db3-bac9-91092cc8df81","timestamp":"2024-12-26 22:23:24"}
{"level":"info","message":"GET /cars?user=675f7085a6a1d7c5697d7b04","timestamp":"2024-12-26 22:23:24"}
{"level":"info","message":"GET /cars","timestamp":"2024-12-26 22:23:25"}
{"level":"info","message":"GET /cars?user=675f7085a6a1d7c5697d7b04","timestamp":"2024-12-26 22:23:26"}
{"level":"info","message":"POST /cars/","timestamp":"2024-12-26 22:23:42"}
{"level":"info","message":"GET /cars?user=675f7085a6a1d7c5697d7b04","timestamp":"2024-12-26 22:23:42"}
{"level":"info","message":"GET /cars","timestamp":"2024-12-26 22:23:43"}
{"level":"info","message":"GET /cars?user=675f7085a6a1d7c5697d7b04","timestamp":"2024-12-26 22:23:44"}
{"level":"info","message":"GET /cars","timestamp":"2024-12-26 22:23:48"}
{"level":"info","message":"GET /cars?user=675f7085a6a1d7c5697d7b04","timestamp":"2024-12-26 22:23:49"}
{"level":"info","message":"GET /cars?limit=6","timestamp":"2024-12-26 22:24:15"}
{"level":"info","message":"GET /cars?user=675f7085a6a1d7c5697d7b04","timestamp":"2024-12-26 22:24:16"}
{"level":"info","message":"GET /cars","timestamp":"2024-12-26 22:24:20"}
{"level":"info","message":"GET /cars?user=675f7085a6a1d7c5697d7b04","timestamp":"2024-12-26 22:24:20"}
{"level":"info","message":"GET /cars","timestamp":"2024-12-26 22:24:26"}
{"level":"info","message":"GET /cars?user=675f7085a6a1d7c5697d7b04","timestamp":"2024-12-26 22:24:26"}
{"level":"info","message":"DELETE /cars/e9daa77b-73b6-4d3b-9acd-013478148516","timestamp":"2024-12-26 22:24:28"}
{"level":"info","message":"GET /cars?user=675f7085a6a1d7c5697d7b04","timestamp":"2024-12-26 22:24:28"}
{"level":"info","message":"GET /cars","timestamp":"2024-12-26 22:24:29"}
{"level":"info","message":"GET /cars?user=675f7085a6a1d7c5697d7b04","timestamp":"2024-12-26 22:24:30"}
{"level":"info","message":"GET /cars","timestamp":"2024-12-26 22:41:15"}
{"level":"info","message":"GET /cars?user=675f7085a6a1d7c5697d7b04","timestamp":"2024-12-26 22:41:16"}
{"level":"info","message":"GET /cars","timestamp":"2024-12-26 22:41:32"}
{"level":"info","message":"GET /cars?limit=6","timestamp":"2024-12-26 22:41:33"}
{"level":"info","message":"GET /cars","timestamp":"2024-12-26 22:41:37"}
{"level":"info","message":"GET /cars","timestamp":"2024-12-26 22:49:16"}
{"level":"info","message":"GET /cars","timestamp":"2024-12-26 22:54:45"}
{"level":"info","message":"GET /cars","timestamp":"2024-12-26 22:54:46"}
{"level":"info","message":"GET /cars?user=675f7085a6a1d7c5697d7b04","timestamp":"2024-12-26 22:54:48"}
{"level":"info","message":"GET /cars?limit=6","timestamp":"2024-12-26 22:55:37"}
{"level":"info","message":"GET /cars?user=675f7085a6a1d7c5697d7b04","timestamp":"2024-12-26 22:55:37"}
{"level":"info","message":"POST /cars/","timestamp":"2024-12-26 22:55:54"}
{"level":"info","message":"POST /cars/","timestamp":"2024-12-26 22:58:17"}
{"level":"info","message":"POST /cars/","timestamp":"2024-12-26 23:01:25"}
{"level":"info","message":"POST /auth/token","timestamp":"2024-12-26 23:01:25"}
{"level":"info","message":"POST /cars/","timestamp":"2024-12-26 23:01:47"}
{"level":"info","message":"POST /auth/token","timestamp":"2024-12-26 23:01:47"}
{"level":"info","message":"POST /cars/","timestamp":"2024-12-26 23:01:53"}
{"level":"info","message":"POST /auth/token","timestamp":"2024-12-26 23:01:53"}
{"level":"info","message":"POST /cars/","timestamp":"2024-12-26 23:04:11"}
{"level":"info","message":"POST /auth/token","timestamp":"2024-12-26 23:04:11"}
{"level":"info","message":"GET /cars?limit=6","timestamp":"2024-12-26 23:09:42"}
{"level":"info","message":"GET /cars?user=675f7085a6a1d7c5697d7b04","timestamp":"2024-12-26 23:09:44"}
{"level":"info","message":"POST /cars/","timestamp":"2024-12-26 23:10:02"}
{"level":"info","message":"POST /users/token","timestamp":"2024-12-26 23:10:02"}
{"level":"info","message":"GET /cars?user=675f7085a6a1d7c5697d7b04","timestamp":"2024-12-26 23:10:02"}
{"level":"info","message":"GET /cars?limit=6","timestamp":"2024-12-26 23:11:17"}
{"level":"info","message":"GET /cars?user=675f7085a6a1d7c5697d7b04","timestamp":"2024-12-26 23:11:18"}
{"level":"info","message":"GET /cars?limit=6","timestamp":"2024-12-26 23:11:23"}
{"level":"info","message":"GET /cars?limit=6","timestamp":"2024-12-26 23:11:23"}
{"level":"info","message":"POST /cars/","timestamp":"2024-12-26 23:11:42"}
{"level":"info","message":"POST /users/token","timestamp":"2024-12-26 23:11:42"}
{"level":"info","message":"POST /cars/","timestamp":"2024-12-26 23:11:42"}
{"level":"info","message":"POST /users/token","timestamp":"2024-12-26 23:11:42"}
{"level":"info","message":"POST /cars/","timestamp":"2024-12-26 23:11:43"}
{"level":"info","message":"POST /users/token","timestamp":"2024-12-26 23:11:43"}
{"level":"info","message":"POST /cars/","timestamp":"2024-12-26 23:11:43"}
{"level":"info","message":"POST /users/token","timestamp":"2024-12-26 23:11:43"}
{"level":"info","message":"POST /cars/","timestamp":"2024-12-26 23:11:43"}
{"level":"info","message":"POST /users/token","timestamp":"2024-12-26 23:11:43"}
{"level":"info","message":"POST /cars/","timestamp":"2024-12-26 23:11:43"}
{"level":"info","message":"POST /users/token","timestamp":"2024-12-26 23:11:43"}
{"level":"info","message":"POST /cars/","timestamp":"2024-12-26 23:11:43"}
{"level":"info","message":"POST /users/token","timestamp":"2024-12-26 23:11:43"}
{"level":"info","message":"POST /cars/","timestamp":"2024-12-26 23:11:43"}
{"level":"info","message":"POST /users/token","timestamp":"2024-12-26 23:11:43"}
{"level":"info","message":"POST /cars/","timestamp":"2024-12-26 23:11:43"}
{"level":"info","message":"POST /users/token","timestamp":"2024-12-26 23:11:43"}
{"level":"info","message":"POST /cars/","timestamp":"2024-12-26 23:11:43"}
{"level":"info","message":"POST /users/token","timestamp":"2024-12-26 23:11:43"}
{"level":"info","message":"POST /cars/","timestamp":"2024-12-26 23:11:43"}
{"level":"info","message":"POST /users/token","timestamp":"2024-12-26 23:11:43"}
{"level":"info","message":"POST /cars/","timestamp":"2024-12-26 23:11:43"}
{"level":"info","message":"POST /users/token","timestamp":"2024-12-26 23:11:43"}
{"level":"info","message":"POST /cars/","timestamp":"2024-12-26 23:11:43"}
{"level":"info","message":"POST /users/token","timestamp":"2024-12-26 23:11:43"}
{"level":"info","message":"POST /cars/","timestamp":"2024-12-26 23:11:43"}
{"level":"info","message":"POST /users/token","timestamp":"2024-12-26 23:11:43"}
{"level":"info","message":"POST /cars/","timestamp":"2024-12-26 23:11:43"}
{"level":"info","message":"POST /users/token","timestamp":"2024-12-26 23:11:43"}
{"level":"info","message":"POST /cars/","timestamp":"2024-12-26 23:11:43"}
{"level":"info","message":"POST /users/token","timestamp":"2024-12-26 23:11:43"}
{"level":"info","message":"POST /cars/","timestamp":"2024-12-26 23:11:43"}
{"level":"info","message":"POST /users/token","timestamp":"2024-12-26 23:11:43"}
{"level":"info","message":"POST /cars/","timestamp":"2024-12-26 23:11:43"}
{"level":"info","message":"POST /users/token","timestamp":"2024-12-26 23:11:43"}
{"level":"info","message":"POST /cars/","timestamp":"2024-12-26 23:11:43"}
{"level":"info","message":"POST /users/token","timestamp":"2024-12-26 23:11:43"}
{"level":"info","message":"POST /cars/","timestamp":"2024-12-26 23:11:43"}
{"level":"info","message":"POST /users/token","timestamp":"2024-12-26 23:11:43"}
{"level":"info","message":"POST /cars/","timestamp":"2024-12-26 23:11:43"}
{"level":"info","message":"POST /users/token","timestamp":"2024-12-26 23:11:43"}
{"level":"info","message":"POST /cars/","timestamp":"2024-12-26 23:11:43"}
{"level":"info","message":"POST /users/token","timestamp":"2024-12-26 23:11:43"}
{"level":"info","message":"POST /cars/","timestamp":"2024-12-26 23:11:43"}
{"level":"info","message":"POST /users/token","timestamp":"2024-12-26 23:11:43"}
{"level":"info","message":"POST /cars/","timestamp":"2024-12-26 23:11:43"}
{"level":"info","message":"POST /users/token","timestamp":"2024-12-26 23:11:43"}
{"level":"info","message":"POST /cars/","timestamp":"2024-12-26 23:11:43"}
{"level":"info","message":"POST /users/token","timestamp":"2024-12-26 23:11:43"}
{"level":"info","message":"POST /cars/","timestamp":"2024-12-26 23:11:43"}
{"level":"info","message":"POST /users/token","timestamp":"2024-12-26 23:11:43"}
{"level":"info","message":"POST /cars/","timestamp":"2024-12-26 23:11:43"}
{"level":"info","message":"POST /users/token","timestamp":"2024-12-26 23:11:43"}
{"level":"info","message":"POST /cars/","timestamp":"2024-12-26 23:11:43"}
{"level":"info","message":"POST /users/token","timestamp":"2024-12-26 23:11:43"}
{"level":"info","message":"POST /cars/","timestamp":"2024-12-26 23:11:43"}
{"level":"info","message":"POST /users/token","timestamp":"2024-12-26 23:11:43"}
{"level":"info","message":"POST /cars/","timestamp":"2024-12-26 23:11:43"}
{"level":"info","message":"POST /users/token","timestamp":"2024-12-26 23:11:43"}
{"level":"info","message":"POST /cars/","timestamp":"2024-12-26 23:11:43"}
{"level":"info","message":"POST /users/token","timestamp":"2024-12-26 23:11:43"}
{"level":"info","message":"POST /cars/","timestamp":"2024-12-26 23:11:43"}
{"level":"info","message":"POST /users/token","timestamp":"2024-12-26 23:11:43"}
{"level":"info","message":"POST /cars/","timestamp":"2024-12-26 23:11:43"}
{"level":"info","message":"POST /users/token","timestamp":"2024-12-26 23:11:43"}
{"level":"info","message":"POST /cars/","timestamp":"2024-12-26 23:11:43"}
{"level":"info","message":"POST /users/token","timestamp":"2024-12-26 23:11:43"}
{"level":"info","message":"POST /cars/","timestamp":"2024-12-26 23:11:43"}
{"level":"info","message":"POST /users/token","timestamp":"2024-12-26 23:11:43"}
{"level":"info","message":"POST /cars/","timestamp":"2024-12-26 23:11:43"}
{"level":"info","message":"POST /users/token","timestamp":"2024-12-26 23:11:43"}
{"level":"info","message":"POST /cars/","timestamp":"2024-12-26 23:11:43"}
{"level":"info","message":"POST /users/token","timestamp":"2024-12-26 23:11:43"}
{"level":"info","message":"POST /cars/","timestamp":"2024-12-26 23:11:43"}
{"level":"info","message":"POST /users/token","timestamp":"2024-12-26 23:11:43"}
{"level":"info","message":"POST /cars/","timestamp":"2024-12-26 23:11:43"}
{"level":"info","message":"POST /users/token","timestamp":"2024-12-26 23:11:43"}
{"level":"info","message":"POST /cars/","timestamp":"2024-12-26 23:11:43"}
{"level":"info","message":"POST /users/token","timestamp":"2024-12-26 23:11:43"}
{"level":"info","message":"POST /cars/","timestamp":"2024-12-26 23:11:43"}
{"level":"info","message":"POST /users/token","timestamp":"2024-12-26 23:11:43"}
{"level":"info","message":"POST /cars/","timestamp":"2024-12-26 23:11:43"}
{"level":"info","message":"POST /users/token","timestamp":"2024-12-26 23:11:43"}
{"level":"info","message":"POST /cars/","timestamp":"2024-12-26 23:11:43"}
{"level":"info","message":"POST /users/token","timestamp":"2024-12-26 23:11:43"}
{"level":"info","message":"POST /cars/","timestamp":"2024-12-26 23:11:43"}
{"level":"info","message":"POST /users/token","timestamp":"2024-12-26 23:11:43"}
{"level":"info","message":"POST /cars/","timestamp":"2024-12-26 23:11:43"}
{"level":"info","message":"POST /users/token","timestamp":"2024-12-26 23:11:43"}
{"level":"info","message":"POST /cars/","timestamp":"2024-12-26 23:11:43"}
{"level":"info","message":"POST /users/token","timestamp":"2024-12-26 23:11:43"}
{"level":"info","message":"POST /cars/","timestamp":"2024-12-26 23:11:43"}
{"level":"info","message":"POST /users/token","timestamp":"2024-12-26 23:11:43"}
{"level":"info","message":"POST /cars/","timestamp":"2024-12-26 23:11:43"}
{"level":"info","message":"POST /users/token","timestamp":"2024-12-26 23:11:43"}
{"level":"info","message":"POST /cars/","timestamp":"2024-12-26 23:11:43"}
{"level":"info","message":"POST /users/token","timestamp":"2024-12-26 23:11:43"}
{"level":"info","message":"POST /cars/","timestamp":"2024-12-26 23:11:43"}
{"level":"info","message":"POST /users/token","timestamp":"2024-12-26 23:11:43"}
{"level":"info","message":"POST /cars/","timestamp":"2024-12-26 23:11:43"}
{"level":"info","message":"POST /users/token","timestamp":"2024-12-26 23:11:43"}
{"level":"info","message":"POST /cars/","timestamp":"2024-12-26 23:11:43"}
{"level":"info","message":"POST /users/token","timestamp":"2024-12-26 23:11:43"}
{"level":"info","message":"POST /cars/","timestamp":"2024-12-26 23:11:43"}
{"level":"info","message":"POST /users/token","timestamp":"2024-12-26 23:11:43"}
{"level":"info","message":"POST /cars/","timestamp":"2024-12-26 23:11:43"}
{"level":"info","message":"POST /users/token","timestamp":"2024-12-26 23:11:43"}
{"level":"info","message":"POST /cars/","timestamp":"2024-12-26 23:11:43"}
{"level":"info","message":"POST /users/token","timestamp":"2024-12-26 23:11:43"}
{"level":"info","message":"POST /cars/","timestamp":"2024-12-26 23:11:43"}
{"level":"info","message":"POST /users/token","timestamp":"2024-12-26 23:11:43"}
{"level":"info","message":"POST /cars/","timestamp":"2024-12-26 23:11:43"}
{"level":"info","message":"POST /users/token","timestamp":"2024-12-26 23:11:43"}
{"level":"info","message":"POST /cars/","timestamp":"2024-12-26 23:11:43"}
{"level":"info","message":"POST /users/token","timestamp":"2024-12-26 23:11:43"}
{"level":"info","message":"POST /cars/","timestamp":"2024-12-26 23:11:43"}
{"level":"info","message":"POST /users/token","timestamp":"2024-12-26 23:11:43"}
{"level":"info","message":"POST /cars/","timestamp":"2024-12-26 23:11:43"}
{"level":"info","message":"POST /users/token","timestamp":"2024-12-26 23:11:43"}
{"level":"info","message":"POST /cars/","timestamp":"2024-12-26 23:11:43"}
{"level":"info","message":"POST /users/token","timestamp":"2024-12-26 23:11:43"}
{"level":"info","message":"POST /cars/","timestamp":"2024-12-26 23:11:43"}
{"level":"info","message":"POST /users/token","timestamp":"2024-12-26 23:11:43"}
{"level":"info","message":"POST /cars/","timestamp":"2024-12-26 23:11:43"}
{"level":"info","message":"POST /users/token","timestamp":"2024-12-26 23:11:43"}
{"level":"info","message":"POST /cars/","timestamp":"2024-12-26 23:11:43"}
{"level":"info","message":"POST /users/token","timestamp":"2024-12-26 23:11:43"}
{"level":"info","message":"POST /cars/","timestamp":"2024-12-26 23:11:43"}
{"level":"info","message":"POST /users/token","timestamp":"2024-12-26 23:11:43"}
{"level":"info","message":"POST /cars/","timestamp":"2024-12-26 23:11:43"}
{"level":"info","message":"POST /users/token","timestamp":"2024-12-26 23:11:43"}
{"level":"info","message":"POST /cars/","timestamp":"2024-12-26 23:11:43"}
{"level":"info","message":"POST /users/token","timestamp":"2024-12-26 23:11:43"}
{"level":"info","message":"POST /cars/","timestamp":"2024-12-26 23:11:43"}
{"level":"info","message":"POST /users/token","timestamp":"2024-12-26 23:11:43"}
{"level":"info","message":"POST /cars/","timestamp":"2024-12-26 23:11:43"}
{"level":"info","message":"POST /users/token","timestamp":"2024-12-26 23:11:43"}
{"level":"info","message":"POST /cars/","timestamp":"2024-12-26 23:11:43"}
{"level":"info","message":"POST /users/token","timestamp":"2024-12-26 23:11:43"}
{"level":"info","message":"POST /cars/","timestamp":"2024-12-26 23:11:43"}
{"level":"info","message":"POST /users/token","timestamp":"2024-12-26 23:11:43"}
{"level":"info","message":"POST /cars/","timestamp":"2024-12-26 23:11:43"}
{"level":"info","message":"POST /users/token","timestamp":"2024-12-26 23:11:43"}
{"level":"info","message":"POST /cars/","timestamp":"2024-12-26 23:11:43"}
{"level":"info","message":"POST /users/token","timestamp":"2024-12-26 23:11:43"}
{"level":"info","message":"POST /cars/","timestamp":"2024-12-26 23:11:43"}
{"level":"info","message":"POST /users/token","timestamp":"2024-12-26 23:11:43"}
{"level":"info","message":"POST /cars/","timestamp":"2024-12-26 23:11:43"}
{"level":"info","message":"POST /users/token","timestamp":"2024-12-26 23:11:43"}
{"level":"info","message":"POST /cars/","timestamp":"2024-12-26 23:11:43"}
{"level":"info","message":"POST /users/token","timestamp":"2024-12-26 23:11:43"}
{"level":"info","message":"POST /cars/","timestamp":"2024-12-26 23:11:43"}
{"level":"info","message":"POST /users/token","timestamp":"2024-12-26 23:11:44"}
{"level":"info","message":"POST /cars/","timestamp":"2024-12-26 23:11:44"}
{"level":"info","message":"POST /users/token","timestamp":"2024-12-26 23:11:44"}
{"level":"info","message":"POST /cars/","timestamp":"2024-12-26 23:11:44"}
{"level":"info","message":"POST /users/token","timestamp":"2024-12-26 23:11:44"}
{"level":"info","message":"POST /cars/","timestamp":"2024-12-26 23:11:44"}
{"level":"info","message":"POST /users/token","timestamp":"2024-12-26 23:11:44"}
{"level":"info","message":"POST /cars/","timestamp":"2024-12-26 23:11:44"}
{"level":"info","message":"POST /users/token","timestamp":"2024-12-26 23:11:44"}
{"level":"info","message":"POST /cars/","timestamp":"2024-12-26 23:11:44"}
{"level":"info","message":"POST /users/token","timestamp":"2024-12-26 23:11:44"}
{"level":"info","message":"POST /cars/","timestamp":"2024-12-26 23:11:44"}
{"level":"info","message":"POST /users/token","timestamp":"2024-12-26 23:11:44"}
{"level":"info","message":"POST /cars/","timestamp":"2024-12-26 23:11:44"}
{"level":"info","message":"POST /users/token","timestamp":"2024-12-26 23:11:44"}
{"level":"info","message":"POST /cars/","timestamp":"2024-12-26 23:11:44"}
{"level":"info","message":"POST /users/token","timestamp":"2024-12-26 23:11:44"}
{"level":"info","message":"POST /cars/","timestamp":"2024-12-26 23:11:44"}
{"level":"info","message":"POST /users/token","timestamp":"2024-12-26 23:11:44"}
{"level":"info","message":"POST /cars/","timestamp":"2024-12-26 23:11:44"}
{"level":"info","message":"POST /users/token","timestamp":"2024-12-26 23:11:44"}
{"level":"info","message":"POST /cars/","timestamp":"2024-12-26 23:11:44"}
{"level":"info","message":"POST /users/token","timestamp":"2024-12-26 23:11:44"}
{"level":"info","message":"POST /cars/","timestamp":"2024-12-26 23:11:44"}
{"level":"info","message":"POST /users/token","timestamp":"2024-12-26 23:11:44"}
{"level":"info","message":"POST /cars/","timestamp":"2024-12-26 23:11:44"}
{"level":"info","message":"POST /users/token","timestamp":"2024-12-26 23:11:44"}
{"level":"info","message":"POST /cars/","timestamp":"2024-12-26 23:11:44"}
{"level":"info","message":"POST /users/token","timestamp":"2024-12-26 23:11:44"}
{"level":"info","message":"POST /cars/","timestamp":"2024-12-26 23:11:44"}
{"level":"info","message":"POST /users/token","timestamp":"2024-12-26 23:11:44"}
{"level":"info","message":"POST /cars/","timestamp":"2024-12-26 23:11:44"}
{"level":"info","message":"POST /users/token","timestamp":"2024-12-26 23:11:44"}
{"level":"info","message":"POST /cars/","timestamp":"2024-12-26 23:11:44"}
{"level":"info","message":"POST /users/token","timestamp":"2024-12-26 23:11:44"}
{"level":"info","message":"POST /cars/","timestamp":"2024-12-26 23:11:44"}
{"level":"info","message":"POST /users/token","timestamp":"2024-12-26 23:11:44"}
{"level":"info","message":"POST /cars/","timestamp":"2024-12-26 23:11:44"}
{"level":"info","message":"POST /users/token","timestamp":"2024-12-26 23:11:44"}
{"level":"info","message":"POST /cars/","timestamp":"2024-12-26 23:11:44"}
{"level":"info","message":"POST /users/token","timestamp":"2024-12-26 23:11:44"}
{"level":"info","message":"POST /cars/","timestamp":"2024-12-26 23:11:44"}
{"level":"info","message":"POST /users/token","timestamp":"2024-12-26 23:11:44"}
{"level":"info","message":"POST /cars/","timestamp":"2024-12-26 23:11:44"}
{"level":"info","message":"POST /users/token","timestamp":"2024-12-26 23:11:44"}
{"level":"info","message":"POST /cars/","timestamp":"2024-12-26 23:11:44"}
{"level":"info","message":"POST /users/token","timestamp":"2024-12-26 23:11:44"}
{"level":"info","message":"POST /cars/","timestamp":"2024-12-26 23:11:44"}
{"level":"info","message":"POST /users/token","timestamp":"2024-12-26 23:11:44"}
{"level":"info","message":"POST /cars/","timestamp":"2024-12-26 23:11:44"}
{"level":"info","message":"POST /users/token","timestamp":"2024-12-26 23:11:44"}
{"level":"info","message":"POST /cars/","timestamp":"2024-12-26 23:11:44"}
{"level":"info","message":"POST /users/token","timestamp":"2024-12-26 23:11:44"}
{"level":"info","message":"POST /cars/","timestamp":"2024-12-26 23:11:44"}
{"level":"info","message":"POST /users/token","timestamp":"2024-12-26 23:11:44"}
{"level":"info","message":"POST /cars/","timestamp":"2024-12-26 23:11:44"}
{"level":"info","message":"POST /users/token","timestamp":"2024-12-26 23:11:44"}
{"level":"info","message":"POST /cars/","timestamp":"2024-12-26 23:11:44"}
{"level":"info","message":"POST /users/token","timestamp":"2024-12-26 23:11:44"}
{"level":"info","message":"POST /cars/","timestamp":"2024-12-26 23:11:44"}
{"level":"info","message":"POST /users/token","timestamp":"2024-12-26 23:11:44"}
{"level":"info","message":"POST /cars/","timestamp":"2024-12-26 23:11:44"}
{"level":"info","message":"POST /users/token","timestamp":"2024-12-26 23:11:44"}
{"level":"info","message":"POST /cars/","timestamp":"2024-12-26 23:11:44"}
{"level":"info","message":"POST /users/token","timestamp":"2024-12-26 23:11:44"}
{"level":"info","message":"POST /cars/","timestamp":"2024-12-26 23:11:44"}
{"level":"info","message":"POST /users/token","timestamp":"2024-12-26 23:11:44"}
{"level":"info","message":"POST /cars/","timestamp":"2024-12-26 23:11:44"}
{"level":"info","message":"POST /users/token","timestamp":"2024-12-26 23:11:44"}
{"level":"info","message":"POST /cars/","timestamp":"2024-12-26 23:11:44"}
{"level":"info","message":"POST /users/token","timestamp":"2024-12-26 23:11:44"}
{"level":"info","message":"POST /cars/","timestamp":"2024-12-26 23:11:44"}
{"level":"info","message":"POST /users/token","timestamp":"2024-12-26 23:11:44"}
{"level":"info","message":"POST /cars/","timestamp":"2024-12-26 23:11:44"}
{"level":"info","message":"POST /users/token","timestamp":"2024-12-26 23:11:44"}
{"level":"info","message":"POST /cars/","timestamp":"2024-12-26 23:11:44"}
{"level":"info","message":"POST /users/token","timestamp":"2024-12-26 23:11:44"}
{"level":"info","message":"POST /cars/","timestamp":"2024-12-26 23:11:44"}
{"level":"info","message":"POST /users/token","timestamp":"2024-12-26 23:11:44"}
{"level":"info","message":"POST /cars/","timestamp":"2024-12-26 23:11:44"}
{"level":"info","message":"POST /users/token","timestamp":"2024-12-26 23:11:44"}
{"level":"info","message":"POST /cars/","timestamp":"2024-12-26 23:11:44"}
{"level":"info","message":"POST /users/token","timestamp":"2024-12-26 23:11:44"}
{"level":"info","message":"POST /cars/","timestamp":"2024-12-26 23:11:44"}
{"level":"info","message":"POST /users/token","timestamp":"2024-12-26 23:11:44"}
{"level":"info","message":"POST /cars/","timestamp":"2024-12-26 23:11:44"}
{"level":"info","message":"POST /users/token","timestamp":"2024-12-26 23:11:44"}
{"level":"info","message":"POST /cars/","timestamp":"2024-12-26 23:11:44"}
{"level":"info","message":"POST /users/token","timestamp":"2024-12-26 23:11:44"}
{"level":"info","message":"POST /cars/","timestamp":"2024-12-26 23:11:44"}
{"level":"info","message":"POST /users/token","timestamp":"2024-12-26 23:11:44"}
{"level":"info","message":"POST /cars/","timestamp":"2024-12-26 23:11:44"}
{"level":"info","message":"POST /users/token","timestamp":"2024-12-26 23:11:44"}
{"level":"info","message":"POST /cars/","timestamp":"2024-12-26 23:11:45"}
{"level":"info","message":"POST /users/token","timestamp":"2024-12-26 23:11:45"}
{"level":"info","message":"POST /cars/","timestamp":"2024-12-26 23:11:45"}
{"level":"info","message":"POST /users/token","timestamp":"2024-12-26 23:11:45"}
{"level":"info","message":"POST /cars/","timestamp":"2024-12-26 23:11:45"}
{"level":"info","message":"POST /users/token","timestamp":"2024-12-26 23:11:45"}
{"level":"info","message":"POST /cars/","timestamp":"2024-12-26 23:11:45"}
{"level":"info","message":"POST /users/token","timestamp":"2024-12-26 23:11:45"}
{"level":"info","message":"POST /cars/","timestamp":"2024-12-26 23:11:45"}
{"level":"info","message":"POST /users/token","timestamp":"2024-12-26 23:11:45"}
{"level":"info","message":"POST /cars/","timestamp":"2024-12-26 23:11:45"}
{"level":"info","message":"POST /users/token","timestamp":"2024-12-26 23:11:45"}
{"level":"info","message":"POST /cars/","timestamp":"2024-12-26 23:11:45"}
{"level":"info","message":"POST /users/token","timestamp":"2024-12-26 23:11:45"}
{"level":"info","message":"POST /cars/","timestamp":"2024-12-26 23:11:45"}
{"level":"info","message":"POST /users/token","timestamp":"2024-12-26 23:11:45"}
{"level":"info","message":"POST /cars/","timestamp":"2024-12-26 23:11:45"}
{"level":"info","message":"POST /users/token","timestamp":"2024-12-26 23:11:45"}
{"level":"info","message":"POST /cars/","timestamp":"2024-12-26 23:11:45"}
{"level":"info","message":"POST /users/token","timestamp":"2024-12-26 23:11:45"}
{"level":"info","message":"POST /cars/","timestamp":"2024-12-26 23:11:45"}
{"level":"info","message":"POST /users/token","timestamp":"2024-12-26 23:11:45"}
{"level":"info","message":"POST /cars/","timestamp":"2024-12-26 23:11:45"}
{"level":"info","message":"POST /users/token","timestamp":"2024-12-26 23:11:45"}
{"level":"info","message":"POST /cars/","timestamp":"2024-12-26 23:11:45"}
{"level":"info","message":"POST /users/token","timestamp":"2024-12-26 23:11:45"}
{"level":"info","message":"POST /cars/","timestamp":"2024-12-26 23:11:45"}
{"level":"info","message":"POST /users/token","timestamp":"2024-12-26 23:11:45"}
{"level":"info","message":"POST /cars/","timestamp":"2024-12-26 23:11:45"}
{"level":"info","message":"POST /users/token","timestamp":"2024-12-26 23:11:45"}
{"level":"info","message":"POST /cars/","timestamp":"2024-12-26 23:11:45"}
{"level":"info","message":"POST /users/token","timestamp":"2024-12-26 23:11:45"}
{"level":"info","message":"POST /cars/","timestamp":"2024-12-26 23:11:45"}
{"level":"info","message":"POST /users/token","timestamp":"2024-12-26 23:11:45"}
{"level":"info","message":"POST /cars/","timestamp":"2024-12-26 23:11:45"}
{"level":"info","message":"POST /users/token","timestamp":"2024-12-26 23:11:45"}
{"level":"info","message":"POST /cars/","timestamp":"2024-12-26 23:11:45"}
{"level":"info","message":"POST /users/token","timestamp":"2024-12-26 23:11:45"}
{"level":"info","message":"POST /cars/","timestamp":"2024-12-26 23:11:45"}
{"level":"info","message":"POST /users/token","timestamp":"2024-12-26 23:11:45"}
{"level":"info","message":"POST /cars/","timestamp":"2024-12-26 23:11:45"}
{"level":"info","message":"POST /users/token","timestamp":"2024-12-26 23:11:45"}
{"level":"info","message":"POST /cars/","timestamp":"2024-12-26 23:11:45"}
{"level":"info","message":"POST /users/token","timestamp":"2024-12-26 23:11:45"}
{"level":"info","message":"POST /cars/","timestamp":"2024-12-26 23:11:45"}
{"level":"info","message":"POST /users/token","timestamp":"2024-12-26 23:11:45"}
{"level":"info","message":"POST /cars/","timestamp":"2024-12-26 23:11:45"}
{"level":"info","message":"POST /users/token","timestamp":"2024-12-26 23:11:45"}
{"level":"info","message":"POST /cars/","timestamp":"2024-12-26 23:11:45"}
{"level":"info","message":"POST /users/token","timestamp":"2024-12-26 23:11:45"}
{"level":"info","message":"POST /cars/","timestamp":"2024-12-26 23:11:45"}
{"level":"info","message":"POST /users/token","timestamp":"2024-12-26 23:11:45"}
{"level":"info","message":"POST /cars/","timestamp":"2024-12-26 23:11:46"}
{"level":"info","message":"POST /users/token","timestamp":"2024-12-26 23:11:46"}
{"level":"info","message":"POST /cars/","timestamp":"2024-12-26 23:11:46"}
{"level":"info","message":"POST /users/token","timestamp":"2024-12-26 23:11:46"}
{"level":"info","message":"POST /cars/","timestamp":"2024-12-26 23:11:46"}
{"level":"info","message":"POST /users/token","timestamp":"2024-12-26 23:11:46"}
{"level":"info","message":"POST /cars/","timestamp":"2024-12-26 23:11:46"}
{"level":"info","message":"POST /users/token","timestamp":"2024-12-26 23:11:46"}
{"level":"info","message":"POST /cars/","timestamp":"2024-12-26 23:11:46"}
{"level":"info","message":"POST /users/token","timestamp":"2024-12-26 23:11:46"}
{"level":"info","message":"POST /cars/","timestamp":"2024-12-26 23:11:46"}
{"level":"info","message":"POST /users/token","timestamp":"2024-12-26 23:11:46"}
{"level":"info","message":"POST /cars/","timestamp":"2024-12-26 23:11:46"}
{"level":"info","message":"POST /users/token","timestamp":"2024-12-26 23:11:47"}
{"level":"info","message":"POST /cars/","timestamp":"2024-12-26 23:11:47"}
{"level":"info","message":"POST /users/token","timestamp":"2024-12-26 23:11:47"}
{"level":"info","message":"POST /cars/","timestamp":"2024-12-26 23:11:47"}
{"level":"info","message":"POST /users/token","timestamp":"2024-12-26 23:11:47"}
{"level":"info","message":"POST /cars/","timestamp":"2024-12-26 23:11:47"}
{"level":"info","message":"POST /users/token","timestamp":"2024-12-26 23:11:47"}
{"level":"info","message":"POST /cars/","timestamp":"2024-12-26 23:11:47"}
{"level":"info","message":"POST /users/token","timestamp":"2024-12-26 23:11:47"}
{"level":"info","message":"POST /cars/","timestamp":"2024-12-26 23:11:47"}
{"level":"info","message":"POST /users/token","timestamp":"2024-12-26 23:11:47"}
{"level":"info","message":"POST /cars/","timestamp":"2024-12-26 23:11:47"}
{"level":"info","message":"POST /users/token","timestamp":"2024-12-26 23:11:47"}
{"level":"info","message":"POST /cars/","timestamp":"2024-12-26 23:11:47"}
{"level":"info","message":"POST /users/token","timestamp":"2024-12-26 23:11:47"}
{"level":"info","message":"POST /cars/","timestamp":"2024-12-26 23:11:47"}
{"level":"info","message":"POST /users/token","timestamp":"2024-12-26 23:11:47"}
{"level":"info","message":"POST /cars/","timestamp":"2024-12-26 23:11:47"}
{"level":"info","message":"POST /users/token","timestamp":"2024-12-26 23:11:47"}
{"level":"info","message":"POST /cars/","timestamp":"2024-12-26 23:11:47"}
{"level":"info","message":"POST /users/token","timestamp":"2024-12-26 23:11:47"}
{"level":"info","message":"POST /cars/","timestamp":"2024-12-26 23:11:47"}
{"level":"info","message":"POST /users/token","timestamp":"2024-12-26 23:11:47"}
{"level":"info","message":"POST /cars/","timestamp":"2024-12-26 23:11:47"}
{"level":"info","message":"POST /users/token","timestamp":"2024-12-26 23:11:47"}
{"level":"info","message":"POST /cars/","timestamp":"2024-12-26 23:11:47"}
{"level":"info","message":"POST /users/token","timestamp":"2024-12-26 23:11:47"}
{"level":"info","message":"POST /cars/","timestamp":"2024-12-26 23:11:47"}
{"level":"info","message":"POST /users/token","timestamp":"2024-12-26 23:11:47"}
{"level":"info","message":"POST /cars/","timestamp":"2024-12-26 23:11:48"}
{"level":"info","message":"POST /users/token","timestamp":"2024-12-26 23:11:48"}
{"level":"info","message":"POST /cars/","timestamp":"2024-12-26 23:11:48"}
{"level":"info","message":"POST /users/token","timestamp":"2024-12-26 23:11:48"}
{"level":"info","message":"POST /cars/","timestamp":"2024-12-26 23:11:48"}
{"level":"info","message":"POST /users/token","timestamp":"2024-12-26 23:11:48"}
{"level":"info","message":"POST /cars/","timestamp":"2024-12-26 23:11:48"}
{"level":"info","message":"POST /users/token","timestamp":"2024-12-26 23:11:48"}
{"level":"info","message":"POST /cars/","timestamp":"2024-12-26 23:11:48"}
{"level":"info","message":"POST /users/token","timestamp":"2024-12-26 23:11:48"}
{"level":"info","message":"POST /cars/","timestamp":"2024-12-26 23:11:48"}
{"level":"info","message":"POST /users/token","timestamp":"2024-12-26 23:11:48"}
{"level":"info","message":"POST /cars/","timestamp":"2024-12-26 23:11:48"}
{"level":"info","message":"POST /users/token","timestamp":"2024-12-26 23:11:48"}
{"level":"info","message":"POST /cars/","timestamp":"2024-12-26 23:11:48"}
{"level":"info","message":"POST /users/token","timestamp":"2024-12-26 23:11:48"}
{"level":"info","message":"POST /cars/","timestamp":"2024-12-26 23:11:48"}
{"level":"info","message":"POST /users/token","timestamp":"2024-12-26 23:11:48"}
{"level":"info","message":"POST /cars/","timestamp":"2024-12-26 23:11:48"}
{"level":"info","message":"POST /users/token","timestamp":"2024-12-26 23:11:48"}
{"level":"info","message":"POST /cars/","timestamp":"2024-12-26 23:11:48"}
{"level":"info","message":"POST /users/token","timestamp":"2024-12-26 23:11:48"}
{"level":"info","message":"POST /cars/","timestamp":"2024-12-26 23:11:48"}
{"level":"info","message":"POST /users/token","timestamp":"2024-12-26 23:11:48"}
{"level":"info","message":"POST /cars/","timestamp":"2024-12-26 23:11:48"}
{"level":"info","message":"POST /users/token","timestamp":"2024-12-26 23:11:48"}
{"level":"info","message":"POST /cars/","timestamp":"2024-12-26 23:11:48"}
{"level":"info","message":"POST /users/token","timestamp":"2024-12-26 23:11:48"}
{"level":"info","message":"POST /cars/","timestamp":"2024-12-26 23:11:48"}
{"level":"info","message":"POST /users/token","timestamp":"2024-12-26 23:11:48"}
{"level":"info","message":"POST /cars/","timestamp":"2024-12-26 23:11:48"}
{"level":"info","message":"POST /users/token","timestamp":"2024-12-26 23:11:48"}
{"level":"info","message":"POST /cars/","timestamp":"2024-12-26 23:11:48"}
{"level":"info","message":"POST /users/token","timestamp":"2024-12-26 23:11:48"}
{"level":"info","message":"POST /cars/","timestamp":"2024-12-26 23:11:48"}
{"level":"info","message":"POST /users/token","timestamp":"2024-12-26 23:11:48"}
{"level":"info","message":"POST /cars/","timestamp":"2024-12-26 23:11:48"}
{"level":"info","message":"POST /users/token","timestamp":"2024-12-26 23:11:48"}
{"level":"info","message":"POST /cars/","timestamp":"2024-12-26 23:11:48"}
{"level":"info","message":"POST /users/token","timestamp":"2024-12-26 23:11:48"}
{"level":"info","message":"POST /cars/","timestamp":"2024-12-26 23:11:48"}
{"level":"info","message":"POST /users/token","timestamp":"2024-12-26 23:11:48"}
{"level":"info","message":"POST /cars/","timestamp":"2024-12-26 23:11:48"}
{"level":"info","message":"POST /users/token","timestamp":"2024-12-26 23:11:48"}
{"level":"info","message":"POST /cars/","timestamp":"2024-12-26 23:11:48"}
{"level":"info","message":"POST /users/token","timestamp":"2024-12-26 23:11:48"}
{"level":"info","message":"POST /cars/","timestamp":"2024-12-26 23:11:48"}
{"level":"info","message":"POST /users/token","timestamp":"2024-12-26 23:11:48"}
{"level":"info","message":"POST /cars/","timestamp":"2024-12-26 23:11:48"}
{"level":"info","message":"POST /users/token","timestamp":"2024-12-26 23:11:48"}
{"level":"info","message":"POST /cars/","timestamp":"2024-12-26 23:11:48"}
{"level":"info","message":"POST /users/token","timestamp":"2024-12-26 23:11:48"}
{"level":"info","message":"POST /cars/","timestamp":"2024-12-26 23:11:48"}
{"level":"info","message":"POST /users/token","timestamp":"2024-12-26 23:11:48"}
{"level":"info","message":"POST /cars/","timestamp":"2024-12-26 23:11:48"}
{"level":"info","message":"POST /users/token","timestamp":"2024-12-26 23:11:48"}
{"level":"info","message":"POST /cars/","timestamp":"2024-12-26 23:11:48"}
{"level":"info","message":"POST /users/token","timestamp":"2024-12-26 23:11:48"}
{"level":"info","message":"POST /cars/","timestamp":"2024-12-26 23:11:48"}
{"level":"info","message":"POST /users/token","timestamp":"2024-12-26 23:11:48"}
{"level":"info","message":"POST /cars/","timestamp":"2024-12-26 23:11:48"}
{"level":"info","message":"POST /users/token","timestamp":"2024-12-26 23:11:48"}
{"level":"info","message":"POST /cars/","timestamp":"2024-12-26 23:11:48"}
{"level":"info","message":"POST /users/token","timestamp":"2024-12-26 23:11:48"}
{"level":"info","message":"POST /cars/","timestamp":"2024-12-26 23:11:48"}
{"level":"info","message":"POST /users/token","timestamp":"2024-12-26 23:11:48"}
{"level":"info","message":"POST /cars/","timestamp":"2024-12-26 23:11:48"}
{"level":"info","message":"POST /users/token","timestamp":"2024-12-26 23:11:48"}
{"level":"info","message":"POST /cars/","timestamp":"2024-12-26 23:11:49"}
{"level":"info","message":"POST /users/token","timestamp":"2024-12-26 23:11:49"}
{"level":"info","message":"POST /cars/","timestamp":"2024-12-26 23:11:49"}
{"level":"info","message":"POST /users/token","timestamp":"2024-12-26 23:11:49"}
{"level":"info","message":"POST /cars/","timestamp":"2024-12-26 23:11:49"}
{"level":"info","message":"POST /users/token","timestamp":"2024-12-26 23:11:49"}
{"level":"info","message":"POST /cars/","timestamp":"2024-12-26 23:11:49"}
{"level":"info","message":"POST /users/token","timestamp":"2024-12-26 23:11:49"}
{"level":"info","message":"POST /cars/","timestamp":"2024-12-26 23:11:49"}
{"level":"info","message":"POST /users/token","timestamp":"2024-12-26 23:11:49"}
{"level":"info","message":"POST /cars/","timestamp":"2024-12-26 23:11:49"}
{"level":"info","message":"POST /users/token","timestamp":"2024-12-26 23:11:49"}
{"level":"info","message":"POST /cars/","timestamp":"2024-12-26 23:11:49"}
{"level":"info","message":"POST /users/token","timestamp":"2024-12-26 23:11:49"}
{"level":"info","message":"POST /cars/","timestamp":"2024-12-26 23:11:49"}
{"level":"info","message":"POST /users/token","timestamp":"2024-12-26 23:11:49"}
{"level":"info","message":"POST /cars/","timestamp":"2024-12-26 23:11:49"}
{"level":"info","message":"POST /users/token","timestamp":"2024-12-26 23:11:49"}
{"level":"info","message":"POST /cars/","timestamp":"2024-12-26 23:11:49"}
{"level":"info","message":"POST /users/token","timestamp":"2024-12-26 23:11:49"}
{"level":"info","message":"POST /cars/","timestamp":"2024-12-26 23:11:49"}
{"level":"info","message":"POST /users/token","timestamp":"2024-12-26 23:11:49"}
{"level":"info","message":"POST /cars/","timestamp":"2024-12-26 23:11:49"}
{"level":"info","message":"POST /users/token","timestamp":"2024-12-26 23:11:49"}
{"level":"info","message":"POST /cars/","timestamp":"2024-12-26 23:11:49"}
{"level":"info","message":"POST /users/token","timestamp":"2024-12-26 23:11:49"}
{"level":"info","message":"POST /cars/","timestamp":"2024-12-26 23:11:49"}
{"level":"info","message":"POST /users/token","timestamp":"2024-12-26 23:11:49"}
{"level":"info","message":"POST /cars/","timestamp":"2024-12-26 23:11:49"}
{"level":"info","message":"POST /users/token","timestamp":"2024-12-26 23:11:49"}
{"level":"info","message":"POST /cars/","timestamp":"2024-12-26 23:11:49"}
{"level":"info","message":"POST /users/token","timestamp":"2024-12-26 23:11:49"}
{"level":"info","message":"POST /cars/","timestamp":"2024-12-26 23:11:49"}
{"level":"info","message":"POST /users/token","timestamp":"2024-12-26 23:11:49"}
{"level":"info","message":"POST /cars/","timestamp":"2024-12-26 23:11:49"}
{"level":"info","message":"POST /users/token","timestamp":"2024-12-26 23:11:49"}
{"level":"info","message":"POST /cars/","timestamp":"2024-12-26 23:11:49"}
{"level":"info","message":"POST /users/token","timestamp":"2024-12-26 23:11:49"}
{"level":"info","message":"POST /cars/","timestamp":"2024-12-26 23:11:49"}
{"level":"info","message":"POST /users/token","timestamp":"2024-12-26 23:11:49"}
{"level":"info","message":"POST /cars/","timestamp":"2024-12-26 23:11:49"}
{"level":"info","message":"POST /users/token","timestamp":"2024-12-26 23:11:49"}
{"level":"info","message":"POST /cars/","timestamp":"2024-12-26 23:11:49"}
{"level":"info","message":"POST /users/token","timestamp":"2024-12-26 23:11:49"}
{"level":"info","message":"POST /cars/","timestamp":"2024-12-26 23:11:49"}
{"level":"info","message":"POST /users/token","timestamp":"2024-12-26 23:11:49"}
{"level":"info","message":"POST /cars/","timestamp":"2024-12-26 23:11:49"}
{"level":"info","message":"POST /users/token","timestamp":"2024-12-26 23:11:49"}
{"level":"info","message":"POST /cars/","timestamp":"2024-12-26 23:11:49"}
{"level":"info","message":"POST /users/token","timestamp":"2024-12-26 23:11:49"}
{"level":"info","message":"POST /cars/","timestamp":"2024-12-26 23:11:49"}
{"level":"info","message":"POST /users/token","timestamp":"2024-12-26 23:11:49"}
{"level":"info","message":"POST /cars/","timestamp":"2024-12-26 23:11:49"}
{"level":"info","message":"POST /users/token","timestamp":"2024-12-26 23:11:49"}
{"level":"info","message":"POST /cars/","timestamp":"2024-12-26 23:11:49"}
{"level":"info","message":"POST /users/token","timestamp":"2024-12-26 23:11:49"}
{"level":"info","message":"POST /cars/","timestamp":"2024-12-26 23:11:49"}
{"level":"info","message":"POST /users/token","timestamp":"2024-12-26 23:11:49"}
{"level":"info","message":"POST /cars/","timestamp":"2024-12-26 23:11:49"}
{"level":"info","message":"POST /users/token","timestamp":"2024-12-26 23:11:49"}
{"level":"info","message":"POST /cars/","timestamp":"2024-12-26 23:11:49"}
{"level":"info","message":"POST /users/token","timestamp":"2024-12-26 23:11:49"}
{"level":"info","message":"POST /cars/","timestamp":"2024-12-26 23:11:49"}
{"level":"info","message":"POST /users/token","timestamp":"2024-12-26 23:11:49"}
{"level":"info","message":"POST /cars/","timestamp":"2024-12-26 23:11:49"}
{"level":"info","message":"POST /users/token","timestamp":"2024-12-26 23:11:49"}
{"level":"info","message":"POST /cars/","timestamp":"2024-12-26 23:11:49"}
{"level":"info","message":"POST /users/token","timestamp":"2024-12-26 23:11:49"}
{"level":"info","message":"POST /cars/","timestamp":"2024-12-26 23:11:49"}
{"level":"info","message":"POST /users/token","timestamp":"2024-12-26 23:11:49"}
{"level":"info","message":"POST /cars/","timestamp":"2024-12-26 23:11:49"}
{"level":"info","message":"POST /users/token","timestamp":"2024-12-26 23:11:49"}
{"level":"info","message":"POST /cars/","timestamp":"2024-12-26 23:11:49"}
{"level":"info","message":"POST /users/token","timestamp":"2024-12-26 23:11:49"}
{"level":"info","message":"POST /cars/","timestamp":"2024-12-26 23:11:49"}
{"level":"info","message":"POST /users/token","timestamp":"2024-12-26 23:11:49"}
{"level":"info","message":"POST /cars/","timestamp":"2024-12-26 23:11:49"}
{"level":"info","message":"POST /users/token","timestamp":"2024-12-26 23:11:49"}
{"level":"info","message":"POST /cars/","timestamp":"2024-12-26 23:11:49"}
{"level":"info","message":"POST /users/token","timestamp":"2024-12-26 23:11:49"}
{"level":"info","message":"POST /cars/","timestamp":"2024-12-26 23:11:49"}
{"level":"info","message":"POST /users/token","timestamp":"2024-12-26 23:11:49"}
{"level":"info","message":"POST /cars/","timestamp":"2024-12-26 23:11:49"}
{"level":"info","message":"POST /users/token","timestamp":"2024-12-26 23:11:49"}
{"level":"info","message":"POST /cars/","timestamp":"2024-12-26 23:11:49"}
{"level":"info","message":"POST /users/token","timestamp":"2024-12-26 23:11:49"}
{"level":"info","message":"POST /cars/","timestamp":"2024-12-26 23:11:49"}
{"level":"info","message":"POST /users/token","timestamp":"2024-12-26 23:11:49"}
{"level":"info","message":"POST /cars/","timestamp":"2024-12-26 23:11:49"}
{"level":"info","message":"POST /users/token","timestamp":"2024-12-26 23:11:49"}
{"level":"info","message":"POST /cars/","timestamp":"2024-12-26 23:11:50"}
{"level":"info","message":"POST /users/token","timestamp":"2024-12-26 23:11:50"}
{"level":"info","message":"POST /cars/","timestamp":"2024-12-26 23:11:50"}
{"level":"info","message":"POST /users/token","timestamp":"2024-12-26 23:11:50"}
{"level":"info","message":"POST /cars/","timestamp":"2024-12-26 23:11:50"}
{"level":"info","message":"POST /users/token","timestamp":"2024-12-26 23:11:50"}
{"level":"info","message":"POST /cars/","timestamp":"2024-12-26 23:11:50"}
{"level":"info","message":"POST /users/token","timestamp":"2024-12-26 23:11:50"}
{"level":"info","message":"POST /cars/","timestamp":"2024-12-26 23:11:50"}
{"level":"info","message":"POST /users/token","timestamp":"2024-12-26 23:11:50"}
{"level":"info","message":"POST /cars/","timestamp":"2024-12-26 23:11:50"}
{"level":"info","message":"POST /users/token","timestamp":"2024-12-26 23:11:50"}
{"level":"info","message":"POST /cars/","timestamp":"2024-12-26 23:11:50"}
{"level":"info","message":"POST /users/token","timestamp":"2024-12-26 23:11:50"}
{"level":"info","message":"POST /cars/","timestamp":"2024-12-26 23:11:50"}
{"level":"info","message":"POST /users/token","timestamp":"2024-12-26 23:11:50"}
{"level":"info","message":"POST /cars/","timestamp":"2024-12-26 23:11:50"}
{"level":"info","message":"POST /users/token","timestamp":"2024-12-26 23:11:50"}
{"level":"info","message":"POST /cars/","timestamp":"2024-12-26 23:11:50"}
{"level":"info","message":"POST /users/token","timestamp":"2024-12-26 23:11:50"}
{"level":"info","message":"POST /cars/","timestamp":"2024-12-26 23:11:50"}
{"level":"info","message":"POST /users/token","timestamp":"2024-12-26 23:11:50"}
{"level":"info","message":"POST /cars/","timestamp":"2024-12-26 23:11:50"}
{"level":"info","message":"POST /users/token","timestamp":"2024-12-26 23:11:50"}
{"level":"info","message":"POST /cars/","timestamp":"2024-12-26 23:11:50"}
{"level":"info","message":"POST /users/token","timestamp":"2024-12-26 23:11:50"}
{"level":"info","message":"POST /cars/","timestamp":"2024-12-26 23:11:50"}
{"level":"info","message":"POST /users/token","timestamp":"2024-12-26 23:11:50"}
{"level":"info","message":"POST /cars/","timestamp":"2024-12-26 23:11:50"}
{"level":"info","message":"POST /users/token","timestamp":"2024-12-26 23:11:50"}
{"level":"info","message":"POST /cars/","timestamp":"2024-12-26 23:11:50"}
{"level":"info","message":"GET /cars","timestamp":"2024-12-26 23:11:59"}
{"level":"info","message":"GET /cars?user=675f7085a6a1d7c5697d7b04","timestamp":"2024-12-26 23:12:00"}
{"level":"info","message":"GET /cars","timestamp":"2024-12-26 23:12:02"}
{"level":"info","message":"GET /cars?user=675f7085a6a1d7c5697d7b04","timestamp":"2024-12-26 23:12:02"}
{"level":"info","message":"GET /cars","timestamp":"2024-12-26 23:12:03"}
{"level":"info","message":"GET /cars?user=675f7085a6a1d7c5697d7b04","timestamp":"2024-12-26 23:12:03"}
{"level":"info","message":"GET /cars?user=675f7085a6a1d7c5697d7b04","timestamp":"2024-12-26 23:15:05"}
{"level":"info","message":"GET /cars?limit=6","timestamp":"2024-12-26 23:15:06"}
{"level":"info","message":"GET /cars?user=675f7085a6a1d7c5697d7b04","timestamp":"2024-12-26 23:15:07"}
{"level":"info","message":"POST /cars/","timestamp":"2024-12-26 23:15:25"}
{"level":"info","message":"POST /users/token","timestamp":"2024-12-26 23:15:25"}
{"level":"info","message":"POST /cars/","timestamp":"2024-12-26 23:15:25"}
{"level":"info","message":"GET /cars?user=675f7085a6a1d7c5697d7b04","timestamp":"2024-12-26 23:15:25"}
{"level":"info","message":"GET /cars","timestamp":"2024-12-26 23:15:32"}
{"level":"info","message":"GET /cars?user=675f7085a6a1d7c5697d7b04","timestamp":"2024-12-26 23:15:34"}
{"level":"info","message":"GET /cars?limit=6","timestamp":"2024-12-26 23:16:25"}
{"level":"info","message":"POST /users/login","timestamp":"2024-12-26 23:16:34"}
{"level":"info","message":"GET /cars?limit=6","timestamp":"2024-12-26 23:16:34"}
{"level":"info","message":"GET /cars","timestamp":"2024-12-26 23:16:39"}
{"level":"info","message":"GET /cars?user=675f7085a6a1d7c5697d7b04","timestamp":"2024-12-26 23:16:40"}
{"level":"info","message":"POST /cars/","timestamp":"2024-12-26 23:17:16"}
{"level":"info","message":"GET /cars?user=675f7085a6a1d7c5697d7b04","timestamp":"2024-12-26 23:17:16"}
{"level":"info","message":"POST /users/token","timestamp":"2024-12-26 23:22:06"}
{"level":"info","message":"GET /cars?user=675f7085a6a1d7c5697d7b04","timestamp":"2024-12-26 23:23:35"}
{"level":"info","message":"POST /cars/","timestamp":"2024-12-26 23:24:02"}
{"level":"info","message":"GET /cars?user=675f7085a6a1d7c5697d7b04","timestamp":"2024-12-26 23:24:02"}
{"level":"info","message":"GET /cars","timestamp":"2024-12-26 23:24:06"}
{"level":"info","message":"GET /cars?user=675f7085a6a1d7c5697d7b04","timestamp":"2024-12-26 23:24:07"}
{"level":"info","message":"GET /cars","timestamp":"2024-12-26 23:24:35"}
{"level":"info","message":"GET /cars?page=2","timestamp":"2024-12-26 23:24:39"}
{"level":"info","message":"GET /cars?page=1","timestamp":"2024-12-26 23:24:41"}
{"level":"info","message":"GET /cars?user=675f7085a6a1d7c5697d7b04","timestamp":"2024-12-26 23:24:43"}
{"level":"info","message":"POST /cars/","timestamp":"2024-12-26 23:34:52"}
{"level":"info","message":"POST /users/token","timestamp":"2024-12-26 23:34:52"}
{"level":"info","message":"POST /cars/","timestamp":"2024-12-26 23:34:52"}
{"level":"info","message":"GET /cars?user=675f7085a6a1d7c5697d7b04","timestamp":"2024-12-26 23:34:52"}
{"level":"info","message":"POST /cars/","timestamp":"2024-12-26 23:36:04"}
{"level":"info","message":"POST /users/token","timestamp":"2024-12-26 23:36:04"}
{"level":"info","message":"POST /cars/","timestamp":"2024-12-26 23:36:04"}
{"level":"info","message":"GET /cars?user=675f7085a6a1d7c5697d7b04","timestamp":"2024-12-26 23:36:04"}
{"level":"info","message":"GET /cars?user=675f7085a6a1d7c5697d7b04","timestamp":"2024-12-26 23:37:01"}
{"level":"info","message":"POST /cars/","timestamp":"2024-12-26 23:37:39"}
{"level":"info","message":"POST /users/token","timestamp":"2024-12-26 23:37:39"}
{"level":"info","message":"GET /cars?user=675f7085a6a1d7c5697d7b04","timestamp":"2024-12-26 23:37:39"}
{"level":"info","message":"GET /cars?user=675f7085a6a1d7c5697d7b04","timestamp":"2024-12-26 23:38:06"}
{"level":"info","message":"POST /cars/","timestamp":"2024-12-26 23:38:20"}
{"level":"info","message":"POST /users/token","timestamp":"2024-12-26 23:38:20"}
{"level":"info","message":"GET /cars?user=675f7085a6a1d7c5697d7b04","timestamp":"2024-12-26 23:38:20"}
{"level":"info","message":"GET /cars?user=675f7085a6a1d7c5697d7b04","timestamp":"2024-12-26 23:39:05"}
{"level":"info","message":"POST /cars/","timestamp":"2024-12-26 23:39:17"}
{"level":"info","message":"POST /users/token","timestamp":"2024-12-26 23:39:17"}
{"level":"info","message":"GET /cars?user=675f7085a6a1d7c5697d7b04","timestamp":"2024-12-26 23:39:17"}
{"level":"info","message":"GET /cars?user=675f7085a6a1d7c5697d7b04","timestamp":"2024-12-26 23:40:59"}
{"level":"info","message":"POST /cars/","timestamp":"2024-12-26 23:41:10"}
{"level":"info","message":"POST /users/token","timestamp":"2024-12-26 23:41:10"}
{"level":"info","message":"GET /cars?user=675f7085a6a1d7c5697d7b04","timestamp":"2024-12-26 23:41:10"}
{"level":"info","message":"GET /cars?user=675f7085a6a1d7c5697d7b04","timestamp":"2024-12-26 23:41:45"}
{"level":"info","message":"POST /cars/","timestamp":"2024-12-26 23:41:56"}
{"level":"info","message":"POST /users/token","timestamp":"2024-12-26 23:41:56"}
{"level":"info","message":"POST /cars/","timestamp":"2024-12-26 23:42:59"}
{"level":"info","message":"POST /users/token","timestamp":"2024-12-26 23:42:59"}
{"level":"info","message":"GET /cars?user=675f7085a6a1d7c5697d7b04","timestamp":"2024-12-26 23:42:59"}
{"level":"info","message":"GET /cars?user=675f7085a6a1d7c5697d7b04","timestamp":"2024-12-26 23:46:02"}
{"level":"info","message":"POST /cars/","timestamp":"2024-12-26 23:46:13"}
{"level":"info","message":"POST /users/token","timestamp":"2024-12-26 23:46:13"}
{"level":"info","message":"GET /cars?user=675f7085a6a1d7c5697d7b04","timestamp":"2024-12-26 23:46:13"}
{"level":"info","message":"GET /cars?user=675f7085a6a1d7c5697d7b04","timestamp":"2024-12-26 23:49:18"}
{"level":"info","message":"GET /cars?user=675f7085a6a1d7c5697d7b04","timestamp":"2024-12-26 23:49:23"}
{"level":"info","message":"POST /cars/","timestamp":"2024-12-26 23:49:35"}
{"level":"info","message":"POST /users/token","timestamp":"2024-12-26 23:49:35"}
{"level":"info","message":"POST /cars/","timestamp":"2024-12-26 23:50:17"}
{"level":"info","message":"POST /users/token","timestamp":"2024-12-26 23:50:17"}
{"level":"info","message":"GET /cars?user=675f7085a6a1d7c5697d7b04","timestamp":"2024-12-26 23:50:17"}
{"level":"info","message":"GET /cars?user=675f7085a6a1d7c5697d7b04","timestamp":"2024-12-26 23:51:03"}
{"level":"info","message":"POST /cars/","timestamp":"2024-12-26 23:51:23"}
{"level":"info","message":"POST /users/token","timestamp":"2024-12-26 23:51:23"}
{"level":"info","message":"GET /cars?user=675f7085a6a1d7c5697d7b04","timestamp":"2024-12-26 23:51:23"}
{"level":"info","message":"POST /cars/","timestamp":"2024-12-26 23:51:36"}
{"level":"info","message":"GET /cars?user=675f7085a6a1d7c5697d7b04","timestamp":"2024-12-26 23:51:36"}
{"level":"info","message":"DELETE /cars/57a128ac-1fb0-426d-a107-85e3c3e6b23c","timestamp":"2024-12-26 23:51:53"}
{"level":"info","message":"GET /cars?user=675f7085a6a1d7c5697d7b04","timestamp":"2024-12-26 23:51:53"}
