{"level":"info","message":"GET /cars","timestamp":"2024-12-19 10:21:46"}
{"level":"info","message":"GET /cars","timestamp":"2024-12-19 10:28:26"}
{"level":"info","message":"GET /cars","timestamp":"2024-12-19 10:28:56"}
{"level":"info","message":"GET /cars","timestamp":"2024-12-19 11:08:01"}
{"level":"info","message":"GET /cars","timestamp":"2024-12-19 11:09:58"}
{"level":"info","message":"GET /cars","timestamp":"2024-12-19 11:10:34"}
{"level":"info","message":"GET /cars/5b900eb1-639b-4164-87ad-d69546f91542","timestamp":"2024-12-19 11:11:08"}
{"level":"info","message":"GET /cars/5b900eb1-639b-4164-87ad-d69546f91542","timestamp":"2024-12-19 11:12:47"}
{"level":"info","message":"GET /cars","timestamp":"2024-12-19 11:14:52"}
{"level":"info","message":"GET /cars/5b900eb1-639b-4164-87ad-d69546f91542","timestamp":"2024-12-19 11:14:58"}
{"level":"info","message":"GET /cars","timestamp":"2024-12-19 11:18:49"}
{"level":"info","message":"GET /cars/5b900eb1-639b-4164-87ad-d69546f91542","timestamp":"2024-12-19 11:21:37"}
{"level":"info","message":"GET /cars/5b900eb1-639b-4164-87ad-d69546f91542","timestamp":"2024-12-19 11:25:18"}
{"level":"info","message":"GET /cars","timestamp":"2024-12-19 11:25:42"}
{"level":"info","message":"GET /cars/5b900eb1-639b-4164-87ad-d69546f91542","timestamp":"2024-12-19 11:25:43"}
{"level":"info","message":"GET /cars/5b900eb1-639b-4164-87ad-d69546f91542","timestamp":"2024-12-19 11:53:24"}
{"level":"info","message":"GET /cars/5b900eb1-639b-4164-87ad-d69546f91542","timestamp":"2024-12-19 11:54:41"}
{"level":"info","message":"GET /cars/8646b8ae-d617-4e49-80b2-3dac888abe8a","timestamp":"2024-12-19 11:55:43"}
{"level":"info","message":"GET /cars?user=6754b5b57272b861d48270a1","timestamp":"2024-12-19 11:55:50"}
{"level":"info","message":"GET /cars/5b900eb1-639b-4164-87ad-d69546f91542","timestamp":"2024-12-19 11:56:03"}
{"level":"info","message":"GET /cars","timestamp":"2024-12-19 11:56:34"}
{"level":"info","message":"GET /cars/5b900eb1-639b-4164-87ad-d69546f91542","timestamp":"2024-12-19 11:57:03"}
{"level":"info","message":"GET /cars/5b900eb1-639b-4164-87ad-d69546f91542","timestamp":"2024-12-19 11:57:09"}
{"level":"info","message":"GET /cars/5b900eb1-639b-4164-87ad-d69546f91542","timestamp":"2024-12-19 11:58:11"}
{"level":"info","message":"GET /cars/5b900eb1-639b-4164-87ad-d69546f91542","timestamp":"2024-12-19 11:58:34"}
{"level":"info","message":"GET /cars/5b900eb1-639b-4164-87ad-d69546f91542","timestamp":"2024-12-19 11:59:07"}
{"level":"info","message":"GET /cars","timestamp":"2024-12-19 11:59:10"}
{"level":"info","message":"GET /cars/5b900eb1-639b-4164-87ad-d69546f91542","timestamp":"2024-12-19 11:59:12"}
{"level":"info","message":"GET /cars/5b900eb1-639b-4164-87ad-d69546f91542","timestamp":"2024-12-19 12:00:49"}
{"level":"info","message":"GET /cars/5b900eb1-639b-4164-87ad-d69546f91542","timestamp":"2024-12-19 12:01:51"}
{"level":"info","message":"GET /cars/5b900eb1-639b-4164-87ad-d69546f91542","timestamp":"2024-12-19 12:03:03"}
{"level":"info","message":"GET /cars/5b900eb1-639b-4164-87ad-d69546f91542","timestamp":"2024-12-19 12:04:21"}
{"level":"info","message":"GET /cars","timestamp":"2024-12-19 12:06:14"}
{"level":"info","message":"GET /cars","timestamp":"2024-12-19 12:06:53"}
{"level":"info","message":"GET /cars","timestamp":"2024-12-19 12:07:36"}
{"level":"info","message":"GET /cars","timestamp":"2024-12-19 12:08:38"}
{"level":"info","message":"GET /cars/5b900eb1-639b-4164-87ad-d69546f91542","timestamp":"2024-12-19 12:09:35"}
{"level":"info","message":"GET /cars/5b900eb1-639b-4164-87ad-d69546f91542","timestamp":"2024-12-19 12:09:50"}
{"level":"info","message":"GET /cars","timestamp":"2024-12-19 12:09:54"}
{"level":"info","message":"GET /cars/5b900eb1-639b-4164-87ad-d69546f91542","timestamp":"2024-12-19 12:09:54"}
{"level":"info","message":"GET /cars/5b900eb1-639b-4164-87ad-d69546f91542","timestamp":"2024-12-19 12:10:03"}
{"level":"info","message":"GET /cars","timestamp":"2024-12-19 12:10:05"}
{"level":"info","message":"GET /cars/5b900eb1-639b-4164-87ad-d69546f91542","timestamp":"2024-12-19 12:10:06"}
{"level":"info","message":"GET /cars/5b900eb1-639b-4164-87ad-d69546f91542","timestamp":"2024-12-19 12:10:27"}
{"level":"info","message":"GET /cars","timestamp":"2024-12-19 12:14:03"}
{"level":"info","message":"GET /cars","timestamp":"2024-12-19 12:14:25"}
{"level":"info","message":"GET /cars/5b900eb1-639b-4164-87ad-d69546f91542","timestamp":"2024-12-19 12:14:43"}
{"level":"info","message":"GET /cars/5b900eb1-639b-4164-87ad-d69546f91542","timestamp":"2024-12-19 12:14:44"}
{"level":"info","message":"GET /cars","timestamp":"2024-12-19 12:15:04"}
{"level":"info","message":"GET /cars/5b900eb1-639b-4164-87ad-d69546f91542","timestamp":"2024-12-19 12:15:06"}
{"level":"info","message":"GET /cars/5b900eb1-639b-4164-87ad-d69546f91542","timestamp":"2024-12-19 12:15:58"}
{"level":"info","message":"GET /cars","timestamp":"2024-12-19 12:16:01"}
{"level":"info","message":"GET /cars/5b900eb1-639b-4164-87ad-d69546f91542","timestamp":"2024-12-19 12:16:02"}
{"level":"info","message":"GET /cars/5b900eb1-639b-4164-87ad-d69546f91542","timestamp":"2024-12-19 12:16:20"}
{"level":"info","message":"GET /cars","timestamp":"2024-12-19 12:16:25"}
{"level":"info","message":"GET /cars/5b900eb1-639b-4164-87ad-d69546f91542","timestamp":"2024-12-19 12:16:26"}
{"level":"info","message":"GET /cars/5b900eb1-639b-4164-87ad-d69546f91542","timestamp":"2024-12-19 12:18:24"}
{"level":"info","message":"GET /cars","timestamp":"2024-12-19 12:18:27"}
{"level":"info","message":"GET /cars/5b900eb1-639b-4164-87ad-d69546f91542","timestamp":"2024-12-19 12:18:28"}
{"level":"info","message":"GET /cars","timestamp":"2024-12-19 12:21:22"}
{"level":"info","message":"GET /cars/5b900eb1-639b-4164-87ad-d69546f91542","timestamp":"2024-12-19 12:21:24"}
{"level":"info","message":"GET /cars/5b900eb1-639b-4164-87ad-d69546f91542","timestamp":"2024-12-19 12:21:47"}
{"level":"info","message":"GET /cars","timestamp":"2024-12-19 12:21:52"}
{"level":"info","message":"GET /cars/5b900eb1-639b-4164-87ad-d69546f91542","timestamp":"2024-12-19 15:25:05"}
{"level":"info","message":"GET /cars?user=6754b5b57272b861d48270a1","timestamp":"2024-12-19 15:25:11"}
{"level":"info","message":"GET /cars/5b900eb1-639b-4164-87ad-d69546f91542","timestamp":"2024-12-19 15:25:34"}
{"level":"info","message":"GET /cars/5b900eb1-639b-4164-87ad-d69546f91542","timestamp":"2024-12-19 15:27:01"}
{"level":"info","message":"GET /cars","timestamp":"2024-12-19 15:27:09"}
{"level":"info","message":"GET /cars/5b900eb1-639b-4164-87ad-d69546f91542","timestamp":"2024-12-19 15:27:18"}
{"level":"info","message":"GET /cars","timestamp":"2024-12-19 15:27:25"}
{"level":"info","message":"GET /cars/a3d7cec9-2fb8-4a96-be6c-ef99240f6c5c","timestamp":"2024-12-19 15:27:26"}
{"level":"info","message":"GET /cars","timestamp":"2024-12-19 15:27:29"}
{"level":"info","message":"GET /cars/f281e2f2-b5e3-4b81-b85b-63d8e3e08a93","timestamp":"2024-12-19 15:27:30"}
{"level":"info","message":"GET /cars","timestamp":"2024-12-19 15:27:34"}
{"level":"info","message":"GET /cars/dac81f47-80fa-4e5f-8135-ffa6c7376bd9","timestamp":"2024-12-19 15:27:35"}
{"level":"info","message":"GET /cars","timestamp":"2024-12-19 15:27:37"}
{"level":"info","message":"GET /cars/13b6a74b-a2a5-4529-bd87-3b885cde9382","timestamp":"2024-12-19 15:27:42"}
{"level":"info","message":"GET /cars","timestamp":"2024-12-19 15:27:55"}
{"level":"info","message":"GET /cars","timestamp":"2024-12-19 15:29:47"}
{"level":"info","message":"GET /cars/5b900eb1-639b-4164-87ad-d69546f91542","timestamp":"2024-12-19 15:29:49"}
{"level":"info","message":"GET /cars/5b900eb1-639b-4164-87ad-d69546f91542","timestamp":"2024-12-19 15:30:26"}
{"level":"info","message":"GET /cars/5b900eb1-639b-4164-87ad-d69546f91542","timestamp":"2024-12-19 15:30:32"}
{"level":"info","message":"GET /cars","timestamp":"2024-12-19 15:30:46"}
{"level":"info","message":"GET /cars","timestamp":"2024-12-19 15:30:49"}
{"level":"info","message":"GET /cars/5b900eb1-639b-4164-87ad-d69546f91542","timestamp":"2024-12-19 15:30:51"}
{"level":"info","message":"GET /cars/5b900eb1-639b-4164-87ad-d69546f91542","timestamp":"2024-12-19 15:31:44"}
{"level":"info","message":"GET /cars","timestamp":"2024-12-19 15:31:54"}
{"level":"info","message":"GET /cars","timestamp":"2024-12-19 15:37:05"}
{"level":"info","message":"GET /cars","timestamp":"2024-12-19 15:41:25"}
{"level":"info","message":"GET /cars","timestamp":"2024-12-19 15:43:11"}
{"level":"info","message":"GET /cars","timestamp":"2024-12-19 15:43:42"}
{"level":"info","message":"GET /cars","timestamp":"2024-12-19 15:44:04"}
{"level":"info","message":"GET /cars/5b900eb1-639b-4164-87ad-d69546f91542","timestamp":"2024-12-19 15:44:12"}
{"level":"info","message":"GET /cars","timestamp":"2024-12-19 15:44:16"}
{"level":"info","message":"GET /cars/5b900eb1-639b-4164-87ad-d69546f91542","timestamp":"2024-12-19 15:44:17"}
{"level":"info","message":"GET /cars","timestamp":"2024-12-19 15:45:52"}
{"level":"info","message":"GET /cars/930228b6-4808-4984-99a0-01a9d2a76562","timestamp":"2024-12-19 15:46:16"}
{"level":"info","message":"GET /cars","timestamp":"2024-12-19 15:58:37"}
{"level":"info","message":"GET /cars/5b900eb1-639b-4164-87ad-d69546f91542","timestamp":"2024-12-19 15:58:38"}
{"level":"info","message":"GET /cars","timestamp":"2024-12-19 15:58:44"}
{"level":"info","message":"GET /cars","timestamp":"2024-12-19 16:04:10"}
{"level":"info","message":"GET /cars","timestamp":"2024-12-19 16:08:08"}
{"level":"info","message":"GET /cars","timestamp":"2024-12-19 16:16:03"}
{"level":"info","message":"GET /cars","timestamp":"2024-12-19 16:18:46"}
{"level":"info","message":"GET /cars/5b900eb1-639b-4164-87ad-d69546f91542","timestamp":"2024-12-19 16:18:59"}
{"level":"info","message":"GET /cars/5b900eb1-639b-4164-87ad-d69546f91542","timestamp":"2024-12-19 16:19:22"}
{"level":"info","message":"GET /cars/5b900eb1-639b-4164-87ad-d69546f91542","timestamp":"2024-12-19 16:19:57"}
{"level":"info","message":"GET /cars/5b900eb1-639b-4164-87ad-d69546f91542","timestamp":"2024-12-19 16:27:23"}
{"level":"info","message":"GET /cars","timestamp":"2024-12-19 16:27:27"}
{"level":"info","message":"GET /cars/5b900eb1-639b-4164-87ad-d69546f91542","timestamp":"2024-12-19 16:27:28"}
{"level":"info","message":"GET /cars/5b900eb1-639b-4164-87ad-d69546f91542","timestamp":"2024-12-19 16:27:32"}
{"level":"info","message":"GET /cars","timestamp":"2024-12-19 16:27:36"}
{"level":"info","message":"GET /cars/5b900eb1-639b-4164-87ad-d69546f91542","timestamp":"2024-12-19 16:27:37"}
{"level":"info","message":"GET /cars/5b900eb1-639b-4164-87ad-d69546f91542","timestamp":"2024-12-19 16:28:48"}
{"level":"info","message":"GET /cars/5b900eb1-639b-4164-87ad-d69546f91542","timestamp":"2024-12-19 16:29:28"}
{"level":"info","message":"GET /cars/5b900eb1-639b-4164-87ad-d69546f91542","timestamp":"2024-12-19 16:29:35"}
{"level":"info","message":"GET /cars/5b900eb1-639b-4164-87ad-d69546f91542","timestamp":"2024-12-19 16:30:17"}
{"level":"info","message":"GET /cars/5b900eb1-639b-4164-87ad-d69546f91542","timestamp":"2024-12-19 16:35:34"}
{"level":"info","message":"GET /cars","timestamp":"2024-12-19 17:30:50"}
{"level":"info","message":"POST /users/login","timestamp":"2024-12-19 17:31:35"}
{"level":"info","message":"GET /cars","timestamp":"2024-12-19 17:31:35"}
{"level":"info","message":"GET /cars?user=6754b5b57272b861d48270a1","timestamp":"2024-12-19 17:32:05"}
{"level":"info","message":"GET /cars/5b900eb1-639b-4164-87ad-d69546f91542","timestamp":"2024-12-19 17:32:21"}
{"level":"info","message":"GET /cars?user=6754b5b57272b861d48270a1","timestamp":"2024-12-19 17:33:21"}
{"level":"info","message":"GET /cars?user=6754b5b57272b861d48270a1","timestamp":"2024-12-19 17:33:41"}
{"level":"info","message":"GET /cars","timestamp":"2024-12-19 17:33:45"}
{"level":"info","message":"GET /cars","timestamp":"2024-12-19 17:33:47"}
{"level":"info","message":"GET /","timestamp":"2024-12-19 17:34:06"}
{"level":"info","message":"GET /swagger-ui.css","timestamp":"2024-12-19 17:34:06"}
{"level":"info","message":"GET /swagger-ui-bundle.js","timestamp":"2024-12-19 17:34:06"}
{"level":"info","message":"GET /swagger-ui-standalone-preset.js","timestamp":"2024-12-19 17:34:06"}
{"level":"info","message":"GET /swagger-ui-init.js","timestamp":"2024-12-19 17:34:06"}
