{"level":"info","message":"GET /cars","timestamp":"2024-12-20 13:53:55"}
{"level":"info","message":"GET /cars","timestamp":"2024-12-20 22:03:04"}
{"level":"info","message":"GET /cars/5b900eb1-639b-4164-87ad-d69546f91542","timestamp":"2024-12-20 22:03:48"}
{"level":"info","message":"GET /cars/5b900eb1-639b-4164-87ad-d69546f91542","timestamp":"2024-12-20 22:05:41"}
{"level":"info","message":"GET /cars","timestamp":"2024-12-20 22:05:49"}
{"level":"info","message":"GET /cars/a3d7cec9-2fb8-4a96-be6c-ef99240f6c5c","timestamp":"2024-12-20 22:05:49"}
{"level":"info","message":"POST /users/login","timestamp":"2024-12-20 22:19:39"}
{"level":"info","message":"GET /cars","timestamp":"2024-12-20 22:19:39"}
{"level":"info","message":"GET /cars?user=6754b5b57272b861d48270a1","timestamp":"2024-12-20 22:28:03"}
{"level":"info","message":"GET /cars","timestamp":"2024-12-20 22:28:10"}
{"level":"info","message":"GET /cars","timestamp":"2024-12-20 23:02:52"}
{"level":"info","message":"POST /cars","timestamp":"2024-12-20 23:07:14"}
{"level":"info","message":"GET /cars","timestamp":"2024-12-20 23:08:54"}
{"level":"info","message":"POST /users/login","timestamp":"2024-12-20 23:09:03"}
{"level":"info","message":"GET /cars","timestamp":"2024-12-20 23:09:03"}
{"level":"info","message":"GET /cars?user=675f7085a6a1d7c5697d7b04","timestamp":"2024-12-20 23:09:06"}
{"level":"info","message":"POST /cars/","timestamp":"2024-12-20 23:09:53"}
{"level":"info","message":"GET /cars?user=675f7085a6a1d7c5697d7b04","timestamp":"2024-12-20 23:09:53"}
{"level":"info","message":"GET /cars?user=675f7085a6a1d7c5697d7b04","timestamp":"2024-12-20 23:11:06"}
{"level":"info","message":"GET /cars/aa9d51b3-82a5-449d-b177-5c3c43385e1f","timestamp":"2024-12-20 23:11:09"}
{"level":"info","message":"GET /cars?user=675f7085a6a1d7c5697d7b04","timestamp":"2024-12-20 23:14:13"}
{"level":"info","message":"GET /cars?user=675f7085a6a1d7c5697d7b04","timestamp":"2024-12-20 23:17:29"}
{"level":"info","message":"GET /cars?user=675f7085a6a1d7c5697d7b04","timestamp":"2024-12-20 23:18:48"}
{"level":"info","message":"GET /cars?user=675f7085a6a1d7c5697d7b04","timestamp":"2024-12-20 23:18:48"}
{"level":"info","message":"GET /cars?user=675f7085a6a1d7c5697d7b04","timestamp":"2024-12-20 23:18:49"}
{"level":"info","message":"GET /cars?user=675f7085a6a1d7c5697d7b04","timestamp":"2024-12-20 23:18:49"}
{"level":"info","message":"GET /cars?user=675f7085a6a1d7c5697d7b04","timestamp":"2024-12-20 23:18:49"}
{"level":"info","message":"GET /cars","timestamp":"2024-12-20 23:19:00"}
{"level":"info","message":"GET /cars?user=675f7085a6a1d7c5697d7b04","timestamp":"2024-12-20 23:19:02"}
{"level":"info","message":"GET /cars/aa9d51b3-82a5-449d-b177-5c3c43385e1f","timestamp":"2024-12-20 23:20:21"}
{"level":"info","message":"GET /cars?user=675f7085a6a1d7c5697d7b04","timestamp":"2024-12-20 23:20:24"}
{"level":"info","message":"GET /cars/aa9d51b3-82a5-449d-b177-5c3c43385e1f","timestamp":"2024-12-20 23:21:42"}
{"level":"info","message":"GET /cars","timestamp":"2024-12-20 23:21:44"}
{"level":"info","message":"GET /cars","timestamp":"2024-12-20 23:22:56"}
{"level":"info","message":"GET /cars/5b900eb1-639b-4164-87ad-d69546f91542","timestamp":"2024-12-20 23:24:07"}
{"level":"info","message":"GET /cars?user=675f7085a6a1d7c5697d7b04","timestamp":"2024-12-20 23:24:09"}
{"level":"info","message":"GET /cars/aa9d51b3-82a5-449d-b177-5c3c43385e1f","timestamp":"2024-12-20 23:24:13"}
{"level":"info","message":"GET /cars?user=675f7085a6a1d7c5697d7b04","timestamp":"2024-12-20 23:24:19"}
{"level":"info","message":"GET /cars","timestamp":"2024-12-20 23:27:29"}
{"level":"info","message":"GET /cars?user=675f7085a6a1d7c5697d7b04","timestamp":"2024-12-20 23:27:42"}
{"level":"info","message":"GET /cars/aa9d51b3-82a5-449d-b177-5c3c43385e1f","timestamp":"2024-12-20 23:27:45"}
{"level":"info","message":"POST /cars/","timestamp":"2024-12-20 23:29:06"}
{"level":"info","message":"POST /users/login","timestamp":"2024-12-20 23:29:28"}
{"level":"info","message":"GET /cars","timestamp":"2024-12-20 23:29:28"}
{"level":"info","message":"GET /cars?user=675f7085a6a1d7c5697d7b04","timestamp":"2024-12-20 23:29:32"}
{"level":"info","message":"POST /cars/","timestamp":"2024-12-20 23:29:53"}
{"level":"info","message":"GET /cars?user=675f7085a6a1d7c5697d7b04","timestamp":"2024-12-20 23:29:53"}
{"level":"info","message":"GET /cars/755a76f8-9f53-4148-bab0-ceb490c70e33","timestamp":"2024-12-20 23:30:00"}
{"level":"info","message":"GET /cars","timestamp":"2024-12-20 23:30:10"}
