{"level":"info","message":"GET /","timestamp":"2024-12-17 22:30:33"}
{"level":"info","message":"GET /swagger-ui.css","timestamp":"2024-12-17 22:30:33"}
{"level":"info","message":"GET /swagger-ui-bundle.js","timestamp":"2024-12-17 22:30:33"}
{"level":"info","message":"GET /swagger-ui-standalone-preset.js","timestamp":"2024-12-17 22:30:33"}
{"level":"info","message":"GET /swagger-ui-init.js","timestamp":"2024-12-17 22:30:33"}
{"level":"info","message":"GET /favicon-32x32.png","timestamp":"2024-12-17 22:30:33"}
{"level":"info","message":"GET /cars?userId=6754c8c2626d14d6ee185e1b","timestamp":"2024-12-17 22:30:56"}
{"level":"info","message":"POST /users/login","timestamp":"2024-12-17 22:31:13"}
{"level":"info","message":"GET /cars?userId=6754b5b57272b861d48270a1","timestamp":"2024-12-17 22:31:13"}
{"level":"info","message":"GET /cars?userId=6754b5b57272b861d48270a1","timestamp":"2024-12-17 22:31:48"}
{"level":"info","message":"GET /cars","timestamp":"2024-12-17 22:32:01"}
{"level":"info","message":"GET /cars?user=6754b5b57272b861d48270a1","timestamp":"2024-12-17 22:32:26"}
{"level":"info","message":"GET /cars?user=6754b5b57272b861d48270a1","timestamp":"2024-12-17 22:34:04"}
{"level":"info","message":"GET /cars?user=ObjectId(%226754b5b57272b861d48270a1%22)","timestamp":"2024-12-17 22:38:19"}
{"level":"info","message":"GET /cars?user=ObjectId(%226754b5b57272b861d48270a1%22)","timestamp":"2024-12-17 22:38:47"}
{"level":"info","message":"GET /cars?user=6754b5b57272b861d48270a1","timestamp":"2024-12-17 22:38:51"}
{"level":"info","message":"GET /cars?user=oid(6754b5b57272b861d48270a1)","timestamp":"2024-12-17 22:43:17"}
{"level":"info","message":"GET /cars?user=oid(6754b5b57272b861d48270a1)","timestamp":"2024-12-17 22:43:54"}
{"level":"info","message":"GET /cars?user=6754b5b57272b861d48270a1","timestamp":"2024-12-17 22:47:12"}
{"level":"info","message":"GET /cars?user=6754b5b57272b861d48270a1","timestamp":"2024-12-17 22:47:46"}
{"level":"info","message":"GET /cars?user=6754b5b57272b861d48270a1","timestamp":"2024-12-17 22:48:09"}
{"level":"info","message":"GET /cars?user=6754b5b57272b861d48270a1","timestamp":"2024-12-17 22:48:16"}
{"level":"info","message":"GET /cars?brand=Jeed","timestamp":"2024-12-17 22:48:49"}
{"level":"info","message":"GET /cars?brand=Jeep","timestamp":"2024-12-17 22:48:55"}
{"level":"info","message":"GET /cars?user=objectId(%276754b5b57272b861d48270a1%27)","timestamp":"2024-12-17 22:49:25"}
{"level":"info","message":"GET /cars?user=objectId(%226754b5b57272b861d48270a1%22)","timestamp":"2024-12-17 22:49:53"}
{"level":"info","message":"GET /cars?user={%22$oid%22:%20%226754b5b57272b861d48270a1%22}","timestamp":"2024-12-17 22:50:53"}
{"level":"info","message":"GET /cars","timestamp":"2024-12-17 22:55:20"}
{"level":"info","message":"GET /cars?user=6754b5b57272b861d48270a1","timestamp":"2024-12-17 22:55:42"}
{"level":"info","message":"GET /cars?user=6754b5b57272b861d48270a1","timestamp":"2024-12-17 23:00:58"}
{"level":"info","message":"GET /cars?user=6754b5b57272b861d48270a1","timestamp":"2024-12-17 23:01:06"}
{"level":"info","message":"GET /cars?user=6754b5b57272b861d48270a1","timestamp":"2024-12-17 23:01:11"}
{"level":"info","message":"GET /cars?user=6754b5b57272b861d48270a1","timestamp":"2024-12-17 23:01:40"}
{"level":"info","message":"GET /cars?user=6754b5b57272b861d48270a1","timestamp":"2024-12-17 23:02:26"}
{"level":"info","message":"GET /cars?userId=6754b5b57272b861d48270a1","timestamp":"2024-12-17 23:02:36"}
{"level":"info","message":"POST /users/login","timestamp":"2024-12-17 23:02:47"}
{"level":"info","message":"GET /cars?userId=6754b5b57272b861d48270a1","timestamp":"2024-12-17 23:02:47"}
{"level":"info","message":"GET /cars?user=6754b5b57272b861d48270a1","timestamp":"2024-12-17 23:03:39"}
{"level":"info","message":"GET /cars?user=6754b5b57272b861d48270a1","timestamp":"2024-12-17 23:03:56"}
{"level":"info","message":"GET /cars?user=6754b5b57272b861d48270a1","timestamp":"2024-12-17 23:04:05"}
{"level":"info","message":"GET /cars?user=6754b5b57272b861d48270a1","timestamp":"2024-12-17 23:04:11"}
{"level":"info","message":"POST /users/login","timestamp":"2024-12-17 23:04:24"}
{"level":"info","message":"POST /users/login","timestamp":"2024-12-17 23:04:35"}
{"level":"info","message":"GET /cars?user=675f7085a6a1d7c5697d7b04","timestamp":"2024-12-17 23:04:35"}
{"level":"info","message":"POST /users/login","timestamp":"2024-12-17 23:05:50"}
{"level":"info","message":"GET /cars?user=675f7085a6a1d7c5697d7b04","timestamp":"2024-12-17 23:05:51"}
{"level":"info","message":"GET /cars?user=675f7085a6a1d7c5697d7b04","timestamp":"2024-12-17 23:05:54"}
{"level":"info","message":"POST /users/login","timestamp":"2024-12-17 23:06:46"}
{"level":"info","message":"GET /cars?user=675f7085a6a1d7c5697d7b04","timestamp":"2024-12-17 23:06:46"}
{"level":"info","message":"GET /cars?user=null","timestamp":"2024-12-17 23:07:03"}
{"level":"info","message":"GET /cars","timestamp":"2024-12-17 23:08:28"}
{"level":"info","message":"GET /cars","timestamp":"2024-12-17 23:11:23"}
{"level":"info","message":"GET /cars","timestamp":"2024-12-17 23:11:33"}
{"level":"info","message":"GET /cars","timestamp":"2024-12-17 23:11:58"}
{"level":"info","message":"POST /users/login","timestamp":"2024-12-17 23:12:11"}
{"level":"info","message":"GET /cars?user=6754b5b57272b861d48270a1","timestamp":"2024-12-17 23:12:11"}
{"level":"info","message":"GET /cars?user=6754b5b57272b861d48270a1","timestamp":"2024-12-17 23:13:55"}
{"level":"info","message":"GET /cars","timestamp":"2024-12-17 23:14:00"}
{"level":"info","message":"POST /users/login","timestamp":"2024-12-17 23:14:55"}
{"level":"info","message":"GET /cars?user=675f7085a6a1d7c5697d7b04","timestamp":"2024-12-17 23:14:55"}
{"level":"info","message":"GET /cars?user=675f7085a6a1d7c5697d7b04","timestamp":"2024-12-17 23:15:34"}
{"level":"info","message":"GET /cars?user=675f7085a6a1d7c5697d7b04","timestamp":"2024-12-17 23:15:36"}
{"level":"info","message":"GET /cars?user=675f7085a6a1d7c5697d7b04","timestamp":"2024-12-17 23:15:45"}
{"level":"info","message":"GET /cars?user=675f7085a6a1d7c5697d7b04","timestamp":"2024-12-17 23:15:47"}
{"level":"info","message":"GET /cars?user=675f7085a6a1d7c5697d7b04","timestamp":"2024-12-17 23:17:02"}
{"level":"info","message":"GET /cars","timestamp":"2024-12-17 23:17:05"}
{"level":"info","message":"POST /users/login","timestamp":"2024-12-17 23:17:14"}
{"level":"info","message":"GET /cars?user=6754b5b57272b861d48270a1","timestamp":"2024-12-17 23:17:14"}
{"level":"info","message":"GET /cars?user=6754b5b57272b861d48270a1","timestamp":"2024-12-17 23:21:43"}
{"level":"info","message":"GET /cars?user=6754b5b57272b861d48270a1","timestamp":"2024-12-17 23:22:12"}
{"level":"info","message":"GET /cars","timestamp":"2024-12-17 23:22:17"}
{"level":"info","message":"GET /cars?user=6754b5b57272b861d48270a1","timestamp":"2024-12-17 23:22:20"}
{"level":"info","message":"GET /cars","timestamp":"2024-12-17 23:22:24"}
{"level":"info","message":"GET /cars?user=6754b5b57272b861d48270a1","timestamp":"2024-12-17 23:22:26"}
{"level":"info","message":"GET /cars","timestamp":"2024-12-17 23:26:36"}
{"level":"info","message":"GET /cars","timestamp":"2024-12-17 23:29:10"}
{"level":"info","message":"GET /cars","timestamp":"2024-12-17 23:29:43"}
{"level":"info","message":"GET /cars","timestamp":"2024-12-17 23:30:18"}
{"level":"info","message":"GET /cars","timestamp":"2024-12-17 23:57:22"}
{"level":"info","message":"GET /cars","timestamp":"2024-12-17 23:58:12"}
{"level":"info","message":"GET /cars","timestamp":"2024-12-17 23:58:15"}
{"level":"info","message":"GET /cars","timestamp":"2024-12-17 23:58:15"}
{"level":"info","message":"GET /cars","timestamp":"2024-12-17 23:58:16"}
