{"level":"info","message":"GET /cars","timestamp":"2024-12-23 16:05:54"}
{"level":"info","message":"GET /cars","timestamp":"2024-12-23 16:06:08"}
{"level":"info","message":"GET /cars","timestamp":"2024-12-23 16:06:25"}
{"level":"info","message":"GET /cars","timestamp":"2024-12-23 16:07:16"}
{"level":"info","message":"GET /cars","timestamp":"2024-12-23 16:07:24"}
{"level":"info","message":"GET /cars","timestamp":"2024-12-23 16:07:29"}
{"level":"info","message":"GET /cars","timestamp":"2024-12-23 16:07:48"}
{"level":"info","message":"GET /cars","timestamp":"2024-12-23 16:07:58"}
{"level":"info","message":"GET /cars","timestamp":"2024-12-23 16:08:22"}
{"level":"info","message":"GET /cars","timestamp":"2024-12-23 16:08:26"}
{"level":"info","message":"GET /cars","timestamp":"2024-12-23 16:12:14"}
{"level":"info","message":"GET /cars","timestamp":"2024-12-23 16:12:16"}
{"level":"info","message":"GET /cars","timestamp":"2024-12-23 16:12:29"}
{"level":"info","message":"GET /cars","timestamp":"2024-12-23 16:13:49"}
{"level":"info","message":"GET /cars","timestamp":"2024-12-23 16:13:52"}
{"level":"info","message":"GET /cars","timestamp":"2024-12-23 16:13:55"}
{"level":"info","message":"GET /cars","timestamp":"2024-12-23 16:14:08"}
{"level":"info","message":"GET /cars","timestamp":"2024-12-23 16:14:30"}
{"level":"info","message":"GET /cars","timestamp":"2024-12-23 16:15:00"}
{"level":"info","message":"GET /cars","timestamp":"2024-12-23 16:15:01"}
{"level":"info","message":"GET /cars","timestamp":"2024-12-23 16:15:03"}
{"level":"info","message":"GET /cars","timestamp":"2024-12-23 16:15:05"}
{"level":"info","message":"GET /cars","timestamp":"2024-12-23 16:16:28"}
{"level":"info","message":"GET /cars","timestamp":"2024-12-23 16:16:47"}
{"level":"info","message":"GET /cars","timestamp":"2024-12-23 16:17:42"}
{"level":"info","message":"GET /cars","timestamp":"2024-12-23 16:17:51"}
{"level":"info","message":"GET /cars","timestamp":"2024-12-23 16:17:54"}
{"level":"info","message":"GET /cars","timestamp":"2024-12-23 16:17:56"}
{"level":"info","message":"GET /cars","timestamp":"2024-12-23 16:18:12"}
{"level":"info","message":"GET /cars","timestamp":"2024-12-23 16:18:19"}
{"level":"info","message":"GET /cars","timestamp":"2024-12-23 16:28:29"}
{"level":"info","message":"GET /cars","timestamp":"2024-12-23 16:28:31"}
{"level":"info","message":"GET /cars","timestamp":"2024-12-23 16:28:44"}
{"level":"info","message":"GET /carsbrand=undefined&","timestamp":"2024-12-23 16:32:05"}
{"level":"info","message":"GET /carsbrand=undefined&","timestamp":"2024-12-23 16:32:15"}
{"level":"info","message":"GET /carsbrand=undefined&","timestamp":"2024-12-23 16:32:24"}
{"level":"info","message":"GET /carsbrand=undefined&","timestamp":"2024-12-23 16:32:53"}
{"level":"info","message":"GET /cars","timestamp":"2024-12-23 16:34:48"}
{"level":"info","message":"GET /cars","timestamp":"2024-12-23 16:34:52"}
{"level":"info","message":"GET /cars","timestamp":"2024-12-23 16:34:55"}
{"level":"info","message":"GET /cars","timestamp":"2024-12-23 16:34:57"}
{"level":"info","message":"GET /carsbrand=Jeep&","timestamp":"2024-12-23 16:35:04"}
{"level":"info","message":"GET /carsbrand=Jeep&","timestamp":"2024-12-23 16:35:33"}
{"level":"info","message":"GET /cars","timestamp":"2024-12-23 16:35:37"}
{"level":"info","message":"GET /cars","timestamp":"2024-12-23 16:35:37"}
{"level":"info","message":"GET /cars","timestamp":"2024-12-23 16:35:39"}
{"level":"info","message":"GET /carsbrand=Jeep&","timestamp":"2024-12-23 16:35:44"}
{"level":"info","message":"GET /cars?brand=Jeep","timestamp":"2024-12-23 16:37:48"}
{"level":"info","message":"GET /cars?brand=Jeep","timestamp":"2024-12-23 16:38:02"}
{"level":"info","message":"GET /cars","timestamp":"2024-12-23 16:38:07"}
{"level":"info","message":"GET /cars","timestamp":"2024-12-23 16:38:10"}
{"level":"info","message":"GET /cars","timestamp":"2024-12-23 16:38:11"}
{"level":"info","message":"GET /cars?brand=Jeep","timestamp":"2024-12-23 16:38:22"}
{"level":"info","message":"GET /cars","timestamp":"2024-12-23 16:39:17"}
{"level":"info","message":"GET /cars","timestamp":"2024-12-23 16:44:07"}
{"level":"info","message":"GET /cars","timestamp":"2024-12-23 16:44:09"}
{"level":"info","message":"GET /cars","timestamp":"2024-12-23 16:44:12"}
{"level":"info","message":"GET /cars?brand=Jeep","timestamp":"2024-12-23 16:44:20"}
{"level":"info","message":"GET /cars?brand=Jeep","timestamp":"2024-12-23 16:49:51"}
{"level":"info","message":"GET /cars","timestamp":"2024-12-23 16:49:56"}
{"level":"info","message":"GET /cars","timestamp":"2024-12-23 16:49:58"}
{"level":"info","message":"GET /cars?brand=Jeep","timestamp":"2024-12-23 16:50:09"}
{"level":"info","message":"GET /cars?limit=6?page=2","timestamp":"2024-12-23 16:50:20"}
{"level":"info","message":"GET /cars?limit=6?page=2","timestamp":"2024-12-23 16:52:44"}
{"level":"info","message":"GET /cars","timestamp":"2024-12-23 16:52:52"}
{"level":"info","message":"GET /cars","timestamp":"2024-12-23 16:52:55"}
{"level":"info","message":"GET /cars?brand=Jeep","timestamp":"2024-12-23 16:53:01"}
{"level":"info","message":"GET /cars?limit=6?page=2","timestamp":"2024-12-23 16:53:10"}
{"level":"info","message":"GET /cars?limit=6&page=2","timestamp":"2024-12-23 16:53:24"}
{"level":"info","message":"GET /cars?limit=6&page=2","timestamp":"2024-12-23 16:53:46"}
{"level":"info","message":"GET /cars?limit=6&page=2","timestamp":"2024-12-23 16:53:49"}
{"level":"info","message":"GET /cars?limit=6&page=2","timestamp":"2024-12-23 16:54:33"}
{"level":"info","message":"GET /cars?limit=6&page=2","timestamp":"2024-12-23 16:57:36"}
{"level":"info","message":"GET /cars?limit=6&page=2","timestamp":"2024-12-23 16:57:41"}
{"level":"info","message":"GET /cars?limit=6&page=2","timestamp":"2024-12-23 17:02:11"}
{"level":"info","message":"GET /cars?limit=6&page=2","timestamp":"2024-12-23 17:02:33"}
{"level":"info","message":"GET /cars?limit=6&page=2","timestamp":"2024-12-23 22:10:21"}
{"level":"info","message":"GET /cars?limit=6&page=2","timestamp":"2024-12-23 22:11:58"}
{"level":"info","message":"GET /cars?limit=6&page=2","timestamp":"2024-12-23 22:11:58"}
{"level":"info","message":"GET /cars?limit=6&page=2","timestamp":"2024-12-23 22:12:03"}
{"level":"info","message":"GET /cars?limit=6&page=2","timestamp":"2024-12-23 22:12:03"}
{"level":"info","message":"GET /cars?limit=6&page=2","timestamp":"2024-12-23 22:12:05"}
{"level":"info","message":"GET /cars?limit=6&page=2","timestamp":"2024-12-23 22:12:05"}
{"level":"info","message":"GET /cars?limit=6&page=2","timestamp":"2024-12-23 22:12:05"}
{"level":"info","message":"GET /cars?limit=6&page=2","timestamp":"2024-12-23 22:12:05"}
{"level":"info","message":"GET /cars?limit=6&page=2","timestamp":"2024-12-23 22:12:05"}
{"level":"info","message":"GET /cars?limit=6&page=2","timestamp":"2024-12-23 22:12:05"}
{"level":"info","message":"GET /cars?limit=6&page=2","timestamp":"2024-12-23 22:12:06"}
{"level":"info","message":"GET /cars?limit=6&page=2","timestamp":"2024-12-23 22:12:06"}
{"level":"info","message":"GET /cars?limit=6&page=2","timestamp":"2024-12-23 22:12:06"}
{"level":"info","message":"GET /cars?limit=6&page=2","timestamp":"2024-12-23 22:12:06"}
{"level":"info","message":"GET /cars?limit=6&page=2","timestamp":"2024-12-23 22:12:07"}
{"level":"info","message":"GET /cars?limit=6&page=2","timestamp":"2024-12-23 22:12:07"}
{"level":"info","message":"GET /cars?limit=6&page=2","timestamp":"2024-12-23 22:12:07"}
{"level":"info","message":"GET /cars?limit=6&page=2","timestamp":"2024-12-23 22:12:07"}
{"level":"info","message":"GET /cars?limit=6&page=2","timestamp":"2024-12-23 22:12:08"}
{"level":"info","message":"GET /cars?limit=6&page=2","timestamp":"2024-12-23 22:12:08"}
{"level":"info","message":"GET /cars?limit=6&page=2","timestamp":"2024-12-23 22:12:10"}
{"level":"info","message":"GET /cars?limit=6&page=2","timestamp":"2024-12-23 22:12:10"}
{"level":"info","message":"GET /cars?limit=6&page=2","timestamp":"2024-12-23 22:12:11"}
{"level":"info","message":"GET /cars?limit=6&page=2","timestamp":"2024-12-23 22:12:11"}
{"level":"info","message":"GET /cars?limit=6&page=2","timestamp":"2024-12-23 22:14:10"}
{"level":"info","message":"GET /cars","timestamp":"2024-12-23 22:14:17"}
{"level":"info","message":"GET /cars","timestamp":"2024-12-23 22:14:21"}
{"level":"info","message":"GET /cars","timestamp":"2024-12-23 22:14:21"}
{"level":"info","message":"GET /cars","timestamp":"2024-12-23 22:14:24"}
{"level":"info","message":"GET /cars","timestamp":"2024-12-23 22:14:24"}
{"level":"info","message":"GET /cars","timestamp":"2024-12-23 22:18:25"}
{"level":"info","message":"GET /cars","timestamp":"2024-12-23 22:18:37"}
{"level":"info","message":"GET /cars","timestamp":"2024-12-23 22:18:37"}
{"level":"info","message":"GET /cars","timestamp":"2024-12-23 22:25:01"}
{"level":"info","message":"GET /cars&brand=Jeep","timestamp":"2024-12-23 22:42:05"}
{"level":"info","message":"GET /cars&brand=Jeep","timestamp":"2024-12-23 22:42:31"}
{"level":"info","message":"GET /cars?&brand=Jeep","timestamp":"2024-12-23 22:43:20"}
{"level":"info","message":"GET /cars?&brand=Jeep","timestamp":"2024-12-23 22:43:26"}
{"level":"info","message":"GET /cars?&model=Compass","timestamp":"2024-12-23 22:43:43"}
{"level":"info","message":"GET /cars?&model=Compass","timestamp":"2024-12-23 22:43:47"}
{"level":"info","message":"GET /cars?&minPrice=1500","timestamp":"2024-12-23 22:43:57"}
{"level":"info","message":"GET /cars?&minPrice=1500","timestamp":"2024-12-23 22:44:08"}
{"level":"info","message":"GET /cars?minPrice=1500","timestamp":"2024-12-23 22:44:45"}
{"level":"info","message":"GET /cars?minPrice=1500","timestamp":"2024-12-23 22:44:48"}
{"level":"info","message":"GET /cars?minPrice=1500&maxPrice=3000","timestamp":"2024-12-23 22:44:58"}
{"level":"info","message":"GET /cars","timestamp":"2024-12-23 22:45:54"}
{"level":"info","message":"GET /cars","timestamp":"2024-12-23 22:46:00"}
{"level":"info","message":"GET /cars","timestamp":"2024-12-23 22:46:00"}
{"level":"info","message":"GET /cars?limit=6","timestamp":"2024-12-23 22:46:53"}
{"level":"info","message":"GET /cars?limit=6","timestamp":"2024-12-23 22:49:24"}
{"level":"info","message":"GET /cars?limit=6","timestamp":"2024-12-23 22:49:26"}
{"level":"info","message":"GET /cars?minPrice=1500&maxPrice=3000","timestamp":"2024-12-23 22:49:29"}
{"level":"info","message":"GET /cars?minPrice=1500&maxPrice=3000","timestamp":"2024-12-23 22:50:29"}
{"level":"info","message":"GET /cars","timestamp":"2024-12-23 22:50:35"}
{"level":"info","message":"GET /cars","timestamp":"2024-12-23 22:50:38"}
{"level":"info","message":"GET /cars","timestamp":"2024-12-23 22:50:38"}
{"level":"info","message":"GET /cars","timestamp":"2024-12-23 22:50:39"}
{"level":"info","message":"GET /cars","timestamp":"2024-12-23 22:50:39"}
{"level":"info","message":"GET /cars","timestamp":"2024-12-23 22:50:41"}
{"level":"info","message":"GET /cars","timestamp":"2024-12-23 22:50:41"}
{"level":"info","message":"GET /cars","timestamp":"2024-12-23 22:51:28"}
{"level":"info","message":"GET /cars","timestamp":"2024-12-23 22:52:17"}
{"level":"info","message":"GET /cars","timestamp":"2024-12-23 22:52:22"}
{"level":"info","message":"GET /cars","timestamp":"2024-12-23 22:52:25"}
{"level":"info","message":"GET /cars","timestamp":"2024-12-23 22:52:25"}
{"level":"info","message":"GET /cars","timestamp":"2024-12-23 22:52:32"}
{"level":"info","message":"GET /cars","timestamp":"2024-12-23 22:52:32"}
{"level":"info","message":"GET /cars","timestamp":"2024-12-23 22:52:32"}
{"level":"info","message":"GET /cars","timestamp":"2024-12-23 22:52:32"}
{"level":"info","message":"GET /cars","timestamp":"2024-12-23 22:52:32"}
{"level":"info","message":"GET /cars","timestamp":"2024-12-23 22:52:33"}
{"level":"info","message":"GET /cars","timestamp":"2024-12-23 22:52:33"}
{"level":"info","message":"GET /cars","timestamp":"2024-12-23 22:52:33"}
{"level":"info","message":"GET /cars","timestamp":"2024-12-23 22:52:33"}
{"level":"info","message":"GET /cars","timestamp":"2024-12-23 22:52:33"}
{"level":"info","message":"GET /cars","timestamp":"2024-12-23 22:53:29"}
{"level":"info","message":"GET /cars","timestamp":"2024-12-23 22:53:33"}
{"level":"info","message":"GET /cars","timestamp":"2024-12-23 22:54:11"}
{"level":"info","message":"GET /cars","timestamp":"2024-12-23 22:54:14"}
{"level":"info","message":"GET /cars","timestamp":"2024-12-23 22:54:16"}
{"level":"info","message":"GET /cars?page=1","timestamp":"2024-12-23 22:57:11"}
{"level":"info","message":"GET /cars","timestamp":"2024-12-23 22:57:41"}
{"level":"info","message":"GET /cars","timestamp":"2024-12-23 22:57:43"}
{"level":"info","message":"GET /cars","timestamp":"2024-12-23 22:58:26"}
{"level":"info","message":"GET /cars","timestamp":"2024-12-23 22:58:57"}
{"level":"info","message":"GET /cars","timestamp":"2024-12-23 22:59:36"}
{"level":"info","message":"GET /cars","timestamp":"2024-12-23 22:59:38"}
{"level":"info","message":"GET /cars?page=2","timestamp":"2024-12-23 23:00:22"}
{"level":"info","message":"GET /cars?page=2","timestamp":"2024-12-23 23:00:46"}
{"level":"info","message":"GET /cars?page=2","timestamp":"2024-12-23 23:00:54"}
{"level":"info","message":"GET /cars","timestamp":"2024-12-23 23:00:56"}
{"level":"info","message":"GET /cars?page=2","timestamp":"2024-12-23 23:01:00"}
{"level":"info","message":"GET /cars?page=1","timestamp":"2024-12-23 23:01:03"}
{"level":"info","message":"GET /cars?page=2","timestamp":"2024-12-23 23:01:08"}
{"level":"info","message":"GET /cars?page=1","timestamp":"2024-12-23 23:01:10"}
