{"level":"info","message":"GET /cars?limit=6","timestamp":"2024-12-25 14:36:04"}
{"level":"info","message":"GET /cars","timestamp":"2024-12-25 14:36:10"}
{"level":"info","message":"GET /cars?page=2","timestamp":"2024-12-25 14:36:28"}
{"level":"info","message":"GET /cars?page=1","timestamp":"2024-12-25 14:36:29"}
{"level":"info","message":"GET /cars?page=2","timestamp":"2024-12-25 14:36:31"}
{"level":"info","message":"GET /cars","timestamp":"2024-12-25 14:36:44"}
{"level":"info","message":"POST /users/login","timestamp":"2024-12-25 14:36:51"}
{"level":"info","message":"GET /cars?limit=6","timestamp":"2024-12-25 14:36:51"}
{"level":"info","message":"POST /users/login","timestamp":"2024-12-25 14:39:52"}
{"level":"info","message":"GET /cars?limit=6","timestamp":"2024-12-25 14:39:52"}
{"level":"info","message":"GET /cars","timestamp":"2024-12-25 14:39:56"}
{"level":"info","message":"GET /cars","timestamp":"2024-12-25 14:41:37"}
{"level":"info","message":"GET /cars?limit=6","timestamp":"2024-12-25 14:41:45"}
{"level":"info","message":"POST /users/login","timestamp":"2024-12-25 14:41:49"}
{"level":"info","message":"GET /cars?limit=6","timestamp":"2024-12-25 14:41:49"}
{"level":"info","message":"GET /cars","timestamp":"2024-12-25 14:41:53"}
{"level":"info","message":"GET /cars?limit=6","timestamp":"2024-12-25 14:43:26"}
{"level":"info","message":"GET /cars","timestamp":"2024-12-25 14:43:29"}
{"level":"info","message":"POST /users/login","timestamp":"2024-12-25 14:43:34"}
{"level":"info","message":"GET /cars?limit=6","timestamp":"2024-12-25 14:43:34"}
{"level":"info","message":"GET /cars","timestamp":"2024-12-25 14:43:37"}
{"level":"info","message":"GET /cars?limit=6","timestamp":"2024-12-25 14:48:03"}
{"level":"info","message":"POST /users/login","timestamp":"2024-12-25 14:48:07"}
{"level":"info","message":"GET /cars?limit=6","timestamp":"2024-12-25 14:48:07"}
{"level":"info","message":"GET /cars","timestamp":"2024-12-25 14:48:10"}
{"level":"info","message":"GET /cars?limit=6","timestamp":"2024-12-25 14:49:37"}
{"level":"info","message":"GET /cars?limit=6","timestamp":"2024-12-25 14:49:38"}
{"level":"info","message":"GET /cars?limit=6","timestamp":"2024-12-25 14:49:43"}
{"level":"info","message":"GET /cars?limit=6","timestamp":"2024-12-25 14:49:44"}
{"level":"info","message":"GET /cars?limit=6","timestamp":"2024-12-25 14:49:45"}
{"level":"info","message":"GET /cars?limit=6","timestamp":"2024-12-25 14:49:45"}
{"level":"info","message":"GET /cars?limit=6","timestamp":"2024-12-25 14:49:46"}
{"level":"info","message":"GET /cars?limit=6","timestamp":"2024-12-25 14:49:47"}
{"level":"info","message":"GET /cars?limit=6","timestamp":"2024-12-25 14:49:47"}
{"level":"info","message":"GET /cars?limit=6","timestamp":"2024-12-25 14:49:51"}
{"level":"info","message":"GET /cars?limit=6","timestamp":"2024-12-25 14:50:12"}
{"level":"info","message":"GET /cars?limit=6","timestamp":"2024-12-25 14:50:21"}
{"level":"info","message":"GET /cars?limit=6","timestamp":"2024-12-25 14:50:23"}
{"level":"info","message":"GET /cars?limit=6","timestamp":"2024-12-25 14:50:30"}
{"level":"info","message":"GET /cars?limit=6","timestamp":"2024-12-25 14:50:32"}
{"level":"info","message":"POST /users/login","timestamp":"2024-12-25 14:50:38"}
{"level":"info","message":"GET /cars?limit=6","timestamp":"2024-12-25 14:50:38"}
{"level":"info","message":"GET /cars","timestamp":"2024-12-25 14:50:43"}
{"level":"info","message":"GET /cars","timestamp":"2024-12-25 14:50:44"}
{"level":"info","message":"GET /cars?limit=6","timestamp":"2024-12-25 14:54:53"}
{"level":"info","message":"POST /users/login","timestamp":"2024-12-25 14:54:59"}
{"level":"info","message":"GET /cars?limit=6","timestamp":"2024-12-25 14:54:59"}
{"level":"info","message":"GET /cars?limit=6","timestamp":"2024-12-25 14:57:18"}
{"level":"info","message":"GET /cars?limit=6","timestamp":"2024-12-25 14:57:20"}
{"level":"info","message":"GET /cars","timestamp":"2024-12-25 14:57:27"}
{"level":"info","message":"POST /users/login","timestamp":"2024-12-25 14:57:31"}
{"level":"info","message":"GET /cars?limit=6","timestamp":"2024-12-25 14:57:32"}
{"level":"info","message":"POST /users/login","timestamp":"2024-12-25 14:58:10"}
{"level":"info","message":"GET /cars?limit=6","timestamp":"2024-12-25 14:58:11"}
{"level":"info","message":"GET /cars?limit=6","timestamp":"2024-12-25 15:00:09"}
{"level":"info","message":"GET /cars?limit=6","timestamp":"2024-12-25 15:00:14"}
{"level":"info","message":"GET /cars?limit=6","timestamp":"2024-12-25 15:04:43"}
{"level":"info","message":"GET /cars?limit=6","timestamp":"2024-12-25 15:04:44"}
{"level":"info","message":"POST /users/login","timestamp":"2024-12-25 15:04:48"}
{"level":"info","message":"GET /cars?limit=6","timestamp":"2024-12-25 15:04:49"}
{"level":"info","message":"GET /cars","timestamp":"2024-12-25 15:04:55"}
{"level":"info","message":"GET /cars?limit=6","timestamp":"2024-12-25 15:04:56"}
{"level":"info","message":"GET /cars?limit=6","timestamp":"2024-12-25 15:05:00"}
{"level":"info","message":"GET /cars?limit=6","timestamp":"2024-12-25 15:05:13"}
{"level":"info","message":"GET /cars?limit=6","timestamp":"2024-12-25 15:10:02"}
{"level":"info","message":"POST /users/login","timestamp":"2024-12-25 15:10:06"}
{"level":"info","message":"GET /cars?limit=6","timestamp":"2024-12-25 15:10:06"}
{"level":"info","message":"GET /cars?limit=6","timestamp":"2024-12-25 15:10:12"}
{"level":"info","message":"GET /cars?limit=6","timestamp":"2024-12-25 15:11:47"}
{"level":"info","message":"POST /users/login","timestamp":"2024-12-25 15:11:50"}
{"level":"info","message":"GET /cars?limit=6","timestamp":"2024-12-25 15:11:50"}
{"level":"info","message":"GET /cars?limit=6","timestamp":"2024-12-25 15:11:55"}
{"level":"info","message":"GET /cars?limit=6","timestamp":"2024-12-25 15:13:18"}
{"level":"info","message":"GET /cars?limit=6","timestamp":"2024-12-25 15:13:24"}
{"level":"info","message":"GET /cars?limit=6","timestamp":"2024-12-25 15:17:54"}
{"level":"info","message":"POST /users/login","timestamp":"2024-12-25 15:18:03"}
{"level":"info","message":"GET /cars?limit=6","timestamp":"2024-12-25 15:18:03"}
{"level":"info","message":"GET /cars?limit=6","timestamp":"2024-12-25 15:18:06"}
{"level":"info","message":"GET /cars","timestamp":"2024-12-25 15:18:38"}
{"level":"info","message":"GET /cars?page=2","timestamp":"2024-12-25 15:18:41"}
{"level":"info","message":"GET /cars?page=1","timestamp":"2024-12-25 15:18:42"}
{"level":"info","message":"GET /cars","timestamp":"2024-12-25 15:21:36"}
{"level":"info","message":"GET /cars","timestamp":"2024-12-25 15:22:34"}
{"level":"info","message":"GET /cars","timestamp":"2024-12-25 15:22:36"}
{"level":"info","message":"GET /cars","timestamp":"2024-12-25 15:22:37"}
{"level":"info","message":"GET /cars?limit=6","timestamp":"2024-12-25 15:22:44"}
{"level":"info","message":"GET /cars","timestamp":"2024-12-25 15:22:45"}
{"level":"info","message":"GET /cars","timestamp":"2024-12-25 15:22:48"}
{"level":"info","message":"GET /cars","timestamp":"2024-12-25 15:23:36"}
{"level":"info","message":"GET /cars?limit=6","timestamp":"2024-12-25 15:23:37"}
{"level":"info","message":"GET /cars","timestamp":"2024-12-25 15:23:38"}
{"level":"info","message":"GET /cars","timestamp":"2024-12-25 15:23:42"}
{"level":"info","message":"GET /cars","timestamp":"2024-12-25 15:24:02"}
{"level":"info","message":"GET /cars?limit=6","timestamp":"2024-12-25 15:29:55"}
{"level":"info","message":"GET /cars","timestamp":"2024-12-25 15:29:56"}
{"level":"info","message":"GET /cars","timestamp":"2024-12-25 15:30:06"}
{"level":"info","message":"GET /cars","timestamp":"2024-12-25 15:30:14"}
{"level":"info","message":"GET /cars","timestamp":"2024-12-25 15:30:56"}
{"level":"info","message":"GET /cars","timestamp":"2024-12-25 15:31:00"}
{"level":"info","message":"GET /cars","timestamp":"2024-12-25 15:32:26"}
{"level":"info","message":"GET /cars","timestamp":"2024-12-25 15:32:36"}
{"level":"info","message":"GET /cars?limit=6","timestamp":"2024-12-25 15:42:09"}
{"level":"info","message":"GET /cars?limit=6","timestamp":"2024-12-25 15:47:31"}
{"level":"info","message":"GET /cars?limit=6","timestamp":"2024-12-25 15:47:37"}
{"level":"info","message":"GET /cars?limit=6","timestamp":"2024-12-25 15:47:38"}
{"level":"info","message":"GET /cars","timestamp":"2024-12-25 15:49:39"}
{"level":"info","message":"GET /cars","timestamp":"2024-12-25 15:49:58"}
{"level":"info","message":"GET /cars","timestamp":"2024-12-25 15:51:18"}
{"level":"info","message":"GET /cars","timestamp":"2024-12-25 15:52:07"}
{"level":"info","message":"GET /cars","timestamp":"2024-12-25 15:53:39"}
{"level":"info","message":"GET /cars","timestamp":"2024-12-25 15:53:50"}
{"level":"info","message":"GET /cars","timestamp":"2024-12-25 15:54:08"}
{"level":"info","message":"GET /cars?limit=6","timestamp":"2024-12-25 15:57:17"}
{"level":"info","message":"GET /cars","timestamp":"2024-12-25 15:57:18"}
{"level":"info","message":"GET /cars?brand=Jeep&page=1","timestamp":"2024-12-25 15:58:56"}
{"level":"info","message":"GET /cars?limit=6","timestamp":"2024-12-25 15:59:16"}
{"level":"info","message":"GET /cars?brand=Jeep&page=1","timestamp":"2024-12-25 16:00:00"}
{"level":"info","message":"GET /cars","timestamp":"2024-12-25 16:04:29"}
{"level":"info","message":"GET /cars","timestamp":"2024-12-25 16:04:31"}
{"level":"info","message":"GET /cars","timestamp":"2024-12-25 16:05:03"}
{"level":"info","message":"GET /cars?limit=6","timestamp":"2024-12-25 16:05:05"}
{"level":"info","message":"GET /cars","timestamp":"2024-12-25 16:05:06"}
{"level":"info","message":"GET /cars","timestamp":"2024-12-25 16:06:07"}
{"level":"info","message":"GET /cars?limit=6","timestamp":"2024-12-25 16:06:18"}
{"level":"info","message":"GET /cars","timestamp":"2024-12-25 16:06:18"}
{"level":"info","message":"GET /cars?limit=6","timestamp":"2024-12-25 16:06:56"}
{"level":"info","message":"GET /cars","timestamp":"2024-12-25 16:06:57"}
{"level":"info","message":"GET /cars","timestamp":"2024-12-25 16:07:53"}
{"level":"info","message":"GET /cars","timestamp":"2024-12-25 16:07:54"}
{"level":"info","message":"GET /cars?limit=6","timestamp":"2024-12-25 16:07:56"}
{"level":"info","message":"GET /cars","timestamp":"2024-12-25 16:07:57"}
{"level":"info","message":"GET /cars?limit=6","timestamp":"2024-12-25 16:09:35"}
{"level":"info","message":"GET /cars","timestamp":"2024-12-25 16:09:36"}
{"level":"info","message":"GET /cars?limit=6","timestamp":"2024-12-25 16:10:16"}
{"level":"info","message":"GET /cars?limit=6","timestamp":"2024-12-25 16:10:18"}
{"level":"info","message":"GET /cars","timestamp":"2024-12-25 16:10:21"}
{"level":"info","message":"GET /cars?limit=6","timestamp":"2024-12-25 16:10:47"}
{"level":"info","message":"GET /cars?limit=6","timestamp":"2024-12-25 16:10:49"}
{"level":"info","message":"GET /cars","timestamp":"2024-12-25 16:10:51"}
{"level":"info","message":"GET /cars","timestamp":"2024-12-25 16:11:28"}
{"level":"info","message":"GET /cars?limit=6","timestamp":"2024-12-25 16:11:29"}
{"level":"info","message":"GET /cars?limit=6","timestamp":"2024-12-25 16:11:31"}
{"level":"info","message":"GET /cars","timestamp":"2024-12-25 16:11:33"}
{"level":"info","message":"GET /cars","timestamp":"2024-12-25 16:12:49"}
{"level":"info","message":"GET /cars","timestamp":"2024-12-25 16:13:40"}
{"level":"info","message":"GET /cars","timestamp":"2024-12-25 16:14:16"}
{"level":"info","message":"GET /cars?limit=6","timestamp":"2024-12-25 16:14:58"}
{"level":"info","message":"GET /cars","timestamp":"2024-12-25 16:15:00"}
{"level":"info","message":"GET /cars?brand=Jeep&page=1","timestamp":"2024-12-25 16:15:05"}
{"level":"info","message":"GET /cars?brand=&minPrice=1&page=1","timestamp":"2024-12-25 16:17:10"}
{"level":"info","message":"GET /cars?limit=6","timestamp":"2024-12-25 16:17:11"}
{"level":"info","message":"GET /cars","timestamp":"2024-12-25 16:17:12"}
{"level":"info","message":"GET /cars?brand=Jee","timestamp":"2024-12-25 16:17:21"}
{"level":"info","message":"GET /cars?brand=J","timestamp":"2024-12-25 16:17:27"}
{"level":"info","message":"GET /cars?brand=&model=&minPrice=","timestamp":"2024-12-25 16:17:40"}
{"level":"info","message":"GET /cars?brand=&model=&minPrice=&maxPrice=1000","timestamp":"2024-12-25 16:17:59"}
{"level":"info","message":"GET /cars?brand=&model=&minPrice=&maxPrice=1000","timestamp":"2024-12-25 16:18:07"}
{"level":"info","message":"GET /cars?brand=&model=&minPrice=&maxPrice=10000","timestamp":"2024-12-25 16:18:26"}
{"level":"info","message":"GET /cars","timestamp":"2024-12-25 16:19:25"}
{"level":"info","message":"GET /cars?minPrice=1","timestamp":"2024-12-25 16:19:40"}
{"level":"info","message":"GET /cars?minPrice=","timestamp":"2024-12-25 16:19:48"}
{"level":"info","message":"GET /cars?brand=&model=&minPrice=&maxPrice=&orderby=&order=&limit=&page=","timestamp":"2024-12-25 16:20:34"}
{"level":"info","message":"GET /cars?brand=&model=&minPrice=&maxPrice=&orderby=&order=&limit=&page=","timestamp":"2024-12-25 16:20:34"}
{"level":"info","message":"GET /cars","timestamp":"2024-12-25 16:21:04"}
{"level":"info","message":"GET /cars","timestamp":"2024-12-25 16:21:04"}
{"level":"info","message":"GET /cars","timestamp":"2024-12-25 16:21:06"}
{"level":"info","message":"GET /cars?brand=Jee","timestamp":"2024-12-25 16:21:23"}
{"level":"info","message":"GET /cars?minPrice=100","timestamp":"2024-12-25 16:21:46"}
{"level":"info","message":"GET /cars?limit=6","timestamp":"2024-12-25 16:24:37"}
{"level":"info","message":"GET /cars?limit=6","timestamp":"2024-12-25 16:24:38"}
{"level":"info","message":"GET /cars","timestamp":"2024-12-25 16:24:41"}
{"level":"info","message":"GET /cars?brand=Jeep","timestamp":"2024-12-25 16:25:35"}
{"level":"info","message":"GET /cars","timestamp":"2024-12-25 16:25:37"}
{"level":"info","message":"GET /cars?brand=Jeep","timestamp":"2024-12-25 16:25:45"}
{"level":"info","message":"GET /cars","timestamp":"2024-12-25 16:25:51"}
{"level":"info","message":"GET /cars?minPrice=1&maxPrice=1000","timestamp":"2024-12-25 16:26:00"}
{"level":"info","message":"GET /cars?minPrice=1000&maxPrice=3000","timestamp":"2024-12-25 16:26:11"}
{"level":"info","message":"GET /cars?minPrice=1000&maxPrice=3000&orderby=price&order=asc","timestamp":"2024-12-25 16:26:22"}
{"level":"info","message":"GET /cars","timestamp":"2024-12-25 16:29:12"}
{"level":"info","message":"GET /cars?page=2","timestamp":"2024-12-25 16:29:14"}
{"level":"info","message":"GET /cars?page=1","timestamp":"2024-12-25 16:29:21"}
{"level":"info","message":"GET /cars?limit=5","timestamp":"2024-12-25 16:29:33"}
{"level":"info","message":"GET /cars?limit=5&page=2","timestamp":"2024-12-25 16:29:37"}
{"level":"info","message":"GET /cars?limit=5&page=3","timestamp":"2024-12-25 16:29:39"}
{"level":"info","message":"GET /cars?limit=5&page=2","timestamp":"2024-12-25 16:29:40"}
{"level":"info","message":"GET /cars?limit=5&page=1","timestamp":"2024-12-25 16:29:43"}
{"level":"info","message":"GET /cars?limit=5&page=1","timestamp":"2024-12-25 16:30:02"}
{"level":"info","message":"GET /cars","timestamp":"2024-12-25 16:30:04"}
{"level":"info","message":"GET /cars?brand=Jeep","timestamp":"2024-12-25 16:30:11"}
{"level":"info","message":"GET /cars","timestamp":"2024-12-25 16:30:14"}
{"level":"info","message":"GET /cars/a3d7cec9-2fb8-4a96-be6c-ef99240f6c5c","timestamp":"2024-12-25 16:40:56"}
{"level":"info","message":"GET /cars?limit=6","timestamp":"2024-12-25 16:40:57"}
{"level":"info","message":"GET /cars","timestamp":"2024-12-25 16:40:58"}
{"level":"info","message":"GET /cars/5b900eb1-639b-4164-87ad-d69546f91542","timestamp":"2024-12-25 16:44:33"}
{"level":"info","message":"GET /cars?limit=6","timestamp":"2024-12-25 16:44:35"}
{"level":"info","message":"GET /cars","timestamp":"2024-12-25 16:44:36"}
{"level":"info","message":"GET /cars","timestamp":"2024-12-25 16:46:26"}
{"level":"info","message":"GET /cars","timestamp":"2024-12-25 16:49:58"}
{"level":"info","message":"GET /cars","timestamp":"2024-12-25 16:53:01"}
{"level":"info","message":"GET /cars?limit=6","timestamp":"2024-12-25 16:53:10"}
{"level":"info","message":"GET /cars","timestamp":"2024-12-25 16:53:13"}
{"level":"info","message":"GET /cars/5b900eb1-639b-4164-87ad-d69546f91542","timestamp":"2024-12-25 16:53:35"}
{"level":"info","message":"GET /cars?limit=6","timestamp":"2024-12-25 16:53:46"}
{"level":"info","message":"GET /cars","timestamp":"2024-12-25 16:53:52"}
{"level":"info","message":"GET /cars","timestamp":"2024-12-25 16:57:11"}
{"level":"info","message":"GET /cars?brand=Jeep","timestamp":"2024-12-25 16:58:52"}
{"level":"info","message":"GET /cars","timestamp":"2024-12-25 16:58:55"}
{"level":"info","message":"GET /cars?orderby=brand&order=asc","timestamp":"2024-12-25 16:59:05"}
{"level":"info","message":"GET /cars?orderby=brand&order=desc","timestamp":"2024-12-25 16:59:16"}
{"level":"info","message":"GET /cars?orderby=model&order=desc","timestamp":"2024-12-25 16:59:29"}
{"level":"info","message":"GET /cars?orderby=a&order=desc","timestamp":"2024-12-25 16:59:33"}
{"level":"info","message":"GET /cars?orderby=a&order=desc","timestamp":"2024-12-25 16:59:35"}
{"level":"info","message":"GET /cars?orderby=a&order=desc","timestamp":"2024-12-25 16:59:35"}
{"level":"info","message":"GET /cars?orderby=adsd&order=desc","timestamp":"2024-12-25 16:59:40"}
{"level":"info","message":"GET /cars?orderby=adsddfdsf&order=desc","timestamp":"2024-12-25 16:59:41"}
{"level":"info","message":"GET /cars?order=desc","timestamp":"2024-12-25 16:59:45"}
{"level":"info","message":"GET /cars?order=asc","timestamp":"2024-12-25 16:59:53"}
{"level":"info","message":"GET /cars","timestamp":"2024-12-25 17:00:01"}
{"level":"info","message":"GET /cars?limit=6","timestamp":"2024-12-25 17:01:21"}
{"level":"info","message":"GET /cars","timestamp":"2024-12-25 17:01:21"}
{"level":"info","message":"GET /cars?page=2","timestamp":"2024-12-25 17:01:25"}
{"level":"info","message":"GET /cars?brand=Jeep","timestamp":"2024-12-25 17:01:32"}
{"level":"info","message":"GET /cars?minPrice=1000&maxPrice=3000","timestamp":"2024-12-25 17:01:55"}
{"level":"info","message":"GET /cars?minPrice=1000&maxPrice=3000&order=asc","timestamp":"2024-12-25 17:02:00"}
{"level":"info","message":"GET /cars?minPrice=1000&maxPrice=3000&orderby=price&order=asc","timestamp":"2024-12-25 17:02:07"}
{"level":"info","message":"GET /cars?minPrice=1000&maxPrice=3000&orderby=brand&order=asc","timestamp":"2024-12-25 17:02:18"}
{"level":"info","message":"GET /cars?minPrice=1000&maxPrice=3000&orderby=model&order=asc","timestamp":"2024-12-25 17:02:52"}
{"level":"info","message":"GET /cars","timestamp":"2024-12-25 17:03:01"}
{"level":"info","message":"GET /cars?page=2","timestamp":"2024-12-25 17:03:04"}
{"level":"info","message":"GET /cars?limit=6","timestamp":"2024-12-25 17:03:08"}
{"level":"info","message":"POST /users/login","timestamp":"2024-12-25 17:03:13"}
{"level":"info","message":"GET /cars?limit=6","timestamp":"2024-12-25 17:03:13"}
{"level":"info","message":"GET /cars","timestamp":"2024-12-25 17:03:17"}
{"level":"info","message":"GET /cars?limit=6","timestamp":"2024-12-25 17:03:19"}
{"level":"info","message":"GET /cars","timestamp":"2024-12-25 17:03:30"}
{"level":"info","message":"GET /cars?page=2","timestamp":"2024-12-25 17:04:52"}
{"level":"info","message":"GET /cars/755a76f8-9f53-4148-bab0-ceb490c70e33","timestamp":"2024-12-25 17:04:54"}
{"level":"info","message":"GET /cars?limit=6","timestamp":"2024-12-25 17:05:04"}
{"level":"info","message":"GET /cars","timestamp":"2024-12-25 17:05:13"}
{"level":"info","message":"GET /cars","timestamp":"2024-12-25 17:06:19"}
{"level":"info","message":"GET /cars","timestamp":"2024-12-25 17:06:20"}
{"level":"info","message":"GET /cars?limit=6","timestamp":"2024-12-25 19:41:55"}
{"level":"info","message":"GET /cars","timestamp":"2024-12-25 19:41:58"}
{"level":"info","message":"GET /cars?page=2","timestamp":"2024-12-25 19:42:02"}
{"level":"info","message":"GET /cars?orderby=brand&order=asc","timestamp":"2024-12-25 19:44:46"}
{"level":"info","message":"GET /cars?limit=6","timestamp":"2024-12-25 19:52:08"}
{"level":"info","message":"GET /cars","timestamp":"2024-12-25 19:52:10"}
{"level":"info","message":"GET /cars?orderby=price&order=asc","timestamp":"2024-12-25 19:52:24"}
{"level":"info","message":"GET /cars?orderby=price&order=desc","timestamp":"2024-12-25 19:52:37"}
{"level":"info","message":"GET /cars?limit=6","timestamp":"2024-12-25 19:53:39"}
{"level":"info","message":"GET /cars","timestamp":"2024-12-25 19:53:40"}
{"level":"info","message":"GET /cars?orderby=price&order=asc","timestamp":"2024-12-25 19:53:46"}
{"level":"info","message":"GET /cars?limit=6","timestamp":"2024-12-25 20:00:05"}
{"level":"info","message":"GET /cars","timestamp":"2024-12-25 20:00:05"}
{"level":"info","message":"GET /cars","timestamp":"2024-12-25 20:00:09"}
{"level":"info","message":"GET /cars?orderby=price","timestamp":"2024-12-25 20:00:15"}
{"level":"info","message":"GET /cars?orderby=price&order=desc","timestamp":"2024-12-25 20:00:23"}
{"level":"info","message":"GET /cars?orderby=brand&order=asc","timestamp":"2024-12-25 20:00:27"}
{"level":"info","message":"GET /cars?limit=6","timestamp":"2024-12-25 20:00:31"}
{"level":"info","message":"GET /cars","timestamp":"2024-12-25 20:00:33"}
{"level":"info","message":"GET /cars?limit=6","timestamp":"2024-12-25 20:01:06"}
{"level":"info","message":"GET /cars","timestamp":"2024-12-25 20:01:07"}
{"level":"info","message":"GET /cars?limit=6","timestamp":"2024-12-25 20:02:58"}
{"level":"info","message":"GET /cars","timestamp":"2024-12-25 20:02:58"}
{"level":"info","message":"GET /cars?orderby=brand&order=asc","timestamp":"2024-12-25 20:03:12"}
{"level":"info","message":"GET /cars?limit=6","timestamp":"2024-12-25 20:03:20"}
{"level":"info","message":"GET /cars","timestamp":"2024-12-25 20:03:22"}
{"level":"info","message":"GET /cars?limit=6","timestamp":"2024-12-25 20:03:59"}
{"level":"info","message":"GET /cars","timestamp":"2024-12-25 20:04:01"}
{"level":"info","message":"GET /cars?limit=6","timestamp":"2024-12-25 20:06:02"}
{"level":"info","message":"GET /cars","timestamp":"2024-12-25 20:06:25"}
{"level":"info","message":"GET /cars?page=2","timestamp":"2024-12-25 20:06:33"}
{"level":"info","message":"GET /cars?page=1","timestamp":"2024-12-25 20:06:34"}
{"level":"info","message":"GET /cars?orderby=brand&order=asc","timestamp":"2024-12-25 20:06:39"}
{"level":"info","message":"GET /cars?orderby=price&order=asc","timestamp":"2024-12-25 20:06:43"}
{"level":"info","message":"GET /cars?brand=Jeep&orderby=price&order=asc","timestamp":"2024-12-25 20:06:48"}
{"level":"info","message":"GET /cars?limit=6","timestamp":"2024-12-25 20:06:54"}
{"level":"info","message":"GET /cars","timestamp":"2024-12-25 20:06:54"}
{"level":"info","message":"POST /users/login","timestamp":"2024-12-25 20:07:01"}
{"level":"info","message":"GET /cars?limit=6","timestamp":"2024-12-25 20:07:01"}
{"level":"info","message":"GET /cars","timestamp":"2024-12-25 20:07:07"}
{"level":"info","message":"GET /cars","timestamp":"2024-12-25 20:07:25"}
{"level":"info","message":"GET /cars?limit=6","timestamp":"2024-12-25 20:07:44"}
{"level":"info","message":"GET /","timestamp":"2024-12-25 20:08:14"}
{"level":"info","message":"GET /swagger-ui.css","timestamp":"2024-12-25 20:08:14"}
{"level":"info","message":"GET /swagger-ui-bundle.js","timestamp":"2024-12-25 20:08:14"}
{"level":"info","message":"GET /swagger-ui-standalone-preset.js","timestamp":"2024-12-25 20:08:14"}
{"level":"info","message":"GET /swagger-ui-init.js","timestamp":"2024-12-25 20:08:14"}
{"level":"info","message":"GET /favicon-32x32.png","timestamp":"2024-12-25 20:08:14"}
{"level":"info","message":"GET /cars","timestamp":"2024-12-25 20:10:37"}
{"level":"info","message":"GET /cars/5b900eb1-639b-4164-87ad-d69546f91542","timestamp":"2024-12-25 20:10:38"}
{"level":"info","message":"GET /cars?limit=6","timestamp":"2024-12-25 20:11:28"}
{"level":"info","message":"GET /cars","timestamp":"2024-12-25 20:15:50"}
{"level":"info","message":"GET /cars?limit=6","timestamp":"2024-12-25 20:16:40"}
{"level":"info","message":"GET /cars","timestamp":"2024-12-25 20:16:41"}
{"level":"info","message":"GET /cars?limit=6","timestamp":"2024-12-25 20:16:55"}
{"level":"info","message":"POST /users/login","timestamp":"2024-12-25 20:29:13"}
{"level":"info","message":"GET /cars?limit=6","timestamp":"2024-12-25 20:29:13"}
{"level":"info","message":"GET /cars","timestamp":"2024-12-25 20:34:12"}
{"level":"info","message":"GET /cars?limit=6","timestamp":"2024-12-25 20:34:16"}
{"level":"info","message":"POST /users/login","timestamp":"2024-12-25 20:34:26"}
{"level":"info","message":"GET /cars?limit=6","timestamp":"2024-12-25 20:34:26"}
{"level":"info","message":"GET /cars","timestamp":"2024-12-25 20:34:30"}
{"level":"info","message":"GET /cars","timestamp":"2024-12-25 20:35:00"}
{"level":"info","message":"GET /cars?limit=6","timestamp":"2024-12-25 20:35:05"}
{"level":"info","message":"GET /cars","timestamp":"2024-12-25 20:35:06"}
{"level":"info","message":"GET /cars?userId=675f7085a6a1d7c5697d7b04","timestamp":"2024-12-25 20:36:45"}
{"level":"info","message":"GET /cars?limit=6","timestamp":"2024-12-25 20:36:46"}
{"level":"info","message":"GET /cars?userId=675f7085a6a1d7c5697d7b04","timestamp":"2024-12-25 20:36:48"}
{"level":"info","message":"GET /cars?userId=675f7085a6a1d7c5697d7b04","timestamp":"2024-12-25 20:37:19"}
{"level":"info","message":"GET /cars?userId=675f7085a6a1d7c5697d7b04&orderby=price&order=asc","timestamp":"2024-12-25 20:37:25"}
{"level":"info","message":"GET /cars?limit=6","timestamp":"2024-12-25 20:37:49"}
{"level":"info","message":"GET /cars?userId=675f7085a6a1d7c5697d7b04","timestamp":"2024-12-25 20:37:50"}
{"level":"info","message":"GET /cars","timestamp":"2024-12-25 20:38:46"}
{"level":"info","message":"GET /cars","timestamp":"2024-12-25 20:39:17"}
{"level":"info","message":"GET /cars","timestamp":"2024-12-25 20:39:18"}
{"level":"info","message":"GET /cars","timestamp":"2024-12-25 20:39:54"}
{"level":"info","message":"GET /cars","timestamp":"2024-12-25 20:40:50"}
{"level":"info","message":"GET /cars","timestamp":"2024-12-25 20:41:27"}
{"level":"info","message":"GET /cars","timestamp":"2024-12-25 20:41:27"}
{"level":"info","message":"GET /cars","timestamp":"2024-12-25 20:43:13"}
{"level":"info","message":"GET /cars","timestamp":"2024-12-25 20:43:40"}
{"level":"info","message":"GET /cars","timestamp":"2024-12-25 20:44:00"}
{"level":"info","message":"GET /cars","timestamp":"2024-12-25 20:44:00"}
{"level":"info","message":"GET /cars","timestamp":"2024-12-25 20:44:00"}
{"level":"info","message":"GET /cars","timestamp":"2024-12-25 20:44:01"}
{"level":"info","message":"GET /cars","timestamp":"2024-12-25 20:44:01"}
{"level":"info","message":"GET /cars","timestamp":"2024-12-25 20:44:01"}
{"level":"info","message":"GET /cars","timestamp":"2024-12-25 20:45:37"}
{"level":"info","message":"GET /cars","timestamp":"2024-12-25 20:45:37"}
{"level":"info","message":"GET /cars","timestamp":"2024-12-25 20:45:38"}
{"level":"info","message":"GET /cars?limit=6","timestamp":"2024-12-25 20:47:05"}
{"level":"info","message":"GET /cars","timestamp":"2024-12-25 20:47:06"}
{"level":"info","message":"GET /cars","timestamp":"2024-12-25 20:47:07"}
{"level":"info","message":"GET /cars?limit=6","timestamp":"2024-12-25 20:47:09"}
{"level":"info","message":"GET /cars","timestamp":"2024-12-25 20:47:10"}
{"level":"info","message":"GET /cars?orderby=brand&order=asc","timestamp":"2024-12-25 20:47:18"}
{"level":"info","message":"GET /cars?limit=6","timestamp":"2024-12-25 20:47:22"}
{"level":"info","message":"GET /cars","timestamp":"2024-12-25 20:47:23"}
{"level":"info","message":"GET /cars","timestamp":"2024-12-25 20:47:40"}
{"level":"info","message":"GET /cars?limit=6","timestamp":"2024-12-25 20:47:42"}
{"level":"info","message":"GET /cars","timestamp":"2024-12-25 20:47:43"}
{"level":"info","message":"GET /cars","timestamp":"2024-12-25 20:48:57"}
{"level":"info","message":"GET /cars?userId=675f7085a6a1d7c5697d7b04","timestamp":"2024-12-25 20:49:33"}
{"level":"info","message":"GET /cars?limit=6","timestamp":"2024-12-25 20:49:43"}
{"level":"info","message":"GET /cars?userId=675f7085a6a1d7c5697d7b04","timestamp":"2024-12-25 20:49:44"}
{"level":"info","message":"GET /cars?limit=6","timestamp":"2024-12-25 20:50:28"}
{"level":"info","message":"GET /cars?limit=6","timestamp":"2024-12-25 20:50:30"}
{"level":"info","message":"GET /cars","timestamp":"2024-12-25 20:50:31"}
{"level":"info","message":"GET /cars?page=2","timestamp":"2024-12-25 20:50:34"}
{"level":"info","message":"POST /users/login","timestamp":"2024-12-25 20:50:43"}
{"level":"info","message":"GET /cars?limit=6","timestamp":"2024-12-25 20:50:43"}
{"level":"info","message":"GET /cars?userId=675f7085a6a1d7c5697d7b04","timestamp":"2024-12-25 20:51:00"}
{"level":"info","message":"GET /cars?userId=675f7085a6a1d7c5697d7b04","timestamp":"2024-12-25 20:51:35"}
{"level":"info","message":"GET /cars?user=6754b5b57272b861d48270a1","timestamp":"2024-12-25 20:52:59"}
{"level":"info","message":"GET /cars?user=675f7085a6a1d7c5697d7b04","timestamp":"2024-12-25 20:53:20"}
{"level":"info","message":"GET /cars?userId=675f7085a6a1d7c5697d7b04&page=2","timestamp":"2024-12-25 20:53:25"}
{"level":"info","message":"GET /cars?userId=675f7085a6a1d7c5697d7b04&page=1","timestamp":"2024-12-25 20:53:27"}
{"level":"info","message":"GET /cars?page=1","timestamp":"2024-12-25 20:54:02"}
{"level":"info","message":"GET /cars?userId=675f7085a6a1d7c5697d7b04","timestamp":"2024-12-25 20:54:46"}
{"level":"info","message":"GET /cars?limit=6","timestamp":"2024-12-25 20:54:48"}
{"level":"info","message":"GET /cars?limit=6","timestamp":"2024-12-25 20:54:51"}
{"level":"info","message":"GET /cars","timestamp":"2024-12-25 20:54:52"}
{"level":"info","message":"POST /users/login","timestamp":"2024-12-25 20:55:00"}
{"level":"info","message":"GET /cars?limit=6","timestamp":"2024-12-25 20:55:00"}
{"level":"info","message":"GET /cars?userId=6754b5b57272b861d48270a1","timestamp":"2024-12-25 20:55:03"}
{"level":"info","message":"GET /cars?userId=6754b5b57272b861d48270a1&page=2","timestamp":"2024-12-25 20:55:08"}
{"level":"info","message":"GET /cars?user=6754b5b57272b861d48270a1&page=2","timestamp":"2024-12-25 20:55:41"}
{"level":"info","message":"GET /cars?limit=6","timestamp":"2024-12-25 20:55:43"}
{"level":"info","message":"GET /cars?limit=6","timestamp":"2024-12-25 20:55:47"}
{"level":"info","message":"GET /cars?user=6754b5b57272b861d48270a1","timestamp":"2024-12-25 20:55:48"}
{"level":"info","message":"GET /cars?limit=6","timestamp":"2024-12-25 20:55:55"}
{"level":"info","message":"GET /cars","timestamp":"2024-12-25 20:55:57"}
{"level":"info","message":"GET /cars?page=2","timestamp":"2024-12-25 20:55:59"}
{"level":"info","message":"POST /users/login","timestamp":"2024-12-25 20:56:07"}
{"level":"info","message":"GET /cars?limit=6","timestamp":"2024-12-25 20:56:07"}
{"level":"info","message":"GET /cars?user=675f7085a6a1d7c5697d7b04","timestamp":"2024-12-25 20:56:10"}
{"level":"info","message":"GET /cars?user=675f7085a6a1d7c5697d7b04","timestamp":"2024-12-25 20:57:22"}
{"level":"info","message":"GET /cars?limit=6","timestamp":"2024-12-25 20:57:25"}
{"level":"info","message":"GET /cars?user=675f7085a6a1d7c5697d7b04","timestamp":"2024-12-25 20:57:27"}
{"level":"info","message":"GET /cars?limit=6","timestamp":"2024-12-25 20:59:30"}
{"level":"info","message":"GET /cars?limit=6","timestamp":"2024-12-25 20:59:31"}
{"level":"info","message":"GET /cars?user=675f7085a6a1d7c5697d7b04","timestamp":"2024-12-25 20:59:35"}
{"level":"info","message":"GET /cars?limit=6","timestamp":"2024-12-25 21:01:52"}
{"level":"info","message":"GET /cars?user=675f7085a6a1d7c5697d7b04","timestamp":"2024-12-25 21:01:53"}
{"level":"info","message":"GET /cars?limit=6","timestamp":"2024-12-25 21:02:13"}
{"level":"info","message":"GET /cars","timestamp":"2024-12-25 21:02:14"}
{"level":"info","message":"GET /cars","timestamp":"2024-12-25 21:04:41"}
{"level":"info","message":"GET /cars?limit=6","timestamp":"2024-12-25 21:05:30"}
{"level":"info","message":"GET /cars","timestamp":"2024-12-25 21:05:31"}
{"level":"info","message":"GET /cars","timestamp":"2024-12-25 21:05:57"}
{"level":"info","message":"GET /cars?limit=6","timestamp":"2024-12-25 21:06:09"}
{"level":"info","message":"GET /cars","timestamp":"2024-12-25 21:06:10"}
{"level":"info","message":"GET /cars","timestamp":"2024-12-25 21:09:56"}
{"level":"info","message":"GET /cars?limit=6","timestamp":"2024-12-25 21:12:04"}
{"level":"info","message":"GET /cars","timestamp":"2024-12-25 21:12:06"}
{"level":"info","message":"POST /users/login","timestamp":"2024-12-25 21:12:11"}
{"level":"info","message":"GET /cars?limit=6","timestamp":"2024-12-25 21:12:11"}
{"level":"info","message":"GET /cars?user=6754b5b57272b861d48270a1","timestamp":"2024-12-25 21:12:14"}
{"level":"info","message":"GET /cars?limit=6","timestamp":"2024-12-25 21:13:06"}
{"level":"info","message":"GET /cars?user=6754b5b57272b861d48270a1","timestamp":"2024-12-25 21:13:07"}
{"level":"info","message":"GET /cars?limit=6","timestamp":"2024-12-25 21:14:22"}
{"level":"info","message":"GET /cars?user=6754b5b57272b861d48270a1","timestamp":"2024-12-25 21:14:23"}
{"level":"info","message":"GET /cars?limit=6","timestamp":"2024-12-25 21:14:36"}
{"level":"info","message":"GET /cars?limit=6","timestamp":"2024-12-25 21:14:36"}
{"level":"info","message":"GET /cars?user=6754b5b57272b861d48270a1","timestamp":"2024-12-25 21:14:38"}
{"level":"info","message":"GET /cars?user=6754b5b57272b861d48270a1","timestamp":"2024-12-25 21:15:59"}
{"level":"info","message":"GET /cars?limit=6","timestamp":"2024-12-25 21:16:01"}
{"level":"info","message":"GET /cars?user=6754b5b57272b861d48270a1","timestamp":"2024-12-25 21:16:04"}
{"level":"info","message":"GET /cars?limit=6","timestamp":"2024-12-25 21:16:56"}
{"level":"info","message":"GET /cars","timestamp":"2024-12-25 21:16:59"}
{"level":"info","message":"GET /cars?page=2","timestamp":"2024-12-25 21:17:01"}
{"level":"info","message":"GET /cars?page=1","timestamp":"2024-12-25 21:17:05"}
{"level":"info","message":"GET /cars?page=2","timestamp":"2024-12-25 21:17:07"}
{"level":"info","message":"GET /cars?limit=6","timestamp":"2024-12-25 21:17:13"}
{"level":"info","message":"GET /cars?user=6754b5b57272b861d48270a1","timestamp":"2024-12-25 21:17:14"}
{"level":"info","message":"GET /cars?limit=6","timestamp":"2024-12-25 21:17:23"}
{"level":"info","message":"GET /cars","timestamp":"2024-12-25 21:17:24"}
{"level":"info","message":"GET /cars?limit=6","timestamp":"2024-12-25 21:17:58"}
{"level":"info","message":"GET /cars?limit=6","timestamp":"2024-12-25 21:17:59"}
{"level":"info","message":"GET /cars","timestamp":"2024-12-25 21:18:03"}
{"level":"info","message":"GET /cars?limit=6","timestamp":"2024-12-25 21:18:32"}
{"level":"info","message":"GET /cars","timestamp":"2024-12-25 21:18:33"}
{"level":"info","message":"GET /cars?user=6754b5b57272b861d48270a1","timestamp":"2024-12-25 21:18:51"}
{"level":"info","message":"GET /cars?user=6754b5b57272b861d48270a1","timestamp":"2024-12-25 21:21:53"}
{"level":"info","message":"GET /cars?limit=6","timestamp":"2024-12-25 21:21:55"}
{"level":"info","message":"GET /cars","timestamp":"2024-12-25 21:21:57"}
{"level":"info","message":"GET /cars?user=6754b5b57272b861d48270a1","timestamp":"2024-12-25 21:22:09"}
{"level":"info","message":"GET /cars?limit=6","timestamp":"2024-12-25 21:23:17"}
{"level":"info","message":"GET /cars?limit=6","timestamp":"2024-12-25 21:23:18"}
{"level":"info","message":"GET /cars","timestamp":"2024-12-25 21:23:19"}
{"level":"info","message":"GET /cars?user=6754b5b57272b861d48270a1","timestamp":"2024-12-25 21:23:33"}
{"level":"info","message":"GET /cars?user=6754b5b57272b861d48270a1","timestamp":"2024-12-25 21:32:11"}
{"level":"info","message":"GET /cars?user=6754b5b57272b861d48270a1","timestamp":"2024-12-25 21:32:12"}
{"level":"info","message":"GET /cars?limit=6","timestamp":"2024-12-25 21:32:15"}
{"level":"info","message":"GET /cars","timestamp":"2024-12-25 21:32:16"}
{"level":"info","message":"GET /cars?page=2","timestamp":"2024-12-25 21:32:25"}
{"level":"info","message":"GET /cars?user=6754b5b57272b861d48270a1","timestamp":"2024-12-25 21:34:34"}
{"level":"info","message":"GET /cars?limit=6","timestamp":"2024-12-25 21:34:36"}
{"level":"info","message":"GET /cars","timestamp":"2024-12-25 21:34:38"}
{"level":"info","message":"GET /cars?user=6754b5b57272b861d48270a1","timestamp":"2024-12-25 21:34:45"}
{"level":"info","message":"GET /cars?user=6754b5b57272b861d48270a1","timestamp":"2024-12-25 21:34:49"}
{"level":"info","message":"GET /cars","timestamp":"2024-12-25 21:35:02"}
{"level":"info","message":"GET /cars","timestamp":"2024-12-25 21:35:10"}
{"level":"info","message":"GET /cars?user=6754b5b57272b861d48270a1","timestamp":"2024-12-25 21:35:11"}
{"level":"info","message":"GET /cars?limit=6","timestamp":"2024-12-25 21:35:53"}
{"level":"info","message":"GET /cars","timestamp":"2024-12-25 21:36:09"}
{"level":"info","message":"GET /cars?limit=6","timestamp":"2024-12-25 21:37:42"}
{"level":"info","message":"GET /cars","timestamp":"2024-12-25 21:37:43"}
{"level":"info","message":"GET /cars?user=6754b5b57272b861d48270a1","timestamp":"2024-12-25 21:37:47"}
{"level":"info","message":"GET /cars?limit=6","timestamp":"2024-12-25 21:38:03"}
{"level":"info","message":"GET /cars","timestamp":"2024-12-25 21:38:04"}
{"level":"info","message":"GET /cars?limit=6","timestamp":"2024-12-25 21:38:20"}
{"level":"info","message":"GET /cars","timestamp":"2024-12-25 21:38:21"}
{"level":"info","message":"GET /cars?user=6754b5b57272b861d48270a1","timestamp":"2024-12-25 21:40:16"}
{"level":"info","message":"GET /cars?user=6754b5b57272b861d48270a1","timestamp":"2024-12-25 21:40:51"}
{"level":"info","message":"GET /cars?limit=6","timestamp":"2024-12-25 21:40:52"}
{"level":"info","message":"GET /cars?limit=6","timestamp":"2024-12-25 21:40:53"}
{"level":"info","message":"GET /cars","timestamp":"2024-12-25 21:40:56"}
{"level":"info","message":"GET /cars?limit=6","timestamp":"2024-12-25 21:41:00"}
{"level":"info","message":"GET /cars","timestamp":"2024-12-25 21:41:02"}
{"level":"info","message":"GET /cars","timestamp":"2024-12-25 21:41:21"}
{"level":"info","message":"GET /cars","timestamp":"2024-12-25 21:41:22"}
{"level":"info","message":"GET /cars?limit=6","timestamp":"2024-12-25 21:41:24"}
{"level":"info","message":"GET /cars?limit=6","timestamp":"2024-12-25 21:41:26"}
{"level":"info","message":"GET /cars","timestamp":"2024-12-25 21:41:27"}
{"level":"info","message":"GET /cars?limit=6","timestamp":"2024-12-25 21:41:44"}
{"level":"info","message":"GET /cars?limit=6","timestamp":"2024-12-25 21:41:46"}
{"level":"info","message":"GET /cars?limit=6","timestamp":"2024-12-25 21:42:12"}
{"level":"info","message":"GET /cars?limit=6","timestamp":"2024-12-25 21:42:13"}
{"level":"info","message":"GET /cars","timestamp":"2024-12-25 21:42:25"}
{"level":"info","message":"GET /cars","timestamp":"2024-12-25 21:42:29"}
{"level":"info","message":"GET /cars?limit=6","timestamp":"2024-12-25 21:47:04"}
{"level":"info","message":"GET /cars?limit=6","timestamp":"2024-12-25 21:47:06"}
{"level":"info","message":"GET /cars?limit=6","timestamp":"2024-12-25 21:49:05"}
{"level":"info","message":"GET /cars?limit=6","timestamp":"2024-12-25 21:49:09"}
{"level":"info","message":"GET /cars?limit=6","timestamp":"2024-12-25 21:49:10"}
{"level":"info","message":"GET /cars","timestamp":"2024-12-25 21:49:14"}
{"level":"info","message":"GET /cars","timestamp":"2024-12-25 21:49:41"}
{"level":"info","message":"GET /cars?limit=6","timestamp":"2024-12-25 21:49:43"}
{"level":"info","message":"GET /cars?limit=6","timestamp":"2024-12-25 21:49:45"}
{"level":"info","message":"GET /cars","timestamp":"2024-12-25 21:49:48"}
{"level":"info","message":"GET /cars?limit=6","timestamp":"2024-12-25 21:51:03"}
{"level":"info","message":"GET /cars?limit=6","timestamp":"2024-12-25 21:51:04"}
{"level":"info","message":"GET /cars?limit=6","timestamp":"2024-12-25 21:51:37"}
{"level":"info","message":"GET /cars?limit=6","timestamp":"2024-12-25 21:51:38"}
{"level":"info","message":"GET /cars","timestamp":"2024-12-25 21:53:15"}
{"level":"info","message":"GET /cars?limit=6","timestamp":"2024-12-25 21:53:17"}
{"level":"info","message":"GET /cars","timestamp":"2024-12-25 21:53:18"}
{"level":"info","message":"GET /cars?limit=6","timestamp":"2024-12-25 21:53:20"}
{"level":"info","message":"GET /cars?limit=6","timestamp":"2024-12-25 21:53:20"}
{"level":"info","message":"GET /cars","timestamp":"2024-12-25 21:53:22"}
{"level":"info","message":"GET /cars?limit=6","timestamp":"2024-12-25 21:53:47"}
{"level":"info","message":"GET /cars?limit=6","timestamp":"2024-12-25 21:53:49"}
{"level":"info","message":"GET /cars","timestamp":"2024-12-25 21:53:50"}
{"level":"info","message":"GET /cars?limit=6","timestamp":"2024-12-25 21:54:57"}
{"level":"info","message":"GET /cars?limit=6","timestamp":"2024-12-25 21:54:58"}
{"level":"info","message":"GET /cars","timestamp":"2024-12-25 21:55:00"}
{"level":"info","message":"GET /cars","timestamp":"2024-12-25 21:55:19"}
{"level":"info","message":"GET /cars?limit=6","timestamp":"2024-12-25 21:55:20"}
{"level":"info","message":"GET /cars?limit=6","timestamp":"2024-12-25 21:55:23"}
{"level":"info","message":"POST /users/login","timestamp":"2024-12-25 21:55:34"}
{"level":"info","message":"POST /users/login","timestamp":"2024-12-25 21:55:41"}
{"level":"info","message":"GET /cars?limit=6","timestamp":"2024-12-25 21:55:41"}
{"level":"info","message":"GET /cars","timestamp":"2024-12-25 21:55:44"}
{"level":"info","message":"GET /cars?page=2","timestamp":"2024-12-25 21:55:55"}
{"level":"info","message":"GET /cars?limit=6","timestamp":"2024-12-25 21:55:59"}
{"level":"info","message":"GET /cars","timestamp":"2024-12-25 21:56:00"}
{"level":"info","message":"GET /cars?user=675f7085a6a1d7c5697d7b04&page=2","timestamp":"2024-12-25 21:56:02"}
{"level":"info","message":"GET /cars?user=675f7085a6a1d7c5697d7b04&page=1","timestamp":"2024-12-25 21:56:04"}
{"level":"info","message":"GET /cars?limit=6","timestamp":"2024-12-25 21:58:57"}
{"level":"info","message":"GET /cars?limit=6","timestamp":"2024-12-25 21:59:00"}
{"level":"info","message":"GET /cars?limit=6","timestamp":"2024-12-25 21:59:29"}
{"level":"info","message":"GET /cars?limit=6","timestamp":"2024-12-25 21:59:34"}
{"level":"info","message":"GET /cars","timestamp":"2024-12-25 21:59:42"}
{"level":"info","message":"GET /cars?limit=6","timestamp":"2024-12-25 21:59:45"}
{"level":"info","message":"GET /cars?limit=6","timestamp":"2024-12-25 21:59:46"}
{"level":"info","message":"GET /cars","timestamp":"2024-12-25 21:59:47"}
{"level":"info","message":"GET /cars?orderby=brand&order=asc","timestamp":"2024-12-25 21:59:53"}
{"level":"info","message":"GET /cars?limit=6","timestamp":"2024-12-25 22:01:35"}
{"level":"info","message":"GET /cars?limit=6","timestamp":"2024-12-25 22:01:37"}
{"level":"info","message":"GET /cars","timestamp":"2024-12-25 22:01:39"}
{"level":"info","message":"POST /users/login","timestamp":"2024-12-25 22:01:47"}
{"level":"info","message":"GET /cars?limit=6","timestamp":"2024-12-25 22:01:47"}
{"level":"info","message":"GET /cars","timestamp":"2024-12-25 22:01:50"}
{"level":"info","message":"GET /cars","timestamp":"2024-12-25 22:01:51"}
{"level":"info","message":"GET /cars","timestamp":"2024-12-25 22:03:19"}
{"level":"info","message":"GET /cars?limit=6","timestamp":"2024-12-25 22:03:22"}
{"level":"info","message":"GET /cars?limit=6","timestamp":"2024-12-25 22:03:24"}
{"level":"info","message":"GET /cars","timestamp":"2024-12-25 22:03:25"}
{"level":"info","message":"GET /cars?page=2","timestamp":"2024-12-25 22:03:28"}
{"level":"info","message":"GET /cars?page=1","timestamp":"2024-12-25 22:03:32"}
{"level":"info","message":"GET /cars","timestamp":"2024-12-25 22:04:20"}
{"level":"info","message":"GET /cars?limit=6","timestamp":"2024-12-25 22:04:23"}
{"level":"info","message":"GET /cars?limit=6","timestamp":"2024-12-25 22:04:25"}
{"level":"info","message":"GET /cars","timestamp":"2024-12-25 22:04:26"}
{"level":"info","message":"GET /cars?limit=6","timestamp":"2024-12-25 22:04:55"}
{"level":"info","message":"GET /cars?limit=6","timestamp":"2024-12-25 22:04:55"}
{"level":"info","message":"GET /cars","timestamp":"2024-12-25 22:04:58"}
{"level":"info","message":"GET /cars?limit=6","timestamp":"2024-12-25 22:05:25"}
{"level":"info","message":"GET /cars?limit=6","timestamp":"2024-12-25 22:05:25"}
{"level":"info","message":"GET /cars?user=675f7085a6a1d7c5697d7b04","timestamp":"2024-12-25 22:05:26"}
{"level":"info","message":"GET /cars","timestamp":"2024-12-25 22:05:32"}
{"level":"info","message":"GET /cars?user=675f7085a6a1d7c5697d7b04","timestamp":"2024-12-25 22:05:35"}
{"level":"info","message":"GET /cars?user=675f7085a6a1d7c5697d7b04&orderby=price&order=asc","timestamp":"2024-12-25 22:05:47"}
{"level":"info","message":"GET /cars?user=675f7085a6a1d7c5697d7b04&orderby=price&order=asc","timestamp":"2024-12-25 22:06:07"}
{"level":"info","message":"GET /cars?limit=6","timestamp":"2024-12-25 22:06:11"}
{"level":"info","message":"GET /cars?limit=6","timestamp":"2024-12-25 22:06:12"}
{"level":"info","message":"GET /cars?user=675f7085a6a1d7c5697d7b04","timestamp":"2024-12-25 22:06:13"}
{"level":"info","message":"GET /cars?user=675f7085a6a1d7c5697d7b04","timestamp":"2024-12-25 22:14:58"}
{"level":"info","message":"GET /cars?user=675f7085a6a1d7c5697d7b04","timestamp":"2024-12-25 22:20:14"}
{"level":"info","message":"GET /cars?user=675f7085a6a1d7c5697d7b04","timestamp":"2024-12-25 22:20:18"}
{"level":"info","message":"GET /cars?limit=6","timestamp":"2024-12-25 22:20:18"}
{"level":"info","message":"GET /cars?limit=6","timestamp":"2024-12-25 22:20:19"}
{"level":"info","message":"GET /cars","timestamp":"2024-12-25 22:20:32"}
{"level":"info","message":"GET /cars?user=675f7085a6a1d7c5697d7b04","timestamp":"2024-12-25 22:20:35"}
{"level":"info","message":"GET /cars?limit=6","timestamp":"2024-12-25 22:20:41"}
{"level":"info","message":"GET /cars?limit=6","timestamp":"2024-12-25 22:21:02"}
{"level":"info","message":"GET /cars","timestamp":"2024-12-25 22:21:05"}
{"level":"info","message":"GET /cars?user=675f7085a6a1d7c5697d7b04","timestamp":"2024-12-25 22:21:09"}
{"level":"info","message":"GET /cars","timestamp":"2024-12-25 22:24:45"}
{"level":"info","message":"GET /cars?user=675f7085a6a1d7c5697d7b04","timestamp":"2024-12-25 22:24:48"}
{"level":"info","message":"GET /cars/57dff873-ad92-41b3-8498-94cd09f36389","timestamp":"2024-12-25 22:24:53"}
{"level":"info","message":"GET /cars?user=675f7085a6a1d7c5697d7b04","timestamp":"2024-12-25 22:24:59"}
{"level":"info","message":"GET /cars/57dff873-ad92-41b3-8498-94cd09f36389","timestamp":"2024-12-25 22:25:15"}
{"level":"info","message":"GET /cars?user=675f7085a6a1d7c5697d7b04","timestamp":"2024-12-25 22:25:17"}
{"level":"info","message":"GET /cars/57dff873-ad92-41b3-8498-94cd09f36389","timestamp":"2024-12-25 22:25:19"}
{"level":"info","message":"GET /cars?limit=6","timestamp":"2024-12-25 22:25:59"}
{"level":"info","message":"GET /cars?user=675f7085a6a1d7c5697d7b04","timestamp":"2024-12-25 22:26:00"}
{"level":"info","message":"GET /cars/57dff873-ad92-41b3-8498-94cd09f36389","timestamp":"2024-12-25 22:26:04"}
{"level":"info","message":"DELETE /cars/57dff873-ad92-41b3-8498-94cd09f36389","timestamp":"2024-12-25 22:26:04"}
{"level":"info","message":"GET /cars?limit=6","timestamp":"2024-12-25 22:27:13"}
{"level":"info","message":"GET /cars?user=675f7085a6a1d7c5697d7b04","timestamp":"2024-12-25 22:27:14"}
{"level":"info","message":"DELETE /cars/57dff873-ad92-41b3-8498-94cd09f36389","timestamp":"2024-12-25 22:27:19"}
{"level":"info","message":"GET /cars","timestamp":"2024-12-25 22:27:48"}
{"level":"info","message":"GET /cars?limit=6","timestamp":"2024-12-25 22:27:53"}
{"level":"info","message":"POST /users/login","timestamp":"2024-12-25 22:27:59"}
{"level":"info","message":"GET /cars?limit=6","timestamp":"2024-12-25 22:27:59"}
{"level":"info","message":"GET /cars?user=6754b5b57272b861d48270a1","timestamp":"2024-12-25 22:28:02"}
{"level":"info","message":"GET /cars?limit=6","timestamp":"2024-12-25 22:28:08"}
{"level":"info","message":"POST /users/login","timestamp":"2024-12-25 22:28:16"}
{"level":"info","message":"GET /cars?limit=6","timestamp":"2024-12-25 22:28:16"}
{"level":"info","message":"GET /cars?user=675f7085a6a1d7c5697d7b04","timestamp":"2024-12-25 22:28:21"}
{"level":"info","message":"GET /cars/57dff873-ad92-41b3-8498-94cd09f36389","timestamp":"2024-12-25 22:28:23"}
{"level":"info","message":"DELETE /cars/57dff873-ad92-41b3-8498-94cd09f36389","timestamp":"2024-12-25 22:28:23"}
{"level":"info","message":"GET /cars?user=675f7085a6a1d7c5697d7b04","timestamp":"2024-12-25 22:28:26"}
{"level":"info","message":"POST /cars/","timestamp":"2024-12-25 22:29:52"}
{"level":"info","message":"GET /cars","timestamp":"2024-12-25 22:29:52"}
{"level":"info","message":"GET /cars?user=675f7085a6a1d7c5697d7b04","timestamp":"2024-12-25 22:29:56"}
{"level":"info","message":"GET /cars/0ab47ef2-1fdb-4a31-9aee-5b6ab14c0eb8","timestamp":"2024-12-25 22:30:20"}
{"level":"info","message":"GET /cars?user=675f7085a6a1d7c5697d7b04","timestamp":"2024-12-25 22:30:22"}
{"level":"info","message":"GET /cars?user=675f7085a6a1d7c5697d7b04","timestamp":"2024-12-25 22:31:53"}
{"level":"info","message":"DELETE /cars/aa9d51b3-82a5-449d-b177-5c3c43385e1f","timestamp":"2024-12-25 22:31:53"}
{"level":"info","message":"DELETE /cars/35200550-25d9-43c5-a236-6d5ee8bafd78","timestamp":"2024-12-25 22:31:53"}
{"level":"info","message":"DELETE /cars/731fd145-5af3-4a3a-9ea7-8c5d21b76524","timestamp":"2024-12-25 22:31:53"}
{"level":"info","message":"DELETE /cars/755a76f8-9f53-4148-bab0-ceb490c70e33","timestamp":"2024-12-25 22:31:53"}
{"level":"info","message":"DELETE /cars/0ab47ef2-1fdb-4a31-9aee-5b6ab14c0eb8","timestamp":"2024-12-25 22:31:53"}
{"level":"info","message":"GET /cars?user=675f7085a6a1d7c5697d7b04","timestamp":"2024-12-25 22:31:56"}
{"level":"info","message":"GET /cars?user=675f7085a6a1d7c5697d7b04","timestamp":"2024-12-25 22:32:04"}
{"level":"info","message":"GET /cars?limit=6","timestamp":"2024-12-25 22:32:06"}
{"level":"info","message":"GET /cars?user=675f7085a6a1d7c5697d7b04","timestamp":"2024-12-25 22:32:07"}
{"level":"info","message":"GET /cars","timestamp":"2024-12-25 22:32:10"}
{"level":"info","message":"GET /cars?user=675f7085a6a1d7c5697d7b04","timestamp":"2024-12-25 22:32:11"}
{"level":"info","message":"GET /cars","timestamp":"2024-12-25 22:32:16"}
{"level":"info","message":"GET /cars?user=675f7085a6a1d7c5697d7b04","timestamp":"2024-12-25 22:32:27"}
{"level":"info","message":"GET /cars?user=675f7085a6a1d7c5697d7b04","timestamp":"2024-12-25 22:32:39"}
{"level":"info","message":"GET /cars?user=675f7085a6a1d7c5697d7b04","timestamp":"2024-12-25 22:32:40"}
{"level":"info","message":"GET /cars?user=675f7085a6a1d7c5697d7b04","timestamp":"2024-12-25 22:32:41"}
{"level":"info","message":"GET /cars?limit=6","timestamp":"2024-12-25 22:32:41"}
{"level":"info","message":"GET /cars","timestamp":"2024-12-25 22:32:44"}
{"level":"info","message":"POST /users/login","timestamp":"2024-12-25 22:32:51"}
{"level":"info","message":"GET /cars?limit=6","timestamp":"2024-12-25 22:32:51"}
{"level":"info","message":"GET /cars?user=675f7085a6a1d7c5697d7b04","timestamp":"2024-12-25 22:32:54"}
{"level":"info","message":"GET /cars?user=675f7085a6a1d7c5697d7b04","timestamp":"2024-12-25 22:32:56"}
{"level":"info","message":"GET /cars?user=675f7085a6a1d7c5697d7b04","timestamp":"2024-12-25 22:32:57"}
{"level":"info","message":"GET /cars?user=675f7085a6a1d7c5697d7b04","timestamp":"2024-12-25 22:32:57"}
{"level":"info","message":"GET /cars?user=675f7085a6a1d7c5697d7b04","timestamp":"2024-12-25 22:32:57"}
{"level":"info","message":"GET /cars?user=675f7085a6a1d7c5697d7b04","timestamp":"2024-12-25 22:32:57"}
{"level":"info","message":"GET /cars?limit=6","timestamp":"2024-12-25 22:33:41"}
{"level":"info","message":"GET /cars","timestamp":"2024-12-25 22:33:41"}
{"level":"info","message":"GET /cars?user=675f7085a6a1d7c5697d7b04","timestamp":"2024-12-25 22:33:43"}
{"level":"info","message":"GET /cars","timestamp":"2024-12-25 22:33:45"}
{"level":"info","message":"GET /cars?user=675f7085a6a1d7c5697d7b04","timestamp":"2024-12-25 22:33:47"}
{"level":"info","message":"GET /cars?limit=6","timestamp":"2024-12-25 22:33:47"}
{"level":"info","message":"POST /users/login","timestamp":"2024-12-25 22:33:54"}
{"level":"info","message":"GET /cars?limit=6","timestamp":"2024-12-25 22:33:54"}
{"level":"info","message":"GET /cars?user=6754b5b57272b861d48270a1","timestamp":"2024-12-25 22:33:57"}
