{"level":"info","message":"POST /cars/","timestamp":"2024-12-27 00:04:38"}
{"level":"info","message":"GET /cars?user=675f7085a6a1d7c5697d7b04","timestamp":"2024-12-27 00:04:38"}
{"level":"info","message":"DELETE /cars/ef995fa5-19da-42cc-90db-6daaa6c3c464","timestamp":"2024-12-27 00:04:41"}
{"level":"info","message":"GET /cars?user=675f7085a6a1d7c5697d7b04","timestamp":"2024-12-27 00:04:41"}
{"level":"info","message":"GET /cars?user=675f7085a6a1d7c5697d7b04","timestamp":"2024-12-27 00:13:29"}
{"level":"info","message":"GET /cars?user=675f7085a6a1d7c5697d7b04","timestamp":"2024-12-27 00:17:35"}
{"level":"info","message":"GET /cars?limit=6","timestamp":"2024-12-27 00:32:22"}
{"level":"info","message":"GET /cars","timestamp":"2024-12-27 00:32:23"}
{"level":"info","message":"GET /cars?user=675f7085a6a1d7c5697d7b04","timestamp":"2024-12-27 00:32:24"}
{"level":"info","message":"GET /cars?limit=6","timestamp":"2024-12-27 00:32:29"}
{"level":"info","message":"GET /cars?limit=6","timestamp":"2024-12-27 00:32:30"}
{"level":"info","message":"GET /cars?user=675f7085a6a1d7c5697d7b04","timestamp":"2024-12-27 00:32:30"}
{"level":"info","message":"GET /cars?limit=6","timestamp":"2024-12-27 00:51:01"}
{"level":"info","message":"GET /cars?user=675f7085a6a1d7c5697d7b04","timestamp":"2024-12-27 00:51:02"}
{"level":"info","message":"GET /cars?limit=6","timestamp":"2024-12-27 00:51:06"}
{"level":"info","message":"GET /cars?limit=6","timestamp":"2024-12-27 00:51:07"}
{"level":"info","message":"GET /cars?user=675f7085a6a1d7c5697d7b04","timestamp":"2024-12-27 00:51:08"}
{"level":"info","message":"POST /cars/","timestamp":"2024-12-27 00:51:21"}
{"level":"info","message":"POST /users/token","timestamp":"2024-12-27 00:51:21"}
{"level":"info","message":"POST /cars/","timestamp":"2024-12-27 00:51:21"}
{"level":"info","message":"POST /cars/","timestamp":"2024-12-27 00:51:43"}
{"level":"info","message":"POST /cars/","timestamp":"2024-12-27 00:51:45"}
{"level":"info","message":"POST /cars/","timestamp":"2024-12-27 00:51:47"}
{"level":"info","message":"POST /cars/","timestamp":"2024-12-27 00:51:48"}
{"level":"info","message":"POST /cars/","timestamp":"2024-12-27 00:51:48"}
{"level":"info","message":"POST /cars/","timestamp":"2024-12-27 00:51:48"}
{"level":"info","message":"POST /cars/","timestamp":"2024-12-27 00:51:48"}
{"level":"info","message":"GET /cars?user=675f7085a6a1d7c5697d7b04","timestamp":"2024-12-27 00:51:50"}
{"level":"info","message":"DELETE /cars/4e1cf6af-52a8-4347-b8ea-1fce24080d31","timestamp":"2024-12-27 00:52:00"}
{"level":"info","message":"GET /cars?user=675f7085a6a1d7c5697d7b04","timestamp":"2024-12-27 00:52:00"}
{"level":"info","message":"DELETE /cars/7c0e671d-6804-4fca-adc2-5106efefeed8","timestamp":"2024-12-27 00:52:02"}
{"level":"info","message":"GET /cars?user=675f7085a6a1d7c5697d7b04","timestamp":"2024-12-27 00:52:02"}
{"level":"info","message":"DELETE /cars/4cdd4b9c-c420-4630-aa1c-31c8ae414987","timestamp":"2024-12-27 00:52:04"}
{"level":"info","message":"GET /cars?user=675f7085a6a1d7c5697d7b04","timestamp":"2024-12-27 00:52:04"}
{"level":"info","message":"DELETE /cars/ea365969-f9be-44ac-80b9-2d54c2cdb57d","timestamp":"2024-12-27 00:52:06"}
{"level":"info","message":"GET /cars?user=675f7085a6a1d7c5697d7b04","timestamp":"2024-12-27 00:52:06"}
{"level":"info","message":"DELETE /cars/40fba975-b601-4fe0-9571-41f7a7260de4","timestamp":"2024-12-27 00:52:08"}
{"level":"info","message":"GET /cars?user=675f7085a6a1d7c5697d7b04","timestamp":"2024-12-27 00:52:08"}
{"level":"info","message":"DELETE /cars/563de6eb-096b-41f9-a9cb-a4bf68e805b8","timestamp":"2024-12-27 00:52:09"}
{"level":"info","message":"GET /cars?user=675f7085a6a1d7c5697d7b04","timestamp":"2024-12-27 00:52:09"}
{"level":"info","message":"DELETE /cars/a2ef3785-5f70-419e-bac6-1fdf7814594d","timestamp":"2024-12-27 00:52:13"}
{"level":"info","message":"GET /cars?user=675f7085a6a1d7c5697d7b04","timestamp":"2024-12-27 00:52:13"}
{"level":"info","message":"GET /cars","timestamp":"2024-12-27 00:55:42"}
{"level":"info","message":"GET /cars?user=675f7085a6a1d7c5697d7b04","timestamp":"2024-12-27 00:55:43"}
{"level":"info","message":"POST /cars/","timestamp":"2024-12-27 00:55:57"}
{"level":"info","message":"GET /cars?user=675f7085a6a1d7c5697d7b04","timestamp":"2024-12-27 00:56:01"}
{"level":"info","message":"DELETE /cars/96b3b0e1-c4d8-44c2-9fa0-62a008427ae6","timestamp":"2024-12-27 00:56:05"}
{"level":"info","message":"GET /cars?user=675f7085a6a1d7c5697d7b04","timestamp":"2024-12-27 00:56:05"}
{"level":"info","message":"GET /cars?user=675f7085a6a1d7c5697d7b04","timestamp":"2024-12-27 00:56:21"}
{"level":"info","message":"POST /cars/","timestamp":"2024-12-27 00:59:15"}
{"level":"info","message":"POST /users/token","timestamp":"2024-12-27 00:59:15"}
{"level":"info","message":"POST /cars/","timestamp":"2024-12-27 00:59:15"}
{"level":"info","message":"GET /cars?limit=6","timestamp":"2024-12-27 01:00:23"}
{"level":"info","message":"GET /cars","timestamp":"2024-12-27 01:00:29"}
{"level":"info","message":"GET /cars?page=2","timestamp":"2024-12-27 01:00:32"}
{"level":"info","message":"GET /cars?page=1","timestamp":"2024-12-27 01:00:34"}
{"level":"info","message":"GET /cars","timestamp":"2024-12-27 01:00:37"}
{"level":"info","message":"POST /users/login","timestamp":"2024-12-27 01:00:43"}
{"level":"info","message":"GET /cars?limit=6","timestamp":"2024-12-27 01:00:43"}
{"level":"info","message":"GET /cars?user=675f7085a6a1d7c5697d7b04","timestamp":"2024-12-27 01:00:47"}
{"level":"info","message":"POST /cars/","timestamp":"2024-12-27 01:01:03"}
{"level":"info","message":"GET /cars","timestamp":"2024-12-27 01:01:40"}
{"level":"info","message":"GET /cars?user=675f7085a6a1d7c5697d7b04","timestamp":"2024-12-27 01:01:42"}
{"level":"info","message":"DELETE /cars/adeb5335-e1d7-4468-acaa-b5531e106cec","timestamp":"2024-12-27 01:01:45"}
{"level":"info","message":"GET /cars?user=675f7085a6a1d7c5697d7b04","timestamp":"2024-12-27 01:01:45"}
{"level":"info","message":"GET /cars?limit=6","timestamp":"2024-12-27 01:01:49"}
{"level":"info","message":"GET /cars?limit=6","timestamp":"2024-12-27 01:01:50"}
{"level":"info","message":"GET /cars?user=675f7085a6a1d7c5697d7b04","timestamp":"2024-12-27 01:01:52"}
{"level":"info","message":"POST /cars/","timestamp":"2024-12-27 01:02:36"}
{"level":"info","message":"GET /cars?user=675f7085a6a1d7c5697d7b04","timestamp":"2024-12-27 01:02:36"}
{"level":"info","message":"GET /cars?user=675f7085a6a1d7c5697d7b04","timestamp":"2024-12-27 01:03:34"}
{"level":"info","message":"DELETE /cars/1e6115d9-bd04-419e-937c-9cd224e36642","timestamp":"2024-12-27 01:03:37"}
{"level":"info","message":"GET /cars?user=675f7085a6a1d7c5697d7b04","timestamp":"2024-12-27 01:03:37"}
{"level":"info","message":"POST /cars/","timestamp":"2024-12-27 01:04:11"}
{"level":"info","message":"GET /cars?user=675f7085a6a1d7c5697d7b04","timestamp":"2024-12-27 01:04:11"}
{"level":"info","message":"GET /cars?user=675f7085a6a1d7c5697d7b04","timestamp":"2024-12-27 01:04:35"}
{"level":"info","message":"GET /cars?limit=6","timestamp":"2024-12-27 01:04:36"}
{"level":"info","message":"GET /cars?limit=6","timestamp":"2024-12-27 01:04:37"}
{"level":"info","message":"GET /cars?user=675f7085a6a1d7c5697d7b04","timestamp":"2024-12-27 01:04:38"}
{"level":"info","message":"DELETE /cars/f535b4f0-9bd5-45ac-926c-8c071bc71732","timestamp":"2024-12-27 01:04:52"}
{"level":"info","message":"GET /cars?user=675f7085a6a1d7c5697d7b04","timestamp":"2024-12-27 01:04:52"}
{"level":"info","message":"GET /cars","timestamp":"2024-12-27 01:04:55"}
{"level":"info","message":"GET /cars?user=675f7085a6a1d7c5697d7b04","timestamp":"2024-12-27 01:04:55"}
{"level":"info","message":"DELETE /cars/f535b4f0-9bd5-45ac-926c-8c071bc71732","timestamp":"2024-12-27 01:06:01"}
{"level":"info","message":"GET /cars?user=675f7085a6a1d7c5697d7b04","timestamp":"2024-12-27 01:06:01"}
{"level":"info","message":"DELETE /cars/f535b4f0-9bd5-45ac-926c-8c071bc71732","timestamp":"2024-12-27 01:06:04"}
{"level":"info","message":"GET /cars?user=675f7085a6a1d7c5697d7b04","timestamp":"2024-12-27 01:06:04"}
{"level":"info","message":"DELETE /cars/f535b4f0-9bd5-45ac-926c-8c071bc71732","timestamp":"2024-12-27 01:08:38"}
{"level":"info","message":"GET /cars?user=675f7085a6a1d7c5697d7b04","timestamp":"2024-12-27 01:08:38"}
{"level":"info","message":"POST /cars/","timestamp":"2024-12-27 01:08:56"}
{"level":"info","message":"POST /users/token","timestamp":"2024-12-27 01:08:56"}
{"level":"info","message":"POST /cars/","timestamp":"2024-12-27 01:08:56"}
{"level":"info","message":"POST /cars/","timestamp":"2024-12-27 01:09:01"}
{"level":"info","message":"GET /cars?user=675f7085a6a1d7c5697d7b04","timestamp":"2024-12-27 01:09:01"}
{"level":"info","message":"DELETE /cars/baf49e1c-3aaf-4ffc-9588-d6b896d605a5","timestamp":"2024-12-27 01:09:10"}
{"level":"info","message":"GET /cars?user=675f7085a6a1d7c5697d7b04","timestamp":"2024-12-27 01:09:10"}
{"level":"info","message":"DELETE /cars/f535b4f0-9bd5-45ac-926c-8c071bc71732","timestamp":"2024-12-27 01:09:12"}
{"level":"info","message":"GET /cars?user=675f7085a6a1d7c5697d7b04","timestamp":"2024-12-27 01:09:12"}
{"level":"info","message":"GET /cars?limit=6","timestamp":"2024-12-27 01:10:15"}
{"level":"info","message":"GET /cars?limit=6","timestamp":"2024-12-27 01:10:15"}
{"level":"info","message":"GET /cars?user=675f7085a6a1d7c5697d7b04","timestamp":"2024-12-27 01:10:16"}
{"level":"info","message":"POST /cars/","timestamp":"2024-12-27 01:10:31"}
{"level":"info","message":"POST /users/token","timestamp":"2024-12-27 01:10:31"}
{"level":"info","message":"POST /cars/","timestamp":"2024-12-27 01:10:31"}
{"level":"info","message":"POST /cars/","timestamp":"2024-12-27 01:10:40"}
{"level":"info","message":"GET /cars?user=675f7085a6a1d7c5697d7b04","timestamp":"2024-12-27 01:10:40"}
{"level":"info","message":"DELETE /cars/79d87ab5-f8ff-4adb-af02-834420f3b2af","timestamp":"2024-12-27 01:12:22"}
{"level":"info","message":"GET /cars?user=675f7085a6a1d7c5697d7b04","timestamp":"2024-12-27 01:12:22"}
{"level":"info","message":"GET /cars?user=675f7085a6a1d7c5697d7b04","timestamp":"2024-12-27 01:12:27"}
{"level":"info","message":"POST /cars/","timestamp":"2024-12-27 01:12:59"}
{"level":"info","message":"GET /cars?user=675f7085a6a1d7c5697d7b04","timestamp":"2024-12-27 01:12:59"}
{"level":"info","message":"GET /cars?user=675f7085a6a1d7c5697d7b04","timestamp":"2024-12-27 01:13:34"}
{"level":"info","message":"GET /cars?user=675f7085a6a1d7c5697d7b04","timestamp":"2024-12-27 01:13:34"}
{"level":"info","message":"GET /cars?user=675f7085a6a1d7c5697d7b04","timestamp":"2024-12-27 01:13:35"}
{"level":"info","message":"GET /cars?limit=6","timestamp":"2024-12-27 01:13:35"}
{"level":"info","message":"GET /cars?limit=6","timestamp":"2024-12-27 01:13:36"}
{"level":"info","message":"GET /cars?limit=6","timestamp":"2024-12-27 01:13:36"}
{"level":"info","message":"GET /cars?limit=6","timestamp":"2024-12-27 01:13:36"}
{"level":"info","message":"GET /cars?limit=6","timestamp":"2024-12-27 01:13:37"}
{"level":"info","message":"GET /cars?limit=6","timestamp":"2024-12-27 01:13:37"}
{"level":"info","message":"GET /cars?user=675f7085a6a1d7c5697d7b04","timestamp":"2024-12-27 01:13:38"}
{"level":"info","message":"DELETE /cars/36a60b9e-ebe8-443f-8211-98ebfba48064","timestamp":"2024-12-27 01:13:40"}
{"level":"info","message":"GET /cars?user=675f7085a6a1d7c5697d7b04","timestamp":"2024-12-27 01:13:40"}
{"level":"info","message":"POST /cars/","timestamp":"2024-12-27 01:13:58"}
{"level":"info","message":"POST /users/token","timestamp":"2024-12-27 01:13:58"}
{"level":"info","message":"POST /cars/","timestamp":"2024-12-27 01:13:58"}
{"level":"info","message":"POST /cars/","timestamp":"2024-12-27 01:14:04"}
{"level":"info","message":"GET /cars?user=675f7085a6a1d7c5697d7b04","timestamp":"2024-12-27 01:14:04"}
{"level":"info","message":"DELETE /cars/b53f222d-5e0b-4d8f-b6c9-6ebbf9f9e699","timestamp":"2024-12-27 01:15:50"}
{"level":"info","message":"GET /cars?user=675f7085a6a1d7c5697d7b04","timestamp":"2024-12-27 01:15:50"}
{"level":"info","message":"DELETE /cars/36a60b9e-ebe8-443f-8211-98ebfba48064","timestamp":"2024-12-27 01:15:52"}
{"level":"info","message":"GET /cars?user=675f7085a6a1d7c5697d7b04","timestamp":"2024-12-27 01:15:52"}
{"level":"info","message":"GET /cars?limit=6","timestamp":"2024-12-27 01:17:27"}
{"level":"info","message":"GET /cars","timestamp":"2024-12-27 01:17:30"}
{"level":"info","message":"GET /cars?limit=6","timestamp":"2024-12-27 01:17:31"}
{"level":"info","message":"GET /cars?limit=6","timestamp":"2024-12-27 01:17:32"}
{"level":"info","message":"GET /cars?user=675f7085a6a1d7c5697d7b04","timestamp":"2024-12-27 01:17:33"}
{"level":"info","message":"POST /cars/","timestamp":"2024-12-27 01:17:48"}
{"level":"info","message":"POST /cars/","timestamp":"2024-12-27 01:18:31"}
{"level":"info","message":"GET /cars?user=675f7085a6a1d7c5697d7b04","timestamp":"2024-12-27 01:18:31"}
{"level":"info","message":"GET /cars?user=675f7085a6a1d7c5697d7b04","timestamp":"2024-12-27 01:23:19"}
{"level":"info","message":"GET /cars?limit=6","timestamp":"2024-12-27 01:23:19"}
{"level":"info","message":"GET /cars","timestamp":"2024-12-27 01:23:21"}
{"level":"info","message":"GET /cars?user=675f7085a6a1d7c5697d7b04","timestamp":"2024-12-27 01:23:21"}
{"level":"info","message":"DELETE /cars/c00d2340-41ac-4260-a90e-4b59055d7003","timestamp":"2024-12-27 01:23:24"}
{"level":"info","message":"GET /cars?user=675f7085a6a1d7c5697d7b04","timestamp":"2024-12-27 01:23:24"}
{"level":"info","message":"GET /cars?limit=6","timestamp":"2024-12-27 01:23:37"}
{"level":"info","message":"GET /cars?limit=6","timestamp":"2024-12-27 01:23:38"}
{"level":"info","message":"GET /cars?limit=6","timestamp":"2024-12-27 01:23:38"}
{"level":"info","message":"GET /cars?limit=6","timestamp":"2024-12-27 01:23:38"}
{"level":"info","message":"GET /cars?limit=6","timestamp":"2024-12-27 01:23:38"}
{"level":"info","message":"GET /cars?limit=6","timestamp":"2024-12-27 01:23:39"}
{"level":"info","message":"GET /cars?user=675f7085a6a1d7c5697d7b04","timestamp":"2024-12-27 01:23:40"}
{"level":"info","message":"DELETE /cars/2a35219c-1fa3-458c-a2e1-e951562510df","timestamp":"2024-12-27 01:23:43"}
{"level":"info","message":"GET /cars?user=675f7085a6a1d7c5697d7b04","timestamp":"2024-12-27 01:23:43"}
{"level":"info","message":"POST /cars/","timestamp":"2024-12-27 01:24:18"}
{"level":"info","message":"POST /users/token","timestamp":"2024-12-27 01:24:18"}
{"level":"info","message":"POST /cars/","timestamp":"2024-12-27 01:24:37"}
{"level":"info","message":"GET /cars?user=675f7085a6a1d7c5697d7b04","timestamp":"2024-12-27 01:24:37"}
{"level":"info","message":"DELETE /cars/3702790e-d3c5-471b-8f82-fab00b34f883","timestamp":"2024-12-27 01:24:42"}
{"level":"info","message":"GET /cars?user=675f7085a6a1d7c5697d7b04","timestamp":"2024-12-27 01:24:42"}
{"level":"info","message":"POST /cars/","timestamp":"2024-12-27 01:25:15"}
{"level":"info","message":"POST /cars/","timestamp":"2024-12-27 01:25:25"}
{"level":"info","message":"POST /cars/","timestamp":"2024-12-27 01:25:47"}
{"level":"info","message":"GET /cars?user=675f7085a6a1d7c5697d7b04","timestamp":"2024-12-27 01:25:47"}
{"level":"info","message":"DELETE /cars/fbb1bf99-1ba7-4176-84c0-46d2f4f71b79","timestamp":"2024-12-27 01:25:59"}
{"level":"info","message":"GET /cars?user=675f7085a6a1d7c5697d7b04","timestamp":"2024-12-27 01:25:59"}
{"level":"info","message":"GET /cars?user=675f7085a6a1d7c5697d7b04","timestamp":"2024-12-27 01:29:58"}
{"level":"info","message":"GET /cars?limit=6","timestamp":"2024-12-27 01:30:02"}
{"level":"info","message":"GET /cars","timestamp":"2024-12-27 01:30:03"}
{"level":"info","message":"GET /cars?user=675f7085a6a1d7c5697d7b04","timestamp":"2024-12-27 01:30:04"}
{"level":"info","message":"POST /cars/","timestamp":"2024-12-27 01:30:22"}
{"level":"info","message":"POST /cars/","timestamp":"2024-12-27 01:30:29"}
{"level":"info","message":"GET /cars?user=675f7085a6a1d7c5697d7b04","timestamp":"2024-12-27 01:30:29"}
{"level":"info","message":"DELETE /cars/ca70a0a0-d57a-4100-b527-c35ee0baa0a6","timestamp":"2024-12-27 01:30:37"}
{"level":"info","message":"GET /cars?user=675f7085a6a1d7c5697d7b04","timestamp":"2024-12-27 01:31:00"}
{"level":"info","message":"GET /cars?limit=6","timestamp":"2024-12-27 01:31:04"}
{"level":"info","message":"GET /cars?user=675f7085a6a1d7c5697d7b04","timestamp":"2024-12-27 01:31:04"}
{"level":"info","message":"POST /cars/","timestamp":"2024-12-27 01:31:28"}
{"level":"info","message":"GET /cars?user=675f7085a6a1d7c5697d7b04","timestamp":"2024-12-27 01:31:28"}
{"level":"info","message":"DELETE /cars/4e3aaa77-a1f1-4412-accc-3ea697802347","timestamp":"2024-12-27 01:31:32"}
{"level":"info","message":"GET /cars?user=675f7085a6a1d7c5697d7b04","timestamp":"2024-12-27 01:31:58"}
{"level":"info","message":"GET /cars?limit=6","timestamp":"2024-12-27 01:32:00"}
{"level":"info","message":"GET /cars?user=675f7085a6a1d7c5697d7b04","timestamp":"2024-12-27 01:32:01"}
{"level":"info","message":"POST /cars/","timestamp":"2024-12-27 01:32:17"}
{"level":"info","message":"GET /cars?user=675f7085a6a1d7c5697d7b04","timestamp":"2024-12-27 01:32:17"}
{"level":"info","message":"DELETE /cars/c5aaf0d9-d9ff-4364-b4e0-3a08456a41fd","timestamp":"2024-12-27 01:32:21"}
{"level":"info","message":"GET /cars?user=675f7085a6a1d7c5697d7b04","timestamp":"2024-12-27 01:32:21"}
{"level":"info","message":"GET /cars?limit=6","timestamp":"2024-12-27 01:32:33"}
{"level":"info","message":"GET /cars","timestamp":"2024-12-27 01:32:34"}
{"level":"info","message":"GET /cars?user=675f7085a6a1d7c5697d7b04","timestamp":"2024-12-27 01:32:35"}
{"level":"info","message":"DELETE /cars/2a35219c-1fa3-458c-a2e1-e951562510df","timestamp":"2024-12-27 01:32:37"}
{"level":"info","message":"GET /cars?user=675f7085a6a1d7c5697d7b04","timestamp":"2024-12-27 01:32:37"}
{"level":"info","message":"POST /cars/","timestamp":"2024-12-27 01:33:03"}
{"level":"info","message":"GET /cars?user=675f7085a6a1d7c5697d7b04","timestamp":"2024-12-27 01:33:03"}
{"level":"info","message":"GET /cars?limit=6","timestamp":"2024-12-27 01:33:12"}
{"level":"info","message":"GET /cars?limit=6","timestamp":"2024-12-27 01:33:14"}
{"level":"info","message":"GET /cars?user=675f7085a6a1d7c5697d7b04","timestamp":"2024-12-27 01:33:17"}
{"level":"info","message":"DELETE /cars/696cea7a-fd6b-4ed6-898e-1a012e273a54","timestamp":"2024-12-27 01:33:19"}
{"level":"info","message":"POST /users/token","timestamp":"2024-12-27 01:33:19"}
{"level":"info","message":"GET /cars?limit=6","timestamp":"2024-12-27 01:33:23"}
{"level":"info","message":"GET /cars?user=675f7085a6a1d7c5697d7b04","timestamp":"2024-12-27 01:33:24"}
{"level":"info","message":"GET /cars?limit=6","timestamp":"2024-12-27 11:18:19"}
{"level":"info","message":"GET /cars","timestamp":"2024-12-27 11:18:23"}
{"level":"info","message":"GET /cars?user=675f7085a6a1d7c5697d7b04","timestamp":"2024-12-27 11:18:28"}
{"level":"info","message":"DELETE /cars/696cea7a-fd6b-4ed6-898e-1a012e273a54","timestamp":"2024-12-27 11:18:30"}
{"level":"info","message":"POST /users/token","timestamp":"2024-12-27 11:18:30"}
{"level":"info","message":"GET /cars?limit=6","timestamp":"2024-12-27 11:18:42"}
{"level":"info","message":"GET /cars","timestamp":"2024-12-27 11:19:00"}
{"level":"info","message":"GET /cars?limit=6","timestamp":"2024-12-27 11:19:01"}
{"level":"info","message":"GET /cars","timestamp":"2024-12-27 11:19:02"}
{"level":"info","message":"GET /cars?limit=6","timestamp":"2024-12-27 11:19:03"}
{"level":"info","message":"GET /cars?limit=6","timestamp":"2024-12-27 11:19:04"}
{"level":"info","message":"GET /cars","timestamp":"2024-12-27 11:19:05"}
{"level":"info","message":"GET /cars?limit=6","timestamp":"2024-12-27 11:19:05"}
{"level":"info","message":"GET /cars?user=675f7085a6a1d7c5697d7b04","timestamp":"2024-12-27 11:19:07"}
{"level":"info","message":"DELETE /cars/696cea7a-fd6b-4ed6-898e-1a012e273a54","timestamp":"2024-12-27 11:19:10"}
{"level":"info","message":"POST /users/token","timestamp":"2024-12-27 11:19:10"}
{"level":"info","message":"GET /cars","timestamp":"2024-12-27 11:20:02"}
{"level":"info","message":"GET /cars","timestamp":"2024-12-27 11:20:05"}
{"level":"info","message":"GET /cars","timestamp":"2024-12-27 11:20:20"}
{"level":"info","message":"GET /cars?limit=6","timestamp":"2024-12-27 11:20:21"}
{"level":"info","message":"POST /users/login","timestamp":"2024-12-27 11:20:30"}
{"level":"info","message":"GET /cars?limit=6","timestamp":"2024-12-27 11:20:30"}
{"level":"info","message":"GET /cars?user=675f7085a6a1d7c5697d7b04","timestamp":"2024-12-27 11:20:34"}
{"level":"info","message":"GET /cars?limit=6","timestamp":"2024-12-27 11:20:47"}
{"level":"info","message":"GET /cars?limit=6","timestamp":"2024-12-27 11:20:48"}
{"level":"info","message":"GET /cars?limit=6","timestamp":"2024-12-27 11:20:49"}
{"level":"info","message":"GET /cars","timestamp":"2024-12-27 11:20:50"}
{"level":"info","message":"GET /cars?limit=6","timestamp":"2024-12-27 11:20:51"}
{"level":"info","message":"GET /cars","timestamp":"2024-12-27 11:20:56"}
{"level":"info","message":"GET /cars?limit=6","timestamp":"2024-12-27 11:20:57"}
{"level":"info","message":"GET /cars","timestamp":"2024-12-27 11:20:58"}
{"level":"info","message":"GET /cars?user=675f7085a6a1d7c5697d7b04","timestamp":"2024-12-27 11:20:59"}
{"level":"info","message":"DELETE /cars/696cea7a-fd6b-4ed6-898e-1a012e273a54","timestamp":"2024-12-27 11:21:03"}
{"level":"info","message":"POST /users/token","timestamp":"2024-12-27 11:21:03"}
{"level":"info","message":"POST /users/login","timestamp":"2024-12-27 11:22:42"}
{"level":"info","message":"GET /cars?limit=6","timestamp":"2024-12-27 11:22:42"}
{"level":"info","message":"GET /cars","timestamp":"2024-12-27 11:22:57"}
{"level":"info","message":"GET /cars?limit=6","timestamp":"2024-12-27 11:22:58"}
{"level":"info","message":"GET /cars?limit=6","timestamp":"2024-12-27 11:22:58"}
{"level":"info","message":"GET /cars","timestamp":"2024-12-27 11:22:59"}
{"level":"info","message":"POST /cars/","timestamp":"2024-12-27 11:23:33"}
{"level":"info","message":"POST /users/token","timestamp":"2024-12-27 11:23:33"}
{"level":"info","message":"GET /cars?limit=6","timestamp":"2024-12-27 11:23:45"}
{"level":"info","message":"POST /users/login","timestamp":"2024-12-27 11:23:51"}
{"level":"info","message":"GET /cars?limit=6","timestamp":"2024-12-27 11:23:51"}
{"level":"info","message":"GET /cars","timestamp":"2024-12-27 11:24:00"}
{"level":"info","message":"GET /cars?user=675f7085a6a1d7c5697d7b04","timestamp":"2024-12-27 11:24:06"}
{"level":"info","message":"GET /cars?user=675f7085a6a1d7c5697d7b04","timestamp":"2024-12-27 11:32:03"}
{"level":"info","message":"GET /cars?limit=6","timestamp":"2024-12-27 11:38:01"}
{"level":"info","message":"GET /cars","timestamp":"2024-12-27 11:38:03"}
{"level":"info","message":"GET /cars?user=675f7085a6a1d7c5697d7b04","timestamp":"2024-12-27 11:38:03"}
{"level":"info","message":"GET /cars?user=675f7085a6a1d7c5697d7b04","timestamp":"2024-12-27 11:47:40"}
{"level":"info","message":"GET /cars/696cea7a-fd6b-4ed6-898e-1a012e273a54","timestamp":"2024-12-27 11:47:47"}
{"level":"info","message":"PUT /cars/696cea7a-fd6b-4ed6-898e-1a012e273a54","timestamp":"2024-12-27 11:48:06"}
{"level":"info","message":"POST /users/token","timestamp":"2024-12-27 11:48:06"}
{"level":"info","message":"PUT /cars/696cea7a-fd6b-4ed6-898e-1a012e273a54","timestamp":"2024-12-27 11:48:15"}
{"level":"info","message":"GET /cars?user=675f7085a6a1d7c5697d7b04","timestamp":"2024-12-27 11:48:16"}
{"level":"info","message":"GET /cars","timestamp":"2024-12-27 12:06:38"}
{"level":"info","message":"GET /cars?limit=6","timestamp":"2024-12-27 12:06:47"}
{"level":"info","message":"POST /users","timestamp":"2024-12-27 12:07:51"}
{"level":"info","message":"GET /cars?limit=6","timestamp":"2024-12-27 12:07:51"}
{"level":"info","message":"POST /users/login","timestamp":"2024-12-27 12:08:40"}
{"level":"info","message":"GET /cars?limit=6","timestamp":"2024-12-27 12:08:40"}
{"level":"info","message":"GET /cars?user=676ec2c75fca7f63b165663e","timestamp":"2024-12-27 12:08:44"}
{"level":"info","message":"GET /cars?user=676ec2c75fca7f63b165663e&page=2","timestamp":"2024-12-27 12:08:57"}
{"level":"info","message":"GET /cars?user=676ec2c75fca7f63b165663e&page=1","timestamp":"2024-12-27 12:08:58"}
{"level":"info","message":"GET /cars?limit=6","timestamp":"2024-12-27 12:09:23"}
{"level":"info","message":"POST /users","timestamp":"2024-12-27 12:10:39"}
{"level":"info","message":"POST /users","timestamp":"2024-12-27 12:17:22"}
{"level":"info","message":"POST /users","timestamp":"2024-12-27 12:19:15"}
{"level":"info","message":"POST /users","timestamp":"2024-12-27 12:19:28"}
{"level":"info","message":"GET /cars?limit=6","timestamp":"2024-12-27 12:19:28"}
{"level":"info","message":"GET /cars","timestamp":"2024-12-27 19:50:54"}
{"level":"info","message":"GET /cars?page=2","timestamp":"2024-12-27 19:50:57"}
{"level":"info","message":"GET /cars?limit=6","timestamp":"2024-12-27 20:02:06"}
{"level":"info","message":"GET /cars?limit=6","timestamp":"2024-12-27 20:03:02"}
{"level":"info","message":"POST /users","timestamp":"2024-12-27 20:04:05"}
{"level":"info","message":"POST /users/login","timestamp":"2024-12-27 20:04:37"}
{"level":"info","message":"GET /cars?limit=6","timestamp":"2024-12-27 20:04:37"}
{"level":"info","message":"GET /cars?user=676ec5805fca7f63b1656651","timestamp":"2024-12-27 20:04:39"}
{"level":"info","message":"GET /cars","timestamp":"2024-12-27 20:04:50"}
{"level":"info","message":"GET /cars?user=676ec5805fca7f63b1656651","timestamp":"2024-12-27 20:07:09"}
{"level":"info","message":"GET /users/676ec5805fca7f63b1656651","timestamp":"2024-12-27 20:07:09"}
{"level":"info","message":"GET /users/676ec5805fca7f63b1656651","timestamp":"2024-12-27 20:07:54"}
{"level":"info","message":"GET /users/676ec5805fca7f63b1656651","timestamp":"2024-12-27 20:09:04"}
{"level":"info","message":"GET /users/676ec5805fca7f63b1656651","timestamp":"2024-12-27 20:11:09"}
{"level":"info","message":"GET /cars?limit=6","timestamp":"2024-12-27 20:11:15"}
{"level":"info","message":"GET /cars?limit=6","timestamp":"2024-12-27 20:11:16"}
{"level":"info","message":"GET /users/676ec5805fca7f63b1656651","timestamp":"2024-12-27 20:11:17"}
{"level":"info","message":"GET /cars/676ec5805fca7f63b1656651","timestamp":"2024-12-27 20:18:24"}
{"level":"info","message":"GET /cars?limit=6","timestamp":"2024-12-27 20:18:27"}
{"level":"info","message":"GET /cars","timestamp":"2024-12-27 20:18:28"}
{"level":"info","message":"GET /cars?user=676ec5805fca7f63b1656651","timestamp":"2024-12-27 20:18:29"}
{"level":"info","message":"GET /cars/676ec5805fca7f63b1656651","timestamp":"2024-12-27 20:18:31"}
{"level":"info","message":"GET /users/676ec5805fca7f63b1656651","timestamp":"2024-12-27 20:19:08"}
{"level":"info","message":"GET /users/676ec5805fca7f63b1656651","timestamp":"2024-12-27 20:19:46"}
{"level":"info","message":"GET /users/676ec5805fca7f63b1656651","timestamp":"2024-12-27 20:19:49"}
{"level":"info","message":"GET /cars","timestamp":"2024-12-27 20:19:51"}
{"level":"info","message":"GET /cars?user=676ec5805fca7f63b1656651","timestamp":"2024-12-27 20:19:52"}
{"level":"info","message":"GET /users/676ec5805fca7f63b1656651","timestamp":"2024-12-27 20:19:53"}
{"level":"info","message":"GET /users/676ec5805fca7f63b1656651","timestamp":"2024-12-27 20:20:16"}
{"level":"info","message":"GET /users/676ec5805fca7f63b1656651","timestamp":"2024-12-27 20:20:20"}
{"level":"info","message":"GET /cars?limit=6","timestamp":"2024-12-27 20:20:22"}
{"level":"info","message":"GET /cars?user=676ec5805fca7f63b1656651","timestamp":"2024-12-27 20:20:22"}
{"level":"info","message":"GET /users/676ec5805fca7f63b1656651","timestamp":"2024-12-27 20:20:24"}
{"level":"info","message":"GET /users/676ec5805fca7f63b1656651","timestamp":"2024-12-27 20:26:04"}
{"level":"info","message":"POST /users/token","timestamp":"2024-12-27 20:26:04"}
{"level":"info","message":"GET /cars?user=676ec5805fca7f63b1656651","timestamp":"2024-12-27 20:26:13"}
{"level":"info","message":"GET /users/676ec5805fca7f63b1656651","timestamp":"2024-12-27 20:26:13"}
{"level":"info","message":"GET /users/676ec5805fca7f63b1656651","timestamp":"2024-12-27 20:27:51"}
{"level":"info","message":"GET /users/676ec5805fca7f63b1656651","timestamp":"2024-12-27 20:29:27"}
{"level":"info","message":"GET /users/676ec5805fca7f63b1656651","timestamp":"2024-12-27 20:29:31"}
{"level":"info","message":"GET /users/676ec5805fca7f63b1656651","timestamp":"2024-12-27 20:31:56"}
{"level":"info","message":"GET /cars?limit=6","timestamp":"2024-12-27 20:31:59"}
{"level":"info","message":"GET /users/676ec5805fca7f63b1656651","timestamp":"2024-12-27 20:32:00"}
{"level":"info","message":"GET /users/676ec5805fca7f63b1656651","timestamp":"2024-12-27 20:34:12"}
{"level":"info","message":"GET /cars?limit=6","timestamp":"2024-12-27 20:34:20"}
{"level":"info","message":"GET /cars?limit=6","timestamp":"2024-12-27 20:34:22"}
{"level":"info","message":"GET /users/676ec5805fca7f63b1656651","timestamp":"2024-12-27 20:34:23"}
{"level":"info","message":"GET /users/676ec5805fca7f63b1656651","timestamp":"2024-12-27 20:37:44"}
{"level":"info","message":"GET /users/676ec5805fca7f63b1656651","timestamp":"2024-12-27 20:46:17"}
{"level":"info","message":"POST /users/token","timestamp":"2024-12-27 20:46:17"}
{"level":"info","message":"GET /cars?limit=6","timestamp":"2024-12-27 20:46:22"}
{"level":"info","message":"GET /users/676ec5805fca7f63b1656651","timestamp":"2024-12-27 20:46:23"}
{"level":"info","message":"GET /users/676ec5805fca7f63b1656651","timestamp":"2024-12-27 20:48:18"}
{"level":"info","message":"GET /cars?limit=6","timestamp":"2024-12-27 20:48:23"}
{"level":"info","message":"GET /cars?limit=6","timestamp":"2024-12-27 20:48:24"}
{"level":"info","message":"GET /users/676ec5805fca7f63b1656651","timestamp":"2024-12-27 20:48:25"}
{"level":"info","message":"PUT /users/676ec5805fca7f63b1656651","timestamp":"2024-12-27 20:48:37"}
{"level":"info","message":"GET /cars?limit=6","timestamp":"2024-12-27 20:48:37"}
{"level":"info","message":"GET /users/676ec5805fca7f63b1656651","timestamp":"2024-12-27 20:48:40"}
{"level":"info","message":"GET /users/676ec5805fca7f63b1656651","timestamp":"2024-12-27 20:49:48"}
{"level":"info","message":"GET /users/676ec5805fca7f63b1656651","timestamp":"2024-12-27 20:49:54"}
{"level":"info","message":"GET /cars?user=676ec5805fca7f63b1656651","timestamp":"2024-12-27 20:50:11"}
{"level":"info","message":"GET /cars","timestamp":"2024-12-27 20:50:13"}
{"level":"info","message":"GET /cars?limit=6","timestamp":"2024-12-27 20:50:15"}
